[2022-10-17T23:19:01.216Z] Log level: Info
[2022-10-17T23:19:01.217Z] [info] Validating found git in: git
[2022-10-17T23:19:01.225Z] [info] Using git 2.38.0 from git
[2022-10-17T23:19:01.232Z] > git rev-parse --show-toplevel [2ms]
[2022-10-17T23:19:01.237Z] > git rev-parse --git-dir --git-common-dir [1ms]
[2022-10-17T23:19:01.239Z] [info] Open repository: /home/ivan/CCDC
[2022-10-17T23:19:01.262Z] > git status -z -uall [19ms]
[2022-10-17T23:19:01.267Z] > git symbolic-ref --short HEAD [2ms]
[2022-10-17T23:19:01.272Z] > git for-each-ref --format=%(refname)%00%(upstream:short)%00%(objectname)%00%(upstream:track)%00%(upstream:remotename)%00%(upstream:remoteref) refs/heads/master refs/remotes/master [1ms]
[2022-10-17T23:19:01.283Z] > git remote --verbose [6ms]
[2022-10-17T23:19:01.283Z] > git for-each-ref --sort -committerdate --format %(refname) %(objectname) %(*objectname) [8ms]
[2022-10-17T23:19:01.289Z] > git config --get commit.template [1ms]
[2022-10-17T23:19:01.293Z] > git status -z -uall [1ms]
[2022-10-17T23:19:01.296Z] > git symbolic-ref --short HEAD [1ms]
[2022-10-17T23:19:01.299Z] > git for-each-ref --format=%(refname)%00%(upstream:short)%00%(objectname)%00%(upstream:track)%00%(upstream:remotename)%00%(upstream:remoteref) refs/heads/master refs/remotes/master [1ms]
[2022-10-17T23:19:01.306Z] > git for-each-ref --sort -committerdate --format %(refname) %(objectname) %(*objectname) [4ms]
[2022-10-17T23:19:01.306Z] > git remote --verbose [3ms]
[2022-10-17T23:19:01.310Z] > git config --get commit.template [1ms]
[2022-10-17T23:19:01.578Z] > git show --textconv :test1.go [2ms]
[2022-10-17T23:19:01.579Z] > git ls-files --stage -- /home/ivan/CCDC/test1.go [1ms]
[2022-10-17T23:19:01.770Z] > git check-ignore -v -z --stdin [1ms]
[2022-10-17T23:19:19.769Z] > git show --textconv :dir.go [7ms]
[2022-10-17T23:19:19.771Z] > git ls-files --stage -- /home/ivan/CCDC/dir.go [3ms]
[2022-10-17T23:19:20.055Z] > git check-ignore -v -z --stdin [1ms]
[2022-10-17T23:19:20.560Z] > git status -z -uall [0ms]
[2022-10-17T23:19:20.563Z] > git symbolic-ref --short HEAD [1ms]
[2022-10-17T23:19:20.565Z] > git for-each-ref --format=%(refname)%00%(upstream:short)%00%(objectname)%00%(upstream:track)%00%(upstream:remotename)%00%(upstream:remoteref) refs/heads/master refs/remotes/master [1ms]
[2022-10-17T23:19:20.569Z] > git remote --verbose [1ms]
[2022-10-17T23:19:20.569Z] > git for-each-ref --sort -committerdate --format %(refname) %(objectname) %(*objectname) [3ms]
[2022-10-17T23:19:20.572Z] > git config --get commit.template [1ms]
