[2022-10-13T02:13:35.512Z] Log level: Info
[2022-10-13T02:13:35.513Z] [info] Validating found git in: git
[2022-10-13T02:13:35.522Z] [info] Using git 2.38.0 from git
[2022-10-13T02:13:35.532Z] > git rev-parse --show-toplevel [3ms]
[2022-10-13T02:13:35.536Z] > git rev-parse --git-dir --git-common-dir [0ms]
[2022-10-13T02:13:35.540Z] [info] Open repository: /home/ivan/CCDC/godaedalus
[2022-10-13T02:13:35.561Z] > git status -z -uall [17ms]
[2022-10-13T02:13:35.570Z] > git symbolic-ref --short HEAD [6ms]
[2022-10-13T02:13:35.574Z] > git for-each-ref --format=%(refname)%00%(upstream:short)%00%(objectname)%00%(upstream:track)%00%(upstream:remotename)%00%(upstream:remoteref) refs/heads/main refs/remotes/main [1ms]
[2022-10-13T02:13:35.581Z] > git remote --verbose [2ms]
[2022-10-13T02:13:35.581Z] > git for-each-ref --sort -committerdate --format %(refname) %(objectname) %(*objectname) [4ms]
[2022-10-13T02:13:35.587Z] > git config --get commit.template [1ms]
[2022-10-13T02:13:35.591Z] > git status -z -uall [1ms]
[2022-10-13T02:13:35.594Z] > git symbolic-ref --short HEAD [0ms]
[2022-10-13T02:13:35.596Z] > git for-each-ref --format=%(refname)%00%(upstream:short)%00%(objectname)%00%(upstream:track)%00%(upstream:remotename)%00%(upstream:remoteref) refs/heads/main refs/remotes/main [0ms]
[2022-10-13T02:13:35.600Z] > git for-each-ref --sort -committerdate --format %(refname) %(objectname) %(*objectname) [2ms]
[2022-10-13T02:13:35.600Z] > git remote --verbose [0ms]
[2022-10-13T02:13:35.603Z] > git config --get commit.template [0ms]
[2022-10-13T02:13:35.888Z] > git ls-files --stage -- /home/ivan/CCDC/godaedalus/main.go [2ms]
[2022-10-13T02:13:35.890Z] > git show --textconv :main.go [6ms]
[2022-10-13T02:13:35.891Z] > git cat-file -s 2cb500607c6b3e1c9b79d7200867b1a6d1f1d14b [1ms]
[2022-10-13T02:13:36.054Z] > git check-ignore -v -z --stdin [0ms]
[2022-10-13T02:14:11.911Z] > git rev-parse --show-toplevel [0ms]
[2022-10-13T02:14:11.914Z] > git rev-parse --git-dir --git-common-dir [0ms]
[2022-10-13T02:14:11.916Z] [info] Open repository: /home/ivan
[2022-10-13T02:14:12.094Z] > git status -z -uall [176ms]
[2022-10-13T02:14:12.228Z] > git show --textconv :CCDC/test2.go [3ms]
[2022-10-13T02:14:12.228Z] > git ls-files --stage -- /home/ivan/CCDC/test2.go [0ms]
[2022-10-13T02:14:12.435Z] > git check-ignore -v -z --stdin [2ms]
[2022-10-13T02:14:12.435Z] > git check-ignore -v -z --stdin [0ms]
[2022-10-13T02:14:52.884Z] > git show --textconv :CCDC/test1.go [2ms]
[2022-10-13T02:14:52.884Z] > git ls-files --stage -- /home/ivan/CCDC/test1.go [0ms]
[2022-10-13T02:14:54.592Z] > git show --textconv :CCDC/test2.go [2ms]
[2022-10-13T02:14:54.592Z] > git ls-files --stage -- /home/ivan/CCDC/test2.go [1ms]
[2022-10-13T02:14:55.506Z] > git show --textconv :CCDC/test1.go [2ms]
[2022-10-13T02:14:55.507Z] > git ls-files --stage -- /home/ivan/CCDC/test1.go [0ms]
[2022-10-13T02:15:01.208Z] > git show --textconv :CCDC/test2.go [2ms]
[2022-10-13T02:15:01.209Z] > git ls-files --stage -- /home/ivan/CCDC/test2.go [1ms]
[2022-10-13T02:15:02.507Z] > git show --textconv :CCDC/test1.go [8ms]
[2022-10-13T02:15:02.508Z] > git ls-files --stage -- /home/ivan/CCDC/test1.go [2ms]
[2022-10-13T02:15:03.522Z] > git show --textconv :CCDC/test2.go [7ms]
[2022-10-13T02:15:03.523Z] > git ls-files --stage -- /home/ivan/CCDC/test2.go [2ms]
[2022-10-13T02:15:31.688Z] > git show --textconv :CCDC/test1.go [4ms]
[2022-10-13T02:15:31.688Z] > git ls-files --stage -- /home/ivan/CCDC/test1.go [0ms]
[2022-10-13T02:15:34.122Z] > git show --textconv :CCDC/test2.go [4ms]
[2022-10-13T02:15:34.122Z] > git ls-files --stage -- /home/ivan/CCDC/test2.go [1ms]
[2022-10-13T02:15:34.833Z] > git show --textconv :CCDC/test1.go [2ms]
[2022-10-13T02:15:34.834Z] > git ls-files --stage -- /home/ivan/CCDC/test1.go [1ms]
[2022-10-13T02:16:12.600Z] > git show --textconv :CCDC/test2.go [7ms]
[2022-10-13T02:16:12.601Z] > git ls-files --stage -- /home/ivan/CCDC/test2.go [2ms]
[2022-10-13T02:17:43.542Z] > git show --textconv :main.go [7ms]
[2022-10-13T02:17:43.543Z] > git ls-files --stage -- /home/ivan/CCDC/godaedalus/main.go [1ms]
[2022-10-13T02:17:43.547Z] > git cat-file -s 2cb500607c6b3e1c9b79d7200867b1a6d1f1d14b [1ms]
[2022-10-13T02:17:43.848Z] > git check-ignore -v -z --stdin [2ms]
[2022-10-13T02:18:20.022Z] > git show --textconv :CCDC/test2.go [7ms]
[2022-10-13T02:18:20.024Z] > git ls-files --stage -- /home/ivan/CCDC/test2.go [2ms]
[2022-10-13T02:18:22.019Z] > git show --textconv :main.go [4ms]
[2022-10-13T02:18:22.019Z] > git ls-files --stage -- /home/ivan/CCDC/godaedalus/main.go [0ms]
[2022-10-13T02:18:22.021Z] > git cat-file -s 2cb500607c6b3e1c9b79d7200867b1a6d1f1d14b [0ms]
[2022-10-13T02:18:24.342Z] > git status -z -uall [8ms]
[2022-10-13T02:18:24.349Z] > git symbolic-ref --short HEAD [1ms]
[2022-10-13T02:18:24.355Z] > git for-each-ref --format=%(refname)%00%(upstream:short)%00%(objectname)%00%(upstream:track)%00%(upstream:remotename)%00%(upstream:remoteref) refs/heads/main refs/remotes/main [1ms]
[2022-10-13T02:18:24.364Z] > git remote --verbose [1ms]
[2022-10-13T02:18:24.364Z] > git for-each-ref --sort -committerdate --format %(refname) %(objectname) %(*objectname) [5ms]
[2022-10-13T02:18:24.369Z] > git config --get commit.template [0ms]
[2022-10-13T02:18:25.861Z] > git show --textconv :CCDC/test2.go [7ms]
[2022-10-13T02:18:25.862Z] > git ls-files --stage -- /home/ivan/CCDC/test2.go [1ms]
[2022-10-13T02:18:29.991Z] > git show --textconv :main.go [4ms]
[2022-10-13T02:18:29.992Z] > git ls-files --stage -- /home/ivan/CCDC/godaedalus/main.go [1ms]
[2022-10-13T02:18:29.998Z] > git cat-file -s 2cb500607c6b3e1c9b79d7200867b1a6d1f1d14b [2ms]
[2022-10-13T02:18:41.789Z] > git show --textconv :CCDC/test2.go [7ms]
[2022-10-13T02:18:41.790Z] > git ls-files --stage -- /home/ivan/CCDC/test2.go [2ms]
[2022-10-13T02:18:44.220Z] > git show --textconv :main.go [2ms]
[2022-10-13T02:18:44.220Z] > git ls-files --stage -- /home/ivan/CCDC/godaedalus/main.go [0ms]
[2022-10-13T02:18:44.222Z] > git cat-file -s 2cb500607c6b3e1c9b79d7200867b1a6d1f1d14b [0ms]
[2022-10-13T02:18:54.939Z] > git status -z -uall [3ms]
[2022-10-13T02:18:54.941Z] > git symbolic-ref --short HEAD [0ms]
[2022-10-13T02:18:54.943Z] > git for-each-ref --format=%(refname)%00%(upstream:short)%00%(objectname)%00%(upstream:track)%00%(upstream:remotename)%00%(upstream:remoteref) refs/heads/main refs/remotes/main [0ms]
[2022-10-13T02:18:54.947Z] > git for-each-ref --sort -committerdate --format %(refname) %(objectname) %(*objectname) [2ms]
[2022-10-13T02:18:54.948Z] > git remote --verbose [1ms]
[2022-10-13T02:18:54.950Z] > git config --get commit.template [0ms]
[2022-10-13T02:19:02.689Z] > git show --textconv :CCDC/test2.go [5ms]
[2022-10-13T02:19:02.689Z] > git ls-files --stage -- /home/ivan/CCDC/test2.go [1ms]
[2022-10-13T02:21:46.100Z] > git status -z -uall [1ms]
[2022-10-13T02:21:46.103Z] > git symbolic-ref --short HEAD [1ms]
[2022-10-13T02:21:46.112Z] > git for-each-ref --format=%(refname)%00%(upstream:short)%00%(objectname)%00%(upstream:track)%00%(upstream:remotename)%00%(upstream:remoteref) refs/heads/main refs/remotes/main [7ms]
[2022-10-13T02:21:46.116Z] > git for-each-ref --sort -committerdate --format %(refname) %(objectname) %(*objectname) [2ms]
[2022-10-13T02:21:46.116Z] > git remote --verbose [0ms]
[2022-10-13T02:21:46.120Z] > git config --get commit.template [1ms]
[2022-10-13T02:21:47.930Z] > git show --textconv :main.go [4ms]
[2022-10-13T02:21:47.930Z] > git ls-files --stage -- /home/ivan/CCDC/godaedalus/main.go [1ms]
[2022-10-13T02:21:47.932Z] > git cat-file -s 4707db29922340ab01aa762431195c09cc31ec3e [0ms]
[2022-10-13T02:21:50.874Z] > git show --textconv :CCDC/test1.go [3ms]
[2022-10-13T02:21:50.874Z] > git ls-files --stage -- /home/ivan/CCDC/test1.go [1ms]
[2022-10-13T02:21:51.124Z] > git status -z -uall [1ms]
[2022-10-13T02:21:51.126Z] > git symbolic-ref --short HEAD [0ms]
[2022-10-13T02:21:51.129Z] > git for-each-ref --format=%(refname)%00%(upstream:short)%00%(objectname)%00%(upstream:track)%00%(upstream:remotename)%00%(upstream:remoteref) refs/heads/main refs/remotes/main [0ms]
[2022-10-13T02:21:51.133Z] > git for-each-ref --sort -committerdate --format %(refname) %(objectname) %(*objectname) [3ms]
[2022-10-13T02:21:51.133Z] > git remote --verbose [1ms]
[2022-10-13T02:21:51.135Z] > git config --get commit.template [0ms]
[2022-10-13T02:22:15.539Z] > git show --textconv :CCDC/test2.go [7ms]
[2022-10-13T02:22:15.540Z] > git ls-files --stage -- /home/ivan/CCDC/test2.go [2ms]
[2022-10-13T02:22:57.536Z] > git show --textconv :CCDC/test1.go [9ms]
[2022-10-13T02:22:57.536Z] > git ls-files --stage -- /home/ivan/CCDC/test1.go [1ms]
[2022-10-13T02:26:55.880Z] > git status -z -uall [1ms]
[2022-10-13T02:26:55.882Z] > git symbolic-ref --short HEAD [0ms]
[2022-10-13T02:26:55.882Z] fatal: ref HEAD is not a symbolic ref
[2022-10-13T02:26:55.885Z] > git rev-parse HEAD [1ms]
[2022-10-13T02:26:55.889Z] > git for-each-ref --sort -committerdate --format %(refname) %(objectname) %(*objectname) [2ms]
[2022-10-13T02:26:55.889Z] > git remote --verbose [1ms]
[2022-10-13T02:26:55.892Z] > git show -s --format=%H%n%aN%n%aE%n%at%n%ct%n%P%n%D%n%B -z 10dba4ebd448aafa3ab1651df1256bf9242a093c [1ms]
[2022-10-13T02:26:55.895Z] > git config --get commit.template [1ms]
[2022-10-13T02:27:00.905Z] > git status -z -uall [2ms]
[2022-10-13T02:27:00.911Z] > git symbolic-ref --short HEAD [2ms]
[2022-10-13T02:27:00.911Z] fatal: ref HEAD is not a symbolic ref
[2022-10-13T02:27:00.918Z] > git rev-parse HEAD [2ms]
[2022-10-13T02:27:00.930Z] > git for-each-ref --sort -committerdate --format %(refname) %(objectname) %(*objectname) [7ms]
[2022-10-13T02:27:00.930Z] > git remote --verbose [1ms]
[2022-10-13T02:27:00.936Z] > git show -s --format=%H%n%aN%n%aE%n%at%n%ct%n%P%n%D%n%B -z 10dba4ebd448aafa3ab1651df1256bf9242a093c [1ms]
[2022-10-13T02:27:00.942Z] > git config --get commit.template [1ms]
[2022-10-13T02:27:02.435Z] > git show --textconv :main.go [7ms]
[2022-10-13T02:27:02.436Z] > git ls-files --stage -- /home/ivan/CCDC/godaedalus/main.go [1ms]
[2022-10-13T02:28:04.940Z] > git show --textconv :CCDC/test1.go [7ms]
[2022-10-13T02:28:04.941Z] > git ls-files --stage -- /home/ivan/CCDC/test1.go [2ms]
[2022-10-13T02:28:15.688Z] > git show --textconv :main.go [7ms]
[2022-10-13T02:28:15.689Z] > git ls-files --stage -- /home/ivan/CCDC/godaedalus/main.go [2ms]
[2022-10-13T02:28:16.465Z] > git status -z -uall [2ms]
[2022-10-13T02:28:16.470Z] > git symbolic-ref --short HEAD [2ms]
[2022-10-13T02:28:16.470Z] fatal: ref HEAD is not a symbolic ref
[2022-10-13T02:28:16.478Z] > git rev-parse HEAD [2ms]
[2022-10-13T02:28:16.488Z] > git for-each-ref --sort -committerdate --format %(refname) %(objectname) %(*objectname) [4ms]
[2022-10-13T02:28:16.489Z] > git remote --verbose [2ms]
[2022-10-13T02:28:16.495Z] > git show -s --format=%H%n%aN%n%aE%n%at%n%ct%n%P%n%D%n%B -z 10dba4ebd448aafa3ab1651df1256bf9242a093c [2ms]
[2022-10-13T02:28:16.501Z] > git config --get commit.template [1ms]
[2022-10-13T02:28:35.738Z] > git status -z -uall [2ms]
[2022-10-13T02:28:35.741Z] > git symbolic-ref --short HEAD [1ms]
[2022-10-13T02:28:35.741Z] fatal: ref HEAD is not a symbolic ref
[2022-10-13T02:28:35.743Z] > git rev-parse HEAD [1ms]
[2022-10-13T02:28:35.753Z] > git for-each-ref --sort -committerdate --format %(refname) %(objectname) %(*objectname) [6ms]
[2022-10-13T02:28:35.754Z] > git remote --verbose [2ms]
[2022-10-13T02:28:35.760Z] > git show -s --format=%H%n%aN%n%aE%n%at%n%ct%n%P%n%D%n%B -z 10dba4ebd448aafa3ab1651df1256bf9242a093c [1ms]
[2022-10-13T02:28:35.767Z] > git config --get commit.template [1ms]
[2022-10-13T02:29:53.912Z] > git status -z -uall [0ms]
[2022-10-13T02:29:53.916Z] > git symbolic-ref --short HEAD [2ms]
[2022-10-13T02:29:53.918Z] > git ls-files --stage -- /home/ivan/CCDC/godaedalus/main.go [2ms]
[2022-10-13T02:29:53.919Z] > git for-each-ref --format=%(refname)%00%(upstream:short)%00%(objectname)%00%(upstream:track)%00%(upstream:remotename)%00%(upstream:remoteref) refs/heads/main refs/remotes/main [1ms]
[2022-10-13T02:29:53.923Z] > git remote --verbose [1ms]
[2022-10-13T02:29:53.923Z] > git for-each-ref --sort -committerdate --format %(refname) %(objectname) %(*objectname) [3ms]
[2022-10-13T02:29:53.928Z] > git show --textconv :main.go [2ms]
[2022-10-13T02:29:53.929Z] > git config --get commit.template [1ms]
[2022-10-13T02:29:55.843Z] > git show --textconv :CCDC/test1.go [7ms]
[2022-10-13T02:29:55.844Z] > git ls-files --stage -- /home/ivan/CCDC/test1.go [2ms]
[2022-10-13T02:29:58.933Z] > git status -z -uall [1ms]
[2022-10-13T02:29:58.936Z] > git symbolic-ref --short HEAD [1ms]
[2022-10-13T02:29:58.938Z] > git for-each-ref --format=%(refname)%00%(upstream:short)%00%(objectname)%00%(upstream:track)%00%(upstream:remotename)%00%(upstream:remoteref) refs/heads/main refs/remotes/main [0ms]
[2022-10-13T02:29:58.942Z] > git for-each-ref --sort -committerdate --format %(refname) %(objectname) %(*objectname) [2ms]
[2022-10-13T02:29:58.942Z] > git remote --verbose [0ms]
[2022-10-13T02:29:58.945Z] > git config --get commit.template [0ms]
[2022-10-13T02:30:48.395Z] > git status -z -uall [1ms]
[2022-10-13T02:30:48.399Z] > git symbolic-ref --short HEAD [1ms]
[2022-10-13T02:30:48.401Z] > git for-each-ref --format=%(refname)%00%(upstream:short)%00%(objectname)%00%(upstream:track)%00%(upstream:remotename)%00%(upstream:remoteref) refs/heads/main refs/remotes/main [0ms]
[2022-10-13T02:30:48.405Z] > git for-each-ref --sort -committerdate --format %(refname) %(objectname) %(*objectname) [2ms]
[2022-10-13T02:30:48.405Z] > git remote --verbose [0ms]
[2022-10-13T02:30:48.409Z] > git config --get commit.template [0ms]
[2022-10-13T02:30:50.201Z] > git show --textconv :main.go [4ms]
[2022-10-13T02:30:50.202Z] > git ls-files --stage -- /home/ivan/CCDC/godaedalus/main.go [2ms]
[2022-10-13T02:30:50.209Z] > git cat-file -s e1e46d02e367353987212d562a8b7bd20a97ebbc [2ms]
[2022-10-13T02:32:27.974Z] > git status -z -uall [1ms]
[2022-10-13T02:32:27.978Z] > git symbolic-ref --short HEAD [2ms]
[2022-10-13T02:32:27.981Z] > git ls-files --stage -- /home/ivan/CCDC/godaedalus/main.go [3ms]
[2022-10-13T02:32:27.983Z] > git for-each-ref --format=%(refname)%00%(upstream:short)%00%(objectname)%00%(upstream:track)%00%(upstream:remotename)%00%(upstream:remoteref) refs/heads/main refs/remotes/main [3ms]
[2022-10-13T02:32:27.987Z] > git for-each-ref --sort -committerdate --format %(refname) %(objectname) %(*objectname) [3ms]
[2022-10-13T02:32:27.987Z] > git cat-file -s e1e46d02e367353987212d562a8b7bd20a97ebbc [5ms]
[2022-10-13T02:32:27.987Z] > git remote --verbose [1ms]
[2022-10-13T02:32:27.991Z] > git config --get commit.template [1ms]
[2022-10-13T02:32:28.026Z] > git show --textconv :main.go [1ms]
[2022-10-13T02:32:32.994Z] > git status -z -uall [0ms]
[2022-10-13T02:32:32.997Z] > git symbolic-ref --short HEAD [1ms]
[2022-10-13T02:32:32.999Z] > git for-each-ref --format=%(refname)%00%(upstream:short)%00%(objectname)%00%(upstream:track)%00%(upstream:remotename)%00%(upstream:remoteref) refs/heads/main refs/remotes/main [1ms]
[2022-10-13T02:32:33.003Z] > git remote --verbose [1ms]
[2022-10-13T02:32:33.003Z] > git for-each-ref --sort -committerdate --format %(refname) %(objectname) %(*objectname) [2ms]
[2022-10-13T02:32:33.006Z] > git config --get commit.template [0ms]
[2022-10-13T02:33:21.441Z] > git status -z -uall [2ms]
[2022-10-13T02:33:21.451Z] > git symbolic-ref --short HEAD [2ms]
[2022-10-13T02:33:21.458Z] > git for-each-ref --format=%(refname)%00%(upstream:short)%00%(objectname)%00%(upstream:track)%00%(upstream:remotename)%00%(upstream:remoteref) refs/heads/main refs/remotes/main [2ms]
[2022-10-13T02:33:21.470Z] > git for-each-ref --sort -committerdate --format %(refname) %(objectname) %(*objectname) [6ms]
[2022-10-13T02:33:21.470Z] > git remote --verbose [1ms]
[2022-10-13T02:33:21.478Z] > git config --get commit.template [1ms]
[2022-10-13T02:34:29.828Z] > git status -z -uall [1ms]
[2022-10-13T02:34:29.832Z] > git symbolic-ref --short HEAD [2ms]
[2022-10-13T02:34:29.834Z] > git ls-files --stage -- /home/ivan/CCDC/godaedalus/main.go [2ms]
[2022-10-13T02:34:29.836Z] > git for-each-ref --format=%(refname)%00%(upstream:short)%00%(objectname)%00%(upstream:track)%00%(upstream:remotename)%00%(upstream:remoteref) refs/heads/main refs/remotes/main [2ms]
[2022-10-13T02:34:29.840Z] > git for-each-ref --sort -committerdate --format %(refname) %(objectname) %(*objectname) [2ms]
[2022-10-13T02:34:29.840Z] > git cat-file -s be1735113634253dc4d918725e94ed82a48c543a [4ms]
[2022-10-13T02:34:29.840Z] > git remote --verbose [1ms]
[2022-10-13T02:34:29.843Z] > git config --get commit.template [0ms]
[2022-10-13T02:34:29.848Z] > git show --textconv :main.go [0ms]
[2022-10-13T02:34:54.837Z] > git status -z -uall [1ms]
[2022-10-13T02:34:54.840Z] > git symbolic-ref --short HEAD [1ms]
[2022-10-13T02:34:54.842Z] > git for-each-ref --format=%(refname)%00%(upstream:short)%00%(objectname)%00%(upstream:track)%00%(upstream:remotename)%00%(upstream:remoteref) refs/heads/main refs/remotes/main [1ms]
[2022-10-13T02:34:54.846Z] > git remote --verbose [1ms]
[2022-10-13T02:34:54.846Z] > git for-each-ref --sort -committerdate --format %(refname) %(objectname) %(*objectname) [2ms]
[2022-10-13T02:34:54.849Z] > git config --get commit.template [1ms]
[2022-10-13T02:39:39.419Z] > git status -z -uall [1ms]
[2022-10-13T02:39:39.423Z] > git symbolic-ref --short HEAD [2ms]
[2022-10-13T02:39:39.425Z] > git ls-files --stage -- /home/ivan/CCDC/godaedalus/main.go [2ms]
[2022-10-13T02:39:39.426Z] > git for-each-ref --format=%(refname)%00%(upstream:short)%00%(objectname)%00%(upstream:track)%00%(upstream:remotename)%00%(upstream:remoteref) refs/heads/main refs/remotes/main [1ms]
[2022-10-13T02:39:39.430Z] > git remote --verbose [0ms]
[2022-10-13T02:39:39.430Z] > git for-each-ref --sort -committerdate --format %(refname) %(objectname) %(*objectname) [2ms]
[2022-10-13T02:39:39.430Z] > git cat-file -s be1735113634253dc4d918725e94ed82a48c543a [4ms]
[2022-10-13T02:39:39.433Z] > git config --get commit.template [0ms]
[2022-10-13T02:39:39.438Z] > git show --textconv :main.go [1ms]
[2022-10-13T02:39:44.444Z] > git status -z -uall [2ms]
[2022-10-13T02:39:44.452Z] > git symbolic-ref --short HEAD [2ms]
[2022-10-13T02:39:44.459Z] > git for-each-ref --format=%(refname)%00%(upstream:short)%00%(objectname)%00%(upstream:track)%00%(upstream:remotename)%00%(upstream:remoteref) refs/heads/main refs/remotes/main [2ms]
[2022-10-13T02:39:44.472Z] > git for-each-ref --sort -committerdate --format %(refname) %(objectname) %(*objectname) [6ms]
[2022-10-13T02:39:44.473Z] > git remote --verbose [2ms]
[2022-10-13T02:39:44.480Z] > git config --get commit.template [1ms]
[2022-10-13T02:45:19.404Z] > git status -z -uall [1ms]
[2022-10-13T02:45:19.408Z] > git symbolic-ref --short HEAD [2ms]
[2022-10-13T02:45:19.410Z] > git ls-files --stage -- /home/ivan/CCDC/godaedalus/main.go [2ms]
[2022-10-13T02:45:19.412Z] > git for-each-ref --format=%(refname)%00%(upstream:short)%00%(objectname)%00%(upstream:track)%00%(upstream:remotename)%00%(upstream:remoteref) refs/heads/main refs/remotes/main [2ms]
[2022-10-13T02:45:19.416Z] > git for-each-ref --sort -committerdate --format %(refname) %(objectname) %(*objectname) [2ms]
[2022-10-13T02:45:19.416Z] > git cat-file -s 1fe4cb66046a9da1acabec04d4768802148a5dab [4ms]
[2022-10-13T02:45:19.416Z] > git remote --verbose [1ms]
[2022-10-13T02:45:19.419Z] > git config --get commit.template [0ms]
[2022-10-13T02:45:19.424Z] > git show --textconv :main.go [1ms]
[2022-10-13T02:45:31.897Z] > git status -z -uall [1ms]
[2022-10-13T02:45:31.899Z] > git symbolic-ref --short HEAD [0ms]
[2022-10-13T02:45:31.902Z] > git for-each-ref --format=%(refname)%00%(upstream:short)%00%(objectname)%00%(upstream:track)%00%(upstream:remotename)%00%(upstream:remoteref) refs/heads/main refs/remotes/main [1ms]
[2022-10-13T02:45:31.906Z] > git for-each-ref --sort -committerdate --format %(refname) %(objectname) %(*objectname) [2ms]
[2022-10-13T02:45:31.906Z] > git remote --verbose [1ms]
[2022-10-13T02:45:31.908Z] > git config --get commit.template [0ms]
[2022-10-13T04:15:08.350Z] > git status -z -uall [3ms]
[2022-10-13T04:15:08.358Z] > git symbolic-ref --short HEAD [1ms]
[2022-10-13T04:15:08.366Z] > git for-each-ref --format=%(refname)%00%(upstream:short)%00%(objectname)%00%(upstream:track)%00%(upstream:remotename)%00%(upstream:remoteref) refs/heads/main refs/remotes/main [2ms]
[2022-10-13T04:15:08.377Z] > git for-each-ref --sort -committerdate --format %(refname) %(objectname) %(*objectname) [6ms]
[2022-10-13T04:15:08.378Z] > git remote --verbose [2ms]
[2022-10-13T04:15:08.384Z] > git config --get commit.template [0ms]
