[2022-10-16T02:08:45.844Z] Log level: Info
[2022-10-16T02:08:45.846Z] [info] Validating found git in: git
[2022-10-16T02:08:45.856Z] [info] Using git 2.38.0 from git
[2022-10-16T02:08:45.876Z] > git rev-parse --show-toplevel [10ms]
[2022-10-16T02:08:45.883Z] > git rev-parse --git-dir --git-common-dir [1ms]
[2022-10-16T02:08:45.888Z] [info] Open repository: /home/ivan/CCDC/godaedalus
[2022-10-16T02:08:45.927Z] > git status -z -uall [33ms]
[2022-10-16T02:08:45.933Z] > git symbolic-ref --short HEAD [1ms]
[2022-10-16T02:08:45.939Z] > git for-each-ref --format=%(refname)%00%(upstream:short)%00%(objectname)%00%(upstream:track)%00%(upstream:remotename)%00%(upstream:remoteref) refs/heads/main refs/remotes/main [2ms]
[2022-10-16T02:08:45.947Z] > git remote --verbose [1ms]
[2022-10-16T02:08:45.948Z] > git for-each-ref --sort -committerdate --format %(refname) %(objectname) %(*objectname) [5ms]
[2022-10-16T02:08:45.956Z] > git config --get commit.template [1ms]
[2022-10-16T02:08:45.962Z] > git status -z -uall [1ms]
[2022-10-16T02:08:45.979Z] > git symbolic-ref --short HEAD [14ms]
[2022-10-16T02:08:45.984Z] > git for-each-ref --format=%(refname)%00%(upstream:short)%00%(objectname)%00%(upstream:track)%00%(upstream:remotename)%00%(upstream:remoteref) refs/heads/main refs/remotes/main [2ms]
[2022-10-16T02:08:45.990Z] > git remote --verbose [1ms]
[2022-10-16T02:08:45.991Z] > git for-each-ref --sort -committerdate --format %(refname) %(objectname) %(*objectname) [4ms]
[2022-10-16T02:08:45.995Z] > git config --get commit.template [1ms]
[2022-10-16T02:08:46.232Z] > git show --textconv :main.go [4ms]
[2022-10-16T02:08:46.232Z] > git ls-files --stage -- /home/ivan/CCDC/godaedalus/main.go [1ms]
[2022-10-16T02:08:46.236Z] > git cat-file -s 1fe4cb66046a9da1acabec04d4768802148a5dab [1ms]
[2022-10-16T02:08:46.431Z] > git check-ignore -v -z --stdin [1ms]
[2022-10-16T02:09:15.091Z] > git status -z -uall [1ms]
[2022-10-16T02:09:15.096Z] > git symbolic-ref --short HEAD [2ms]
[2022-10-16T02:09:15.104Z] > git for-each-ref --format=%(refname)%00%(upstream:short)%00%(objectname)%00%(upstream:track)%00%(upstream:remotename)%00%(upstream:remoteref) refs/heads/main refs/remotes/main [2ms]
[2022-10-16T02:09:15.116Z] > git for-each-ref --sort -committerdate --format %(refname) %(objectname) %(*objectname) [6ms]
[2022-10-16T02:09:15.116Z] > git remote --verbose [2ms]
[2022-10-16T02:09:15.121Z] > git config --get commit.template [1ms]
[2022-10-16T02:09:15.199Z] > git ls-files --stage -- /home/ivan/CCDC/godaedalus/main.go [2ms]
[2022-10-16T02:09:15.208Z] > git cat-file -s 1fe4cb66046a9da1acabec04d4768802148a5dab [3ms]
[2022-10-16T02:09:15.219Z] > git show --textconv :main.go [2ms]
[2022-10-16T02:30:28.347Z] > git rev-parse --show-toplevel [0ms]
[2022-10-16T02:30:28.350Z] > git rev-parse --git-dir --git-common-dir [0ms]
[2022-10-16T02:30:28.352Z] [info] Open repository: /home/ivan
[2022-10-16T02:30:28.590Z] > git status -z -uall [234ms]
[2022-10-16T02:30:28.669Z] > git show --textconv :CCDC/test2.go [4ms]
[2022-10-16T02:30:28.670Z] > git ls-files --stage -- /home/ivan/CCDC/test2.go [2ms]
[2022-10-16T02:30:28.880Z] > git check-ignore -v -z --stdin [4ms]
[2022-10-16T02:30:28.881Z] > git check-ignore -v -z --stdin [1ms]
[2022-10-16T02:30:34.353Z] > git symbolic-ref --short HEAD [1ms]
[2022-10-16T02:30:34.364Z] > git for-each-ref --format=%(refname)%00%(upstream:short)%00%(objectname)%00%(upstream:track)%00%(upstream:remotename)%00%(upstream:remoteref) refs/heads/new refs/remotes/new [8ms]
[2022-10-16T02:30:34.370Z] > git remote --verbose [0ms]
[2022-10-16T02:30:34.370Z] > git for-each-ref --sort -committerdate --format %(refname) %(objectname) %(*objectname) [3ms]
[2022-10-16T02:30:34.448Z] > git config --get commit.template [3ms]
[2022-10-16T02:34:27.586Z] > git show --textconv :CCDC/test1.go [3ms]
[2022-10-16T02:34:27.586Z] > git ls-files --stage -- /home/ivan/CCDC/test1.go [0ms]
[2022-10-16T02:34:33.970Z] > git show --textconv :CCDC/test2.go [3ms]
[2022-10-16T02:34:33.970Z] > git ls-files --stage -- /home/ivan/CCDC/test2.go [1ms]
[2022-10-16T02:36:41.300Z] > git show --textconv :main.go [3ms]
[2022-10-16T02:36:41.300Z] > git ls-files --stage -- /home/ivan/CCDC/godaedalus/main.go [0ms]
[2022-10-16T02:36:41.303Z] > git cat-file -s 1fe4cb66046a9da1acabec04d4768802148a5dab [1ms]
[2022-10-16T02:36:41.619Z] > git check-ignore -v -z --stdin [3ms]
[2022-10-16T02:38:04.520Z] > git show --textconv :CCDC/test2.go [7ms]
[2022-10-16T02:38:04.522Z] > git ls-files --stage -- /home/ivan/CCDC/test2.go [2ms]
[2022-10-16T02:41:28.236Z] > git show --textconv :main.go [3ms]
[2022-10-16T02:41:28.237Z] > git ls-files --stage -- /home/ivan/CCDC/godaedalus/main.go [1ms]
[2022-10-16T02:41:28.241Z] > git cat-file -s 1fe4cb66046a9da1acabec04d4768802148a5dab [0ms]
[2022-10-16T02:41:40.841Z] > git status -z -uall [2ms]
[2022-10-16T02:41:40.850Z] > git symbolic-ref --short HEAD [2ms]
[2022-10-16T02:41:40.858Z] > git for-each-ref --format=%(refname)%00%(upstream:short)%00%(objectname)%00%(upstream:track)%00%(upstream:remotename)%00%(upstream:remoteref) refs/heads/main refs/remotes/main [2ms]
[2022-10-16T02:41:40.871Z] > git remote --verbose [2ms]
[2022-10-16T02:41:40.871Z] > git for-each-ref --sort -committerdate --format %(refname) %(objectname) %(*objectname) [7ms]
[2022-10-16T02:41:40.880Z] > git config --get commit.template [0ms]
[2022-10-16T02:43:56.932Z] > git show --textconv :CCDC/test1.go [4ms]
[2022-10-16T02:43:56.933Z] > git ls-files --stage -- /home/ivan/CCDC/test1.go [2ms]
[2022-10-16T02:44:42.109Z] > git show --textconv :main.go [3ms]
[2022-10-16T02:44:42.109Z] > git ls-files --stage -- /home/ivan/CCDC/godaedalus/main.go [0ms]
[2022-10-16T02:44:42.112Z] > git cat-file -s 1fe4cb66046a9da1acabec04d4768802148a5dab [0ms]
[2022-10-16T23:58:11.192Z] > git show --textconv :CCDC/test2.go [2ms]
[2022-10-16T23:58:11.193Z] > git ls-files --stage -- /home/ivan/CCDC/test2.go [1ms]
[2022-10-16T23:58:12.079Z] > git show --textconv :CCDC/test1.go [4ms]
[2022-10-16T23:58:12.079Z] > git ls-files --stage -- /home/ivan/CCDC/test1.go [0ms]
