2025-01-08 23:27:32 Loading main app package /usr/lib/obsidian/obsidian.asar
2025-01-08 23:27:32 Checking for update using Github
2025-01-08 23:27:33 Success.
2025-01-08 23:27:33 Latest version is 1.7.7
2025-01-08 23:27:33 App is up to date.
2025-01-08 23:40:14 Loading main app package /usr/lib/obsidian/obsidian.asar
2025-01-08 23:40:15 Checking for update using Github
2025-01-08 23:40:15 Success.
2025-01-08 23:40:15 Latest version is 1.7.7
2025-01-08 23:40:15 App is up to date.
2025-01-09 06:38:40 Loading main app package /usr/lib/obsidian/obsidian.asar
2025-01-09 06:38:40 Checking for update using Github
2025-01-09 06:38:40 Success.
2025-01-09 06:38:40 Latest version is 1.7.7
2025-01-09 06:38:40 App is up to date.
2025-01-09 06:41:54 Loading main app package /usr/lib/obsidian/obsidian.asar
2025-01-09 06:41:54 Checking for update using Github
2025-01-09 06:42:03 Loading main app package /usr/lib/obsidian/obsidian.asar
2025-01-09 06:42:03 Checking for update using Github
2025-01-09 06:44:04 Loading main app package /usr/lib/obsidian/obsidian.asar
2025-01-09 06:44:05 Checking for update using Github
2025-01-09 06:44:05 Success.
2025-01-09 06:44:05 Latest version is 1.7.7
2025-01-09 06:44:05 App is up to date.
