[2022-10-20T18:13:22.715Z] Log level: Info
[2022-10-20T18:13:22.716Z] [info] Validating found git in: git
[2022-10-20T18:13:22.722Z] [info] Using git 2.38.1 from git
[2022-10-20T18:13:22.735Z] > git rev-parse --show-toplevel [8ms]
[2022-10-20T18:13:22.749Z] > git rev-parse --git-dir --git-common-dir [10ms]
[2022-10-20T18:13:22.751Z] [info] Open repository: /home/ivan/CCDC
[2022-10-20T18:13:22.759Z] > git status -z -uall [5ms]
[2022-10-20T18:13:22.761Z] > git symbolic-ref --short HEAD [0ms]
[2022-10-20T18:13:22.764Z] > git for-each-ref --format=%(refname)%00%(upstream:short)%00%(objectname)%00%(upstream:track)%00%(upstream:remotename)%00%(upstream:remoteref) refs/heads/master refs/remotes/master [1ms]
[2022-10-20T18:13:22.769Z] > git remote --verbose [1ms]
[2022-10-20T18:13:22.769Z] > git for-each-ref --sort -committerdate --format %(refname) %(objectname) %(*objectname) [2ms]
[2022-10-20T18:13:22.775Z] > git config --get commit.template [2ms]
[2022-10-20T18:13:22.779Z] > git status -z -uall [1ms]
[2022-10-20T18:13:22.782Z] > git symbolic-ref --short HEAD [1ms]
[2022-10-20T18:13:22.784Z] > git for-each-ref --format=%(refname)%00%(upstream:short)%00%(objectname)%00%(upstream:track)%00%(upstream:remotename)%00%(upstream:remoteref) refs/heads/master refs/remotes/master [0ms]
[2022-10-20T18:13:22.224Z] > git for-each-ref --sort -committerdate --format %(refname) %(objectname) %(*objectname) [2ms]
[2022-10-20T18:13:22.225Z] > git remote --verbose [1ms]
[2022-10-20T18:13:22.227Z] > git config --get commit.template [0ms]
[2022-10-20T18:13:22.533Z] > git show --textconv :dir.go [4ms]
[2022-10-20T18:13:22.533Z] > git ls-files --stage -- /home/ivan/CCDC/dir.go [2ms]
[2022-10-20T18:13:22.714Z] > git check-ignore -v -z --stdin [1ms]
[2022-10-20T18:13:25.644Z] > git show --textconv :test1.go [7ms]
[2022-10-20T18:13:25.645Z] > git ls-files --stage -- /home/ivan/CCDC/test1.go [2ms]
[2022-10-20T18:13:48.701Z] > git show --textconv :godaedalus/main.go [3ms]
[2022-10-20T18:13:48.701Z] > git ls-files --stage -- /home/ivan/CCDC/godaedalus/main.go [1ms]
[2022-10-20T18:13:49.005Z] > git check-ignore -v -z --stdin [1ms]
[2022-10-20T18:14:15.712Z] > git show --textconv :dir.go [3ms]
[2022-10-20T18:14:15.712Z] > git ls-files --stage -- /home/ivan/CCDC/dir.go [1ms]
[2022-10-20T18:14:17.692Z] > git show --textconv :test2.go [2ms]
[2022-10-20T18:14:17.693Z] > git ls-files --stage -- /home/ivan/CCDC/test2.go [1ms]
[2022-10-20T18:14:23.347Z] > git show --textconv :dir.go [7ms]
[2022-10-20T18:14:23.348Z] > git ls-files --stage -- /home/ivan/CCDC/dir.go [2ms]
[2022-10-20T18:14:24.085Z] > git show --textconv :test1.go [2ms]
[2022-10-20T18:14:24.086Z] > git ls-files --stage -- /home/ivan/CCDC/test1.go [1ms]
[2022-10-20T18:14:25.261Z] > git show --textconv :godaedalus/main.go [2ms]
[2022-10-20T18:14:25.261Z] > git ls-files --stage -- /home/ivan/CCDC/godaedalus/main.go [0ms]
[2022-10-20T18:14:48.946Z] > git show --textconv :test2.go [3ms]
[2022-10-20T18:14:48.946Z] > git ls-files --stage -- /home/ivan/CCDC/test2.go [1ms]
[2022-10-20T18:14:50.655Z] > git show --textconv :godaedalus/main.go [7ms]
[2022-10-20T18:14:50.656Z] > git ls-files --stage -- /home/ivan/CCDC/godaedalus/main.go [2ms]
[2022-10-20T18:14:51.540Z] > git show --textconv :test2.go [2ms]
[2022-10-20T18:14:51.540Z] > git ls-files --stage -- /home/ivan/CCDC/test2.go [0ms]
[2022-10-20T18:15:17.798Z] > git status -z -uall [0ms]
[2022-10-20T18:15:17.801Z] > git symbolic-ref --short HEAD [1ms]
[2022-10-20T18:15:17.803Z] > git for-each-ref --format=%(refname)%00%(upstream:short)%00%(objectname)%00%(upstream:track)%00%(upstream:remotename)%00%(upstream:remoteref) refs/heads/master refs/remotes/master [1ms]
[2022-10-20T18:15:17.807Z] > git remote --verbose [0ms]
[2022-10-20T18:15:17.807Z] > git for-each-ref --sort -committerdate --format %(refname) %(objectname) %(*objectname) [2ms]
[2022-10-20T18:15:17.810Z] > git config --get commit.template [0ms]
[2022-10-20T18:15:43.063Z] > git status -z -uall [2ms]
[2022-10-20T18:15:43.071Z] > git symbolic-ref --short HEAD [2ms]
[2022-10-20T18:15:43.078Z] > git for-each-ref --format=%(refname)%00%(upstream:short)%00%(objectname)%00%(upstream:track)%00%(upstream:remotename)%00%(upstream:remoteref) refs/heads/master refs/remotes/master [1ms]
[2022-10-20T18:15:43.090Z] > git for-each-ref --sort -committerdate --format %(refname) %(objectname) %(*objectname) [6ms]
[2022-10-20T18:15:43.090Z] > git remote --verbose [2ms]
[2022-10-20T18:15:43.097Z] > git config --get commit.template [2ms]
[2022-10-20T18:16:20.983Z] > git status -z -uall [1ms]
[2022-10-20T18:16:20.985Z] > git symbolic-ref --short HEAD [1ms]
[2022-10-20T18:16:20.987Z] > git for-each-ref --format=%(refname)%00%(upstream:short)%00%(objectname)%00%(upstream:track)%00%(upstream:remotename)%00%(upstream:remoteref) refs/heads/master refs/remotes/master [1ms]
[2022-10-20T18:16:20.991Z] > git for-each-ref --sort -committerdate --format %(refname) %(objectname) %(*objectname) [3ms]
[2022-10-20T18:16:20.991Z] > git remote --verbose [1ms]
[2022-10-20T18:16:20.993Z] > git config --get commit.template [0ms]
[2022-10-20T18:16:25.998Z] > git status -z -uall [1ms]
[2022-10-20T18:16:26.000Z] > git symbolic-ref --short HEAD [0ms]
[2022-10-20T18:16:26.003Z] > git for-each-ref --format=%(refname)%00%(upstream:short)%00%(objectname)%00%(upstream:track)%00%(upstream:remotename)%00%(upstream:remoteref) refs/heads/master refs/remotes/master [1ms]
[2022-10-20T18:16:26.007Z] > git remote --verbose [0ms]
[2022-10-20T18:16:26.007Z] > git for-each-ref --sort -committerdate --format %(refname) %(objectname) %(*objectname) [2ms]
[2022-10-20T18:16:26.010Z] > git config --get commit.template [0ms]
[2022-10-20T18:44:11.530Z] > git show --textconv :test1.go [2ms]
[2022-10-20T18:44:11.531Z] > git ls-files --stage -- /home/ivan/CCDC/test1.go [1ms]
[2022-10-20T18:44:27.038Z] > git show --textconv :test2.go [6ms]
[2022-10-20T18:44:27.039Z] > git ls-files --stage -- /home/ivan/CCDC/test2.go [2ms]
[2022-10-20T18:44:34.813Z] > git show --textconv :test1.go [2ms]
[2022-10-20T18:44:34.813Z] > git ls-files --stage -- /home/ivan/CCDC/test1.go [0ms]
[2022-10-20T18:44:36.353Z] > git show --textconv :test2.go [7ms]
[2022-10-20T18:44:36.354Z] > git ls-files --stage -- /home/ivan/CCDC/test2.go [2ms]
[2022-10-20T18:44:37.474Z] > git show --textconv :test1.go [2ms]
[2022-10-20T18:44:37.474Z] > git ls-files --stage -- /home/ivan/CCDC/test1.go [0ms]
[2022-10-20T18:44:38.803Z] > git show --textconv :test2.go [6ms]
[2022-10-20T18:44:38.804Z] > git ls-files --stage -- /home/ivan/CCDC/test2.go [1ms]
[2022-10-20T18:44:40.025Z] > git show --textconv :test1.go [1ms]
[2022-10-20T18:44:40.026Z] > git ls-files --stage -- /home/ivan/CCDC/test1.go [1ms]
[2022-10-20T18:44:52.494Z] > git show --textconv :test2.go [2ms]
[2022-10-20T18:44:52.495Z] > git ls-files --stage -- /home/ivan/CCDC/test2.go [1ms]
[2022-10-20T18:45:02.704Z] > git show --textconv :test1.go [2ms]
[2022-10-20T18:45:02.704Z] > git ls-files --stage -- /home/ivan/CCDC/test1.go [0ms]
[2022-10-20T18:45:05.361Z] > git show --textconv :test2.go [6ms]
[2022-10-20T18:45:05.362Z] > git ls-files --stage -- /home/ivan/CCDC/test2.go [1ms]
[2022-10-20T18:45:07.350Z] > git show --textconv :test1.go [2ms]
[2022-10-20T18:45:07.350Z] > git ls-files --stage -- /home/ivan/CCDC/test1.go [0ms]
[2022-10-20T18:45:29.667Z] > git show --textconv :test2.go [3ms]
[2022-10-20T18:45:29.667Z] > git ls-files --stage -- /home/ivan/CCDC/test2.go [0ms]
[2022-10-20T18:45:34.152Z] > git show --textconv :test1.go [2ms]
[2022-10-20T18:45:34.152Z] > git ls-files --stage -- /home/ivan/CCDC/test1.go [0ms]
[2022-10-20T18:46:00.948Z] > git show --textconv :test2.go [7ms]
[2022-10-20T18:46:00.949Z] > git ls-files --stage -- /home/ivan/CCDC/test2.go [2ms]
[2022-10-20T18:46:06.697Z] > git show --textconv :test1.go [5ms]
[2022-10-20T18:46:06.703Z] > git ls-files --stage -- /home/ivan/CCDC/test1.go [7ms]
[2022-10-20T18:47:18.220Z] > git show --textconv :test2.go [7ms]
[2022-10-20T18:47:18.221Z] > git ls-files --stage -- /home/ivan/CCDC/test2.go [2ms]
[2022-10-20T18:47:20.409Z] > git show --textconv :test1.go [2ms]
[2022-10-20T18:47:20.409Z] > git ls-files --stage -- /home/ivan/CCDC/test1.go [0ms]
[2022-10-20T18:48:23.294Z] > git status -z -uall [3ms]
[2022-10-20T18:48:23.300Z] > git symbolic-ref --short HEAD [2ms]
[2022-10-20T18:48:23.307Z] > git for-each-ref --format=%(refname)%00%(upstream:short)%00%(objectname)%00%(upstream:track)%00%(upstream:remotename)%00%(upstream:remoteref) refs/heads/master refs/remotes/master [2ms]
[2022-10-20T18:48:23.318Z] > git for-each-ref --sort -committerdate --format %(refname) %(objectname) %(*objectname) [6ms]
[2022-10-20T18:48:23.319Z] > git remote --verbose [2ms]
[2022-10-20T18:48:23.326Z] > git config --get commit.template [1ms]
[2022-10-20T18:48:30.085Z] > git status -z -uall [0ms]
[2022-10-20T18:48:30.087Z] > git symbolic-ref --short HEAD [0ms]
[2022-10-20T18:48:30.089Z] > git for-each-ref --format=%(refname)%00%(upstream:short)%00%(objectname)%00%(upstream:track)%00%(upstream:remotename)%00%(upstream:remoteref) refs/heads/master refs/remotes/master [0ms]
[2022-10-20T18:48:30.093Z] > git remote --verbose [0ms]
[2022-10-20T18:48:30.093Z] > git for-each-ref --sort -committerdate --format %(refname) %(objectname) %(*objectname) [2ms]
[2022-10-20T18:48:30.096Z] > git config --get commit.template [0ms]
[2022-10-20T18:50:26.352Z] > git show --textconv :godaedalus/main.go [6ms]
[2022-10-20T18:50:26.353Z] > git ls-files --stage -- /home/ivan/CCDC/godaedalus/main.go [1ms]
[2022-10-20T18:50:30.225Z] > git show --textconv :test1.go [2ms]
[2022-10-20T18:50:30.225Z] > git ls-files --stage -- /home/ivan/CCDC/test1.go [0ms]
[2022-10-20T18:52:12.938Z] > git show --textconv :godaedalus/main.go [6ms]
[2022-10-20T18:52:12.939Z] > git ls-files --stage -- /home/ivan/CCDC/godaedalus/main.go [1ms]
[2022-10-20T18:52:28.088Z] > git show --textconv :dir.go [3ms]
[2022-10-20T18:52:28.088Z] > git ls-files --stage -- /home/ivan/CCDC/dir.go [0ms]
[2022-10-20T18:52:29.079Z] > git show --textconv :test1.go [3ms]
[2022-10-20T18:52:29.079Z] > git ls-files --stage -- /home/ivan/CCDC/test1.go [1ms]
[2022-10-20T18:53:00.551Z] > git show --textconv :godaedalus/main.go [2ms]
[2022-10-20T18:53:00.551Z] > git ls-files --stage -- /home/ivan/CCDC/godaedalus/main.go [0ms]
[2022-10-20T18:53:02.334Z] > git show --textconv :test1.go [2ms]
[2022-10-20T18:53:02.334Z] > git ls-files --stage -- /home/ivan/CCDC/test1.go [0ms]
[2022-10-20T18:54:48.246Z] > git show --textconv :godaedalus/main.go [6ms]
[2022-10-20T18:54:48.247Z] > git ls-files --stage -- /home/ivan/CCDC/godaedalus/main.go [1ms]
[2022-10-20T18:54:51.932Z] > git show --textconv :test1.go [5ms]
[2022-10-20T18:54:51.932Z] > git ls-files --stage -- /home/ivan/CCDC/test1.go [1ms]
[2022-10-20T18:59:50.596Z] > git show --textconv :godaedalus/main.go [6ms]
[2022-10-20T18:59:50.597Z] > git ls-files --stage -- /home/ivan/CCDC/godaedalus/main.go [2ms]
[2022-10-20T18:59:52.038Z] > git show --textconv :test1.go [2ms]
[2022-10-20T18:59:52.038Z] > git ls-files --stage -- /home/ivan/CCDC/test1.go [0ms]
[2022-10-20T19:20:45.025Z] > git show --textconv :test1.go [6ms]
[2022-10-20T19:20:45.026Z] > git ls-files --stage -- /home/ivan/CCDC/test1.go [1ms]
[2022-10-20T19:20:45.830Z] > git status -z -uall [2ms]
[2022-10-20T19:20:45.839Z] > git symbolic-ref --short HEAD [1ms]
[2022-10-20T19:20:45.846Z] > git for-each-ref --format=%(refname)%00%(upstream:short)%00%(objectname)%00%(upstream:track)%00%(upstream:remotename)%00%(upstream:remoteref) refs/heads/master refs/remotes/master [1ms]
[2022-10-20T19:20:45.857Z] > git remote --verbose [1ms]
[2022-10-20T19:20:45.858Z] > git for-each-ref --sort -committerdate --format %(refname) %(objectname) %(*objectname) [7ms]
[2022-10-20T19:20:45.863Z] > git config --get commit.template [0ms]
[2022-10-20T19:20:50.868Z] > git status -z -uall [0ms]
[2022-10-20T19:20:50.871Z] > git symbolic-ref --short HEAD [0ms]
[2022-10-20T19:20:50.874Z] > git for-each-ref --format=%(refname)%00%(upstream:short)%00%(objectname)%00%(upstream:track)%00%(upstream:remotename)%00%(upstream:remoteref) refs/heads/master refs/remotes/master [1ms]
[2022-10-20T19:20:50.878Z] > git for-each-ref --sort -committerdate --format %(refname) %(objectname) %(*objectname) [3ms]
[2022-10-20T19:20:50.878Z] > git remote --verbose [1ms]
[2022-10-20T19:20:50.881Z] > git config --get commit.template [0ms]
[2022-10-20T19:21:33.812Z] > git status -z -uall [1ms]
[2022-10-20T19:21:33.815Z] > git symbolic-ref --short HEAD [1ms]
[2022-10-20T19:21:33.817Z] > git for-each-ref --format=%(refname)%00%(upstream:short)%00%(objectname)%00%(upstream:track)%00%(upstream:remotename)%00%(upstream:remoteref) refs/heads/master refs/remotes/master [1ms]
[2022-10-20T19:21:33.821Z] > git for-each-ref --sort -committerdate --format %(refname) %(objectname) %(*objectname) [2ms]
[2022-10-20T19:21:33.821Z] > git remote --verbose [0ms]
[2022-10-20T19:21:33.824Z] > git config --get commit.template [1ms]
[2022-10-20T19:35:05.522Z] > git status -z -uall [0ms]
[2022-10-20T19:35:05.525Z] > git symbolic-ref --short HEAD [1ms]
[2022-10-20T19:35:05.527Z] > git for-each-ref --format=%(refname)%00%(upstream:short)%00%(objectname)%00%(upstream:track)%00%(upstream:remotename)%00%(upstream:remoteref) refs/heads/master refs/remotes/master [1ms]
[2022-10-20T19:35:05.530Z] > git for-each-ref --sort -committerdate --format %(refname) %(objectname) %(*objectname) [2ms]
[2022-10-20T19:35:05.530Z] > git remote --verbose [0ms]
[2022-10-20T19:35:05.533Z] > git config --get commit.template [1ms]
[2022-10-20T19:36:39.253Z] > git status -z -uall [2ms]
[2022-10-20T19:36:39.261Z] > git symbolic-ref --short HEAD [2ms]
[2022-10-20T19:36:39.268Z] > git for-each-ref --format=%(refname)%00%(upstream:short)%00%(objectname)%00%(upstream:track)%00%(upstream:remotename)%00%(upstream:remoteref) refs/heads/master refs/remotes/master [2ms]
[2022-10-20T19:36:39.280Z] > git remote --verbose [1ms]
[2022-10-20T19:36:39.280Z] > git for-each-ref --sort -committerdate --format %(refname) %(objectname) %(*objectname) [6ms]
[2022-10-20T19:36:39.286Z] > git config --get commit.template [1ms]
[2022-10-20T19:37:03.413Z] > git status -z -uall [0ms]
[2022-10-20T19:37:03.416Z] > git symbolic-ref --short HEAD [1ms]
[2022-10-20T19:37:03.418Z] > git for-each-ref --format=%(refname)%00%(upstream:short)%00%(objectname)%00%(upstream:track)%00%(upstream:remotename)%00%(upstream:remoteref) refs/heads/master refs/remotes/master [1ms]
[2022-10-20T19:37:03.421Z] > git for-each-ref --sort -committerdate --format %(refname) %(objectname) %(*objectname) [1ms]
[2022-10-20T19:37:03.422Z] > git remote --verbose [1ms]
[2022-10-20T19:37:03.424Z] > git config --get commit.template [0ms]
[2022-10-20T19:37:20.598Z] > git status -z -uall [0ms]
[2022-10-20T19:37:20.601Z] > git symbolic-ref --short HEAD [1ms]
[2022-10-20T19:37:20.603Z] > git for-each-ref --format=%(refname)%00%(upstream:short)%00%(objectname)%00%(upstream:track)%00%(upstream:remotename)%00%(upstream:remoteref) refs/heads/master refs/remotes/master [1ms]
[2022-10-20T19:37:20.607Z] > git for-each-ref --sort -committerdate --format %(refname) %(objectname) %(*objectname) [2ms]
[2022-10-20T19:37:20.607Z] > git remote --verbose [1ms]
[2022-10-20T19:37:20.609Z] > git config --get commit.template [0ms]
[2022-10-20T19:37:35.220Z] > git status -z -uall [2ms]
[2022-10-20T19:37:35.227Z] > git symbolic-ref --short HEAD [1ms]
[2022-10-20T19:37:35.234Z] > git for-each-ref --format=%(refname)%00%(upstream:short)%00%(objectname)%00%(upstream:track)%00%(upstream:remotename)%00%(upstream:remoteref) refs/heads/master refs/remotes/master [1ms]
[2022-10-20T19:37:35.245Z] > git for-each-ref --sort -committerdate --format %(refname) %(objectname) %(*objectname) [6ms]
[2022-10-20T19:37:35.246Z] > git remote --verbose [2ms]
[2022-10-20T19:37:35.253Z] > git config --get commit.template [1ms]
[2022-10-20T19:38:00.243Z] > git status -z -uall [0ms]
[2022-10-20T19:38:00.246Z] > git symbolic-ref --short HEAD [1ms]
[2022-10-20T19:38:00.248Z] > git for-each-ref --format=%(refname)%00%(upstream:short)%00%(objectname)%00%(upstream:track)%00%(upstream:remotename)%00%(upstream:remoteref) refs/heads/master refs/remotes/master [0ms]
[2022-10-20T19:38:00.252Z] > git for-each-ref --sort -committerdate --format %(refname) %(objectname) %(*objectname) [2ms]
[2022-10-20T19:38:00.252Z] > git remote --verbose [1ms]
[2022-10-20T19:38:00.254Z] > git config --get commit.template [0ms]
[2022-10-20T19:38:18.180Z] > git status -z -uall [1ms]
[2022-10-20T19:38:18.182Z] > git symbolic-ref --short HEAD [0ms]
[2022-10-20T19:38:18.184Z] > git for-each-ref --format=%(refname)%00%(upstream:short)%00%(objectname)%00%(upstream:track)%00%(upstream:remotename)%00%(upstream:remoteref) refs/heads/master refs/remotes/master [0ms]
[2022-10-20T19:38:18.188Z] > git remote --verbose [1ms]
[2022-10-20T19:38:18.188Z] > git for-each-ref --sort -committerdate --format %(refname) %(objectname) %(*objectname) [2ms]
[2022-10-20T19:38:18.191Z] > git config --get commit.template [1ms]
[2022-10-20T19:38:31.171Z] > git show --textconv :test2.go [2ms]
[2022-10-20T19:38:31.171Z] > git ls-files --stage -- /home/ivan/CCDC/test2.go [0ms]
[2022-10-20T19:38:37.806Z] > git show --textconv :test1.go [1ms]
[2022-10-20T19:38:37.807Z] > git ls-files --stage -- /home/ivan/CCDC/test1.go [1ms]
[2022-10-20T19:38:42.290Z] > git show --textconv :test2.go [7ms]
[2022-10-20T19:38:42.291Z] > git ls-files --stage -- /home/ivan/CCDC/test2.go [2ms]
[2022-10-20T19:38:46.717Z] > git show --textconv :test1.go [6ms]
[2022-10-20T19:38:46.719Z] > git ls-files --stage -- /home/ivan/CCDC/test1.go [2ms]
[2022-10-20T19:39:13.888Z] > git status -z -uall [0ms]
[2022-10-20T19:39:13.890Z] > git symbolic-ref --short HEAD [0ms]
[2022-10-20T19:39:13.892Z] > git for-each-ref --format=%(refname)%00%(upstream:short)%00%(objectname)%00%(upstream:track)%00%(upstream:remotename)%00%(upstream:remoteref) refs/heads/master refs/remotes/master [0ms]
[2022-10-20T19:39:13.896Z] > git remote --verbose [1ms]
[2022-10-20T19:39:13.896Z] > git for-each-ref --sort -committerdate --format %(refname) %(objectname) %(*objectname) [2ms]
[2022-10-20T19:39:13.898Z] > git config --get commit.template [0ms]
[2022-10-20T19:39:27.776Z] > git status -z -uall [2ms]
[2022-10-20T19:39:27.781Z] > git symbolic-ref --short HEAD [1ms]
[2022-10-20T19:39:27.789Z] > git for-each-ref --format=%(refname)%00%(upstream:short)%00%(objectname)%00%(upstream:track)%00%(upstream:remotename)%00%(upstream:remoteref) refs/heads/master refs/remotes/master [2ms]
[2022-10-20T19:39:27.800Z] > git for-each-ref --sort -committerdate --format %(refname) %(objectname) %(*objectname) [6ms]
[2022-10-20T19:39:27.800Z] > git remote --verbose [1ms]
[2022-10-20T19:39:27.807Z] > git config --get commit.template [1ms]
[2022-10-20T19:40:14.289Z] > git status -z -uall [2ms]
[2022-10-20T19:40:14.296Z] > git symbolic-ref --short HEAD [1ms]
[2022-10-20T19:40:14.303Z] > git for-each-ref --format=%(refname)%00%(upstream:short)%00%(objectname)%00%(upstream:track)%00%(upstream:remotename)%00%(upstream:remoteref) refs/heads/master refs/remotes/master [2ms]
[2022-10-20T19:40:14.314Z] > git for-each-ref --sort -committerdate --format %(refname) %(objectname) %(*objectname) [6ms]
[2022-10-20T19:40:14.314Z] > git remote --verbose [1ms]
[2022-10-20T19:40:14.320Z] > git config --get commit.template [0ms]
[2022-10-20T19:40:32.514Z] > git status -z -uall [1ms]
[2022-10-20T19:40:32.517Z] > git symbolic-ref --short HEAD [1ms]
[2022-10-20T19:40:32.519Z] > git for-each-ref --format=%(refname)%00%(upstream:short)%00%(objectname)%00%(upstream:track)%00%(upstream:remotename)%00%(upstream:remoteref) refs/heads/master refs/remotes/master [1ms]
[2022-10-20T19:40:32.522Z] > git remote --verbose [0ms]
[2022-10-20T19:40:32.522Z] > git for-each-ref --sort -committerdate --format %(refname) %(objectname) %(*objectname) [2ms]
[2022-10-20T19:40:32.525Z] > git config --get commit.template [0ms]
[2022-10-20T19:40:37.535Z] > git status -z -uall [2ms]
[2022-10-20T19:40:37.537Z] > git symbolic-ref --short HEAD [0ms]
[2022-10-20T19:40:37.544Z] > git for-each-ref --format=%(refname)%00%(upstream:short)%00%(objectname)%00%(upstream:track)%00%(upstream:remotename)%00%(upstream:remoteref) refs/heads/master refs/remotes/master [1ms]
[2022-10-20T19:40:37.547Z] > git for-each-ref --sort -committerdate --format %(refname) %(objectname) %(*objectname) [2ms]
[2022-10-20T19:40:37.547Z] > git remote --verbose [0ms]
[2022-10-20T19:40:37.549Z] > git config --get commit.template [0ms]
[2022-10-20T19:44:01.690Z] > git status -z -uall [1ms]
[2022-10-20T19:44:01.692Z] > git symbolic-ref --short HEAD [1ms]
[2022-10-20T19:44:01.694Z] > git for-each-ref --format=%(refname)%00%(upstream:short)%00%(objectname)%00%(upstream:track)%00%(upstream:remotename)%00%(upstream:remoteref) refs/heads/master refs/remotes/master [0ms]
[2022-10-20T19:44:01.698Z] > git for-each-ref --sort -committerdate --format %(refname) %(objectname) %(*objectname) [2ms]
[2022-10-20T19:44:01.698Z] > git remote --verbose [0ms]
[2022-10-20T19:44:01.700Z] > git config --get commit.template [0ms]
[2022-10-20T19:47:10.081Z] > git show --textconv :godaedalus/main.go [2ms]
[2022-10-20T19:47:10.081Z] > git ls-files --stage -- /home/ivan/CCDC/godaedalus/main.go [0ms]
[2022-10-20T19:47:22.302Z] > git show --textconv :dir.go [7ms]
[2022-10-20T19:47:22.303Z] > git ls-files --stage -- /home/ivan/CCDC/dir.go [2ms]
[2022-10-20T19:47:22.976Z] > git show --textconv :godaedalus/main.go [2ms]
[2022-10-20T19:47:22.977Z] > git ls-files --stage -- /home/ivan/CCDC/godaedalus/main.go [1ms]
[2022-10-20T19:47:28.326Z] > git show --textconv :dir.go [2ms]
[2022-10-20T19:47:28.326Z] > git ls-files --stage -- /home/ivan/CCDC/dir.go [0ms]
[2022-10-20T19:47:29.295Z] > git show --textconv :test1.go [2ms]
[2022-10-20T19:47:29.295Z] > git ls-files --stage -- /home/ivan/CCDC/test1.go [1ms]
[2022-10-20T19:48:11.953Z] > git show --textconv :godaedalus/main.go [5ms]
[2022-10-20T19:48:11.954Z] > git ls-files --stage -- /home/ivan/CCDC/godaedalus/main.go [1ms]
[2022-10-20T19:48:15.235Z] > git show --textconv :test1.go [3ms]
[2022-10-20T19:48:15.235Z] > git ls-files --stage -- /home/ivan/CCDC/test1.go [1ms]
[2022-10-20T19:48:42.916Z] > git show --textconv :godaedalus/main.go [7ms]
[2022-10-20T19:48:42.917Z] > git ls-files --stage -- /home/ivan/CCDC/godaedalus/main.go [2ms]
[2022-10-20T19:48:44.347Z] > git show --textconv :test1.go [1ms]
[2022-10-20T19:48:44.347Z] > git ls-files --stage -- /home/ivan/CCDC/test1.go [1ms]
[2022-10-20T19:48:51.258Z] > git status -z -uall [1ms]
[2022-10-20T19:48:51.260Z] > git symbolic-ref --short HEAD [0ms]
[2022-10-20T19:48:51.262Z] > git for-each-ref --format=%(refname)%00%(upstream:short)%00%(objectname)%00%(upstream:track)%00%(upstream:remotename)%00%(upstream:remoteref) refs/heads/master refs/remotes/master [0ms]
[2022-10-20T19:48:51.266Z] > git for-each-ref --sort -committerdate --format %(refname) %(objectname) %(*objectname) [2ms]
[2022-10-20T19:48:51.266Z] > git remote --verbose [1ms]
[2022-10-20T19:48:51.268Z] > git config --get commit.template [0ms]
[2022-10-20T19:48:57.040Z] > git show --textconv :godaedalus/main.go [7ms]
[2022-10-20T19:48:57.041Z] > git ls-files --stage -- /home/ivan/CCDC/godaedalus/main.go [2ms]
[2022-10-20T19:49:06.819Z] > git show --textconv :dir.go [7ms]
[2022-10-20T19:49:06.820Z] > git ls-files --stage -- /home/ivan/CCDC/dir.go [2ms]
[2022-10-20T19:49:07.983Z] > git show --textconv :test1.go [2ms]
[2022-10-20T19:49:07.983Z] > git ls-files --stage -- /home/ivan/CCDC/test1.go [1ms]
[2022-10-20T19:49:11.956Z] > git show --textconv :godaedalus/main.go [3ms]
[2022-10-20T19:49:11.956Z] > git ls-files --stage -- /home/ivan/CCDC/godaedalus/main.go [1ms]
[2022-10-20T19:51:41.937Z] > git show --textconv :test1.go [6ms]
[2022-10-20T19:51:41.938Z] > git ls-files --stage -- /home/ivan/CCDC/test1.go [1ms]
[2022-10-20T19:51:44.122Z] > git show --textconv :godaedalus/main.go [6ms]
[2022-10-20T19:51:44.123Z] > git ls-files --stage -- /home/ivan/CCDC/godaedalus/main.go [2ms]
[2022-10-20T19:51:50.979Z] > git show --textconv :test1.go [2ms]
[2022-10-20T19:51:50.979Z] > git ls-files --stage -- /home/ivan/CCDC/test1.go [1ms]
[2022-10-20T19:51:52.328Z] > git show --textconv :godaedalus/main.go [1ms]
[2022-10-20T19:51:52.328Z] > git ls-files --stage -- /home/ivan/CCDC/godaedalus/main.go [1ms]
[2022-10-20T19:51:53.580Z] > git show --textconv :test1.go [2ms]
[2022-10-20T19:51:53.580Z] > git ls-files --stage -- /home/ivan/CCDC/test1.go [0ms]
[2022-10-20T19:51:54.758Z] > git show --textconv :godaedalus/main.go [6ms]
[2022-10-20T19:51:54.759Z] > git ls-files --stage -- /home/ivan/CCDC/godaedalus/main.go [1ms]
[2022-10-20T19:51:56.994Z] > git show --textconv :test1.go [1ms]
[2022-10-20T19:51:56.995Z] > git ls-files --stage -- /home/ivan/CCDC/test1.go [1ms]
[2022-10-20T19:51:58.032Z] > git show --textconv :godaedalus/main.go [2ms]
[2022-10-20T19:51:58.032Z] > git ls-files --stage -- /home/ivan/CCDC/godaedalus/main.go [0ms]
[2022-10-20T22:31:53.479Z] > git status -z -uall [1ms]
[2022-10-20T22:31:53.481Z] > git symbolic-ref --short HEAD [0ms]
[2022-10-20T22:31:53.484Z] > git for-each-ref --format=%(refname)%00%(upstream:short)%00%(objectname)%00%(upstream:track)%00%(upstream:remotename)%00%(upstream:remoteref) refs/heads/master refs/remotes/master [1ms]
[2022-10-20T22:31:53.487Z] > git for-each-ref --sort -committerdate --format %(refname) %(objectname) %(*objectname) [2ms]
[2022-10-20T22:31:53.487Z] > git remote --verbose [0ms]
[2022-10-20T22:31:53.490Z] > git config --get commit.template [1ms]
[2022-10-20T22:52:37.595Z] > git status -z -uall [1ms]
[2022-10-20T22:52:37.598Z] > git symbolic-ref --short HEAD [1ms]
[2022-10-20T22:52:37.600Z] > git for-each-ref --format=%(refname)%00%(upstream:short)%00%(objectname)%00%(upstream:track)%00%(upstream:remotename)%00%(upstream:remoteref) refs/heads/master refs/remotes/master [0ms]
[2022-10-20T22:52:37.605Z] > git for-each-ref --sort -committerdate --format %(refname) %(objectname) %(*objectname) [3ms]
[2022-10-20T22:52:37.605Z] > git remote --verbose [1ms]
[2022-10-20T22:52:37.608Z] > git config --get commit.template [1ms]
