[2022-10-21T21:12:19.106Z] Log level: Info
[2022-10-21T21:12:19.106Z] [info] Validating found git in: git
[2022-10-21T21:12:19.115Z] [info] Using git 2.38.1 from git
[2022-10-21T21:12:19.131Z] > git rev-parse --show-toplevel [8ms]
[2022-10-21T21:12:19.136Z] > git rev-parse --git-dir --git-common-dir [1ms]
[2022-10-21T21:12:19.138Z] [info] Open repository: /home/ivan/droneDemo
[2022-10-21T21:12:19.161Z] > git status -z -uall [18ms]
[2022-10-21T21:12:19.171Z] > git symbolic-ref --short HEAD [7ms]
[2022-10-21T21:12:19.184Z] > git for-each-ref --format=%(refname)%00%(upstream:short)%00%(objectname)%00%(upstream:track)%00%(upstream:remotename)%00%(upstream:remoteref) refs/heads/main refs/remotes/main [9ms]
[2022-10-21T21:12:19.192Z] > git remote --verbose [1ms]
[2022-10-21T21:12:19.193Z] > git for-each-ref --sort -committerdate --format %(refname) %(objectname) %(*objectname) [5ms]
[2022-10-21T21:12:19.201Z] > git config --get commit.template [1ms]
[2022-10-21T21:12:19.207Z] > git status -z -uall [1ms]
[2022-10-21T21:12:19.210Z] > git symbolic-ref --short HEAD [0ms]
[2022-10-21T21:12:19.215Z] > git for-each-ref --format=%(refname)%00%(upstream:short)%00%(objectname)%00%(upstream:track)%00%(upstream:remotename)%00%(upstream:remoteref) refs/heads/main refs/remotes/main [1ms]
[2022-10-21T21:12:19.220Z] > git for-each-ref --sort -committerdate --format %(refname) %(objectname) %(*objectname) [3ms]
[2022-10-21T21:12:19.220Z] > git remote --verbose [1ms]
[2022-10-21T21:12:19.225Z] > git config --get commit.template [1ms]
[2022-10-21T21:12:19.456Z] > git show --textconv :star_fleet.py [5ms]
[2022-10-21T21:12:19.456Z] > git ls-files --stage -- /home/ivan/droneDemo/star_fleet.py [1ms]
[2022-10-21T21:12:19.461Z] > git cat-file -s 2296accd1b342d5f1f07d22862d1d4e78f485480 [1ms]
[2022-10-21T21:12:19.653Z] > git check-ignore -v -z --stdin [1ms]
[2022-10-21T21:12:20.571Z] > git show --textconv :swarm_config.py [3ms]
[2022-10-21T21:12:20.571Z] > git ls-files --stage -- /home/ivan/droneDemo/swarm_config.py [1ms]
[2022-10-21T21:12:20.574Z] > git cat-file -s 8ca6483546e0385d5698257ff93b783aa2866acf [1ms]
[2022-10-21T22:53:04.386Z] > git show --textconv :star_fleet.py [7ms]
[2022-10-21T22:53:04.387Z] > git ls-files --stage -- /home/ivan/droneDemo/star_fleet.py [2ms]
[2022-10-21T22:53:04.396Z] > git cat-file -s 2296accd1b342d5f1f07d22862d1d4e78f485480 [2ms]
[2022-10-21T22:53:21.030Z] > git show --textconv :drone_ips.txt [5ms]
[2022-10-21T22:53:21.030Z] > git ls-files --stage -- /home/ivan/droneDemo/drone_ips.txt [1ms]
[2022-10-21T22:53:21.033Z] > git cat-file -s c12cc9dcc16955e53718862fd66377c76f5316e2 [1ms]
[2022-10-21T22:53:37.906Z] > git status -z -uall [3ms]
[2022-10-21T22:53:37.910Z] > git symbolic-ref --short HEAD [1ms]
[2022-10-21T22:53:37.917Z] > git for-each-ref --format=%(refname)%00%(upstream:short)%00%(objectname)%00%(upstream:track)%00%(upstream:remotename)%00%(upstream:remoteref) refs/heads/main refs/remotes/main [2ms]
[2022-10-21T22:53:37.927Z] > git remote --verbose [1ms]
[2022-10-21T22:53:37.927Z] > git for-each-ref --sort -committerdate --format %(refname) %(objectname) %(*objectname) [5ms]
[2022-10-21T22:53:37.935Z] > git config --get commit.template [0ms]
[2022-10-21T22:53:38.242Z] > git show --textconv :drone_ips2.txt [3ms]
[2022-10-21T22:53:38.242Z] > git ls-files --stage -- /home/ivan/droneDemo/drone_ips2.txt [1ms]
[2022-10-21T22:53:38.245Z] > git cat-file -s c12cc9dcc16955e53718862fd66377c76f5316e2 [0ms]
[2022-10-21T22:54:11.745Z] > git status -z -uall [0ms]
[2022-10-21T22:54:11.748Z] > git symbolic-ref --short HEAD [1ms]
[2022-10-21T22:54:11.752Z] > git for-each-ref --format=%(refname)%00%(upstream:short)%00%(objectname)%00%(upstream:track)%00%(upstream:remotename)%00%(upstream:remoteref) refs/heads/main refs/remotes/main [1ms]
[2022-10-21T22:54:11.757Z] > git for-each-ref --sort -committerdate --format %(refname) %(objectname) %(*objectname) [3ms]
[2022-10-21T22:54:11.757Z] > git remote --verbose [0ms]
[2022-10-21T22:54:11.761Z] > git config --get commit.template [0ms]
[2022-10-21T22:54:12.879Z] > git show --textconv :drone_ips3.txt [6ms]
[2022-10-21T22:54:12.880Z] > git ls-files --stage -- /home/ivan/droneDemo/drone_ips3.txt [1ms]
[2022-10-21T22:54:12.887Z] > git cat-file -s c12cc9dcc16955e53718862fd66377c76f5316e2 [1ms]
[2022-10-21T22:54:47.508Z] > git status -z -uall [1ms]
[2022-10-21T22:54:47.512Z] > git symbolic-ref --short HEAD [1ms]
[2022-10-21T22:54:47.515Z] > git for-each-ref --format=%(refname)%00%(upstream:short)%00%(objectname)%00%(upstream:track)%00%(upstream:remotename)%00%(upstream:remoteref) refs/heads/main refs/remotes/main [1ms]
[2022-10-21T22:54:47.522Z] > git for-each-ref --sort -committerdate --format %(refname) %(objectname) %(*objectname) [3ms]
[2022-10-21T22:54:47.522Z] > git remote --verbose [0ms]
[2022-10-21T22:54:47.527Z] > git config --get commit.template [0ms]
[2022-10-21T22:54:48.781Z] > git show --textconv :star_fleet.py [3ms]
[2022-10-21T22:54:48.781Z] > git ls-files --stage -- /home/ivan/droneDemo/star_fleet.py [0ms]
[2022-10-21T22:54:48.784Z] > git cat-file -s 2296accd1b342d5f1f07d22862d1d4e78f485480 [1ms]
[2022-10-21T22:59:42.259Z] > git status -z -uall [3ms]
[2022-10-21T22:59:42.268Z] > git symbolic-ref --short HEAD [2ms]
[2022-10-21T22:59:42.277Z] > git for-each-ref --format=%(refname)%00%(upstream:short)%00%(objectname)%00%(upstream:track)%00%(upstream:remotename)%00%(upstream:remoteref) refs/heads/main refs/remotes/main [3ms]
[2022-10-21T22:59:42.292Z] > git for-each-ref --sort -committerdate --format %(refname) %(objectname) %(*objectname) [9ms]
[2022-10-21T22:59:42.292Z] > git remote --verbose [2ms]
[2022-10-21T22:59:42.303Z] > git config --get commit.template [2ms]
[2022-10-21T23:00:36.705Z] > git status -z -uall [1ms]
[2022-10-21T23:00:36.708Z] > git symbolic-ref --short HEAD [1ms]
[2022-10-21T23:00:36.711Z] > git for-each-ref --format=%(refname)%00%(upstream:short)%00%(objectname)%00%(upstream:track)%00%(upstream:remotename)%00%(upstream:remoteref) refs/heads/main refs/remotes/main [1ms]
[2022-10-21T23:00:36.716Z] > git for-each-ref --sort -committerdate --format %(refname) %(objectname) %(*objectname) [3ms]
[2022-10-21T23:00:36.716Z] > git remote --verbose [1ms]
[2022-10-21T23:00:36.720Z] > git config --get commit.template [1ms]
[2022-10-21T23:01:43.445Z] > git show --textconv :drone_ips.txt [3ms]
[2022-10-21T23:01:43.445Z] > git ls-files --stage -- /home/ivan/droneDemo/drone_ips.txt [0ms]
[2022-10-21T23:01:43.448Z] > git cat-file -s c12cc9dcc16955e53718862fd66377c76f5316e2 [1ms]
[2022-10-21T23:01:46.918Z] > git show --textconv :star_fleet.py [4ms]
[2022-10-21T23:01:46.918Z] > git ls-files --stage -- /home/ivan/droneDemo/star_fleet.py [1ms]
[2022-10-21T23:01:46.920Z] > git cat-file -s 2296accd1b342d5f1f07d22862d1d4e78f485480 [0ms]
