[2022-10-24 13:47:51.907] [exthost] [info] Extension host with pid 5461 started
[2022-10-24 13:47:51.907] [exthost] [info] Skipping acquiring lock for /home/ivan/.config/Code - OSS/User/workspaceStorage/27e62dfae3d9240adced4045194f2fe4.
[2022-10-24 13:47:51.969] [exthost] [info] ExtensionService#_doActivateExtension vscode.debug-auto-launch, startup: true, activationEvent: '*'
[2022-10-24 13:47:51.969] [exthost] [info] ExtensionService#_doActivateExtension vscode.git-base, startup: true, activationEvent: '*', root cause: vscode.git
[2022-10-24 13:47:51.969] [exthost] [info] ExtensionService#_doActivateExtension vscode.ipynb, startup: true, activationEvent: '*'
[2022-10-24 13:47:51.982] [exthost] [info] ExtensionService#_doActivateExtension vscode.git, startup: true, activationEvent: '*'
[2022-10-24 13:47:51.983] [exthost] [info] ExtensionService#_doActivateExtension vscode.github, startup: true, activationEvent: '*'
[2022-10-24 13:47:52.017] [exthost] [info] Eager extensions activated
[2022-10-24 13:47:52.042] [exthost] [info] ExtensionService#_doActivateExtension vscode.emmet, startup: false, activationEvent: 'onStartupFinished'
[2022-10-24 13:47:52.042] [exthost] [info] ExtensionService#_doActivateExtension vscode.merge-conflict, startup: false, activationEvent: 'onStartupFinished'
[2022-10-24 13:48:01.905] [exthost] [info] Extension host terminating: received terminate message from renderer
[2022-10-24 13:48:01.909] [exthost] [info] Extension host with pid 5461 exiting with code 0
[2022-10-24 13:48:02.730] [exthost] [info] Extension host with pid 5650 started
[2022-10-24 13:48:02.730] [exthost] [info] Skipping acquiring lock for /home/ivan/.config/Code - OSS/User/workspaceStorage/c97c7d1393b9ade4a4588a06c3f15094.
[2022-10-24 13:48:02.794] [exthost] [info] ExtensionService#_doActivateExtension vscode.debug-auto-launch, startup: true, activationEvent: '*'
[2022-10-24 13:48:02.795] [exthost] [info] ExtensionService#_doActivateExtension vscode.git-base, startup: true, activationEvent: '*', root cause: vscode.git
[2022-10-24 13:48:02.795] [exthost] [info] ExtensionService#_doActivateExtension vscode.ipynb, startup: true, activationEvent: '*'
[2022-10-24 13:48:02.837] [exthost] [info] ExtensionService#_doActivateExtension vscode.git, startup: true, activationEvent: '*'
[2022-10-24 13:48:02.838] [exthost] [info] ExtensionService#_doActivateExtension vscode.github, startup: true, activationEvent: '*'
[2022-10-24 13:48:02.893] [exthost] [info] Eager extensions activated
[2022-10-24 13:48:02.906] [exthost] [info] ExtensionService#_doActivateExtension vscode.emmet, startup: false, activationEvent: 'onStartupFinished'
[2022-10-24 13:48:02.906] [exthost] [info] ExtensionService#_doActivateExtension vscode.merge-conflict, startup: false, activationEvent: 'onStartupFinished'
[2022-10-24 13:48:20.226] [exthost] [info] ExtensionService#_doActivateExtension vscode.github-authentication, startup: false, activationEvent: 'onAuthenticationRequest:github'
