[2022-10-21T16:33:21.801Z] Log level: Info
[2022-10-21T16:33:21.802Z] [info] Validating found git in: git
[2022-10-21T16:33:21.807Z] [info] Using git 2.38.1 from git
[2022-10-21T16:33:21.814Z] > git rev-parse --show-toplevel [2ms]
[2022-10-21T16:33:21.820Z] > git rev-parse --git-dir --git-common-dir [3ms]
[2022-10-21T16:33:21.822Z] [info] Open repository: /home/ivan/droneDemo
[2022-10-21T16:33:21.827Z] > git status -z -uall [2ms]
[2022-10-21T16:33:21.830Z] > git symbolic-ref --short HEAD [1ms]
[2022-10-21T16:33:21.834Z] > git for-each-ref --format=%(refname)%00%(upstream:short)%00%(objectname)%00%(upstream:track)%00%(upstream:remotename)%00%(upstream:remoteref) refs/heads/main refs/remotes/main [1ms]
[2022-10-21T16:33:21.842Z] > git remote --verbose [2ms]
[2022-10-21T16:33:21.842Z] > git for-each-ref --sort -committerdate --format %(refname) %(objectname) %(*objectname) [5ms]
[2022-10-21T16:33:21.847Z] > git config --get commit.template [0ms]
[2022-10-21T16:33:21.852Z] > git status -z -uall [1ms]
[2022-10-21T16:33:21.856Z] > git symbolic-ref --short HEAD [1ms]
[2022-10-21T16:33:21.859Z] > git for-each-ref --format=%(refname)%00%(upstream:short)%00%(objectname)%00%(upstream:track)%00%(upstream:remotename)%00%(upstream:remoteref) refs/heads/main refs/remotes/main [1ms]
[2022-10-21T16:33:21.864Z] > git remote --verbose [1ms]
[2022-10-21T16:33:21.864Z] > git for-each-ref --sort -committerdate --format %(refname) %(objectname) %(*objectname) [3ms]
[2022-10-21T16:33:21.867Z] > git config --get commit.template [0ms]
[2022-10-21T16:33:22.335Z] > git check-ignore -v -z --stdin [2ms]
[2022-10-21T16:33:24.465Z] > git show --textconv :swarm_config.py [3ms]
[2022-10-21T16:33:24.466Z] > git ls-files --stage -- /home/ivan/droneDemo/swarm_config.py [1ms]
[2022-10-21T16:33:24.469Z] > git cat-file -s 8ca6483546e0385d5698257ff93b783aa2866acf [1ms]
[2022-10-21T16:33:27.805Z] > git show --textconv :drone_ips3.txt [7ms]
[2022-10-21T16:33:27.806Z] > git ls-files --stage -- /home/ivan/droneDemo/drone_ips3.txt [2ms]
[2022-10-21T16:33:27.814Z] > git cat-file -s c12cc9dcc16955e53718862fd66377c76f5316e2 [2ms]
[2022-10-21T16:33:31.918Z] > git show --textconv :drone_ips2.txt [3ms]
[2022-10-21T16:33:31.918Z] > git ls-files --stage -- /home/ivan/droneDemo/drone_ips2.txt [0ms]
[2022-10-21T16:33:31.921Z] > git cat-file -s c12cc9dcc16955e53718862fd66377c76f5316e2 [1ms]
[2022-10-21T16:33:34.801Z] > git show --textconv :drone_ips.txt [3ms]
[2022-10-21T16:33:34.801Z] > git ls-files --stage -- /home/ivan/droneDemo/drone_ips.txt [1ms]
[2022-10-21T16:33:34.804Z] > git cat-file -s c12cc9dcc16955e53718862fd66377c76f5316e2 [1ms]
[2022-10-21T16:33:37.935Z] > git show --textconv :drone_interactive.py [3ms]
[2022-10-21T16:33:37.935Z] > git ls-files --stage -- /home/ivan/droneDemo/drone_interactive.py [0ms]
[2022-10-21T16:33:37.938Z] > git cat-file -s 522427fa2e8857a1867c59ca96caf753e7da99df [1ms]
[2022-10-21T16:33:39.197Z] > git show --textconv :README.md [4ms]
[2022-10-21T16:33:39.198Z] > git ls-files --stage -- /home/ivan/droneDemo/README.md [1ms]
[2022-10-21T16:33:39.202Z] > git cat-file -s ce4f6a021a6bc6df59d9a46fdb9c7982e9a2edc7 [1ms]
[2022-10-21T16:33:39.710Z] > git show --textconv :star_fleet.py [4ms]
[2022-10-21T16:33:39.710Z] > git ls-files --stage -- /home/ivan/droneDemo/star_fleet.py [0ms]
[2022-10-21T16:33:39.713Z] > git cat-file -s 2296accd1b342d5f1f07d22862d1d4e78f485480 [0ms]
[2022-10-21T16:33:40.621Z] > git show --textconv :requirements.txt [8ms]
[2022-10-21T16:33:40.622Z] > git ls-files --stage -- /home/ivan/droneDemo/requirements.txt [2ms]
[2022-10-21T16:33:40.629Z] > git cat-file -s caedf5baf9cb088b6bef1ba1bd8d968a45a3812b [1ms]
[2022-10-21T16:33:41.434Z] > git show --textconv :star_fleet.py [4ms]
[2022-10-21T16:33:41.434Z] > git ls-files --stage -- /home/ivan/droneDemo/star_fleet.py [1ms]
[2022-10-21T16:33:41.437Z] > git cat-file -s 2296accd1b342d5f1f07d22862d1d4e78f485480 [1ms]
[2022-10-21T16:34:20.140Z] > git status -z -uall [3ms]
[2022-10-21T16:34:20.143Z] > git symbolic-ref --short HEAD [1ms]
[2022-10-21T16:34:20.147Z] > git for-each-ref --format=%(refname)%00%(upstream:short)%00%(objectname)%00%(upstream:track)%00%(upstream:remotename)%00%(upstream:remoteref) refs/heads/main refs/remotes/main [0ms]
[2022-10-21T16:34:20.153Z] > git remote --verbose [1ms]
[2022-10-21T16:34:20.153Z] > git for-each-ref --sort -committerdate --format %(refname) %(objectname) %(*objectname) [3ms]
[2022-10-21T16:34:20.158Z] > git config --get commit.template [1ms]
