[2022-10-24T20:48:02.879Z] Log level: Info
[2022-10-24T20:48:02.879Z] [info] Validating found git in: git
[2022-10-24T20:48:02.886Z] [info] Using git 2.38.1 from git
[2022-10-24T20:48:02.893Z] > git rev-parse --show-toplevel [1ms]
[2022-10-24T20:48:02.897Z] > git rev-parse --git-dir --git-common-dir [0ms]
[2022-10-24T20:48:02.899Z] [info] Open repository: /home/ivan/droneDemo
[2022-10-24T20:48:02.902Z] > git status -z -uall [1ms]
[2022-10-24T20:48:02.911Z] > git symbolic-ref --short HEAD [7ms]
[2022-10-24T20:48:02.916Z] > git for-each-ref --format=%(refname)%00%(upstream:short)%00%(objectname)%00%(upstream:track)%00%(upstream:remotename)%00%(upstream:remoteref) refs/heads/main refs/remotes/main [2ms]
[2022-10-24T20:48:02.921Z] > git remote --verbose [1ms]
[2022-10-24T20:48:02.921Z] > git for-each-ref --sort -committerdate --format %(refname) %(objectname) %(*objectname) [3ms]
[2022-10-24T20:48:02.925Z] > git config --get commit.template [1ms]
[2022-10-24T20:48:02.928Z] > git status -z -uall [1ms]
[2022-10-24T20:48:02.930Z] > git symbolic-ref --short HEAD [0ms]
[2022-10-24T20:48:02.933Z] > git for-each-ref --format=%(refname)%00%(upstream:short)%00%(objectname)%00%(upstream:track)%00%(upstream:remotename)%00%(upstream:remoteref) refs/heads/main refs/remotes/main [1ms]
[2022-10-24T20:48:02.937Z] > git for-each-ref --sort -committerdate --format %(refname) %(objectname) %(*objectname) [2ms]
[2022-10-24T20:48:02.937Z] > git remote --verbose [0ms]
[2022-10-24T20:48:02.941Z] > git config --get commit.template [1ms]
[2022-10-24T20:48:03.227Z] > git show --textconv :star_fleet.py [3ms]
[2022-10-24T20:48:03.227Z] > git ls-files --stage -- /home/ivan/droneDemo/star_fleet.py [0ms]
[2022-10-24T20:48:03.230Z] > git cat-file -s 84b0f10438faaead87d27032bac4a0dcba6ab149 [0ms]
[2022-10-24T20:48:03.418Z] > git check-ignore -v -z --stdin [0ms]
[2022-10-24T20:48:26.011Z] > git status -z -uall [1ms]
[2022-10-24T20:48:26.013Z] > git symbolic-ref --short HEAD [0ms]
[2022-10-24T20:48:26.015Z] > git for-each-ref --format=%(refname)%00%(upstream:short)%00%(objectname)%00%(upstream:track)%00%(upstream:remotename)%00%(upstream:remoteref) refs/heads/main refs/remotes/main [0ms]
[2022-10-24T20:48:26.019Z] > git for-each-ref --sort -committerdate --format %(refname) %(objectname) %(*objectname) [2ms]
[2022-10-24T20:48:26.019Z] > git remote --verbose [0ms]
[2022-10-24T20:48:26.023Z] > git config --get commit.template [0ms]
[2022-10-24T20:48:26.113Z] > git ls-files --stage -- /home/ivan/droneDemo/star_fleet.py [0ms]
[2022-10-24T20:48:26.116Z] > git cat-file -s 84b0f10438faaead87d27032bac4a0dcba6ab149 [1ms]
[2022-10-24T20:48:26.121Z] > git show --textconv :star_fleet.py [1ms]
