[2022-10-24T07:32:42.136Z] Log level: Info
[2022-10-24T07:32:42.137Z] [info] Validating found git in: git
[2022-10-24T07:32:42.144Z] [info] Using git 2.38.1 from git
[2022-10-24T07:32:42.162Z] > git rev-parse --show-toplevel [13ms]
[2022-10-24T07:32:42.171Z] > git rev-parse --git-dir --git-common-dir [4ms]
[2022-10-24T07:32:42.172Z] [info] Open repository: /home/ivan/CCDC/godaedalus
[2022-10-24T07:32:42.181Z] > git rev-parse --show-toplevel [1ms]
[2022-10-24T07:32:42.186Z] > git status -z -uall [10ms]
[2022-10-24T07:32:42.191Z] > git symbolic-ref --short HEAD [1ms]
[2022-10-24T07:32:42.199Z] > git for-each-ref --format=%(refname)%00%(upstream:short)%00%(objectname)%00%(upstream:track)%00%(upstream:remotename)%00%(upstream:remoteref) refs/heads/main refs/remotes/main [4ms]
[2022-10-24T07:32:42.205Z] > git remote --verbose [0ms]
[2022-10-24T07:32:42.205Z] > git for-each-ref --sort -committerdate --format %(refname) %(objectname) %(*objectname) [4ms]
[2022-10-24T07:32:42.211Z] > git config --get commit.template [1ms]
[2022-10-24T07:32:42.216Z] > git status -z -uall [1ms]
[2022-10-24T07:32:42.219Z] > git symbolic-ref --short HEAD [0ms]
[2022-10-24T07:32:42.222Z] > git for-each-ref --format=%(refname)%00%(upstream:short)%00%(objectname)%00%(upstream:track)%00%(upstream:remotename)%00%(upstream:remoteref) refs/heads/main refs/remotes/main [1ms]
[2022-10-24T07:32:42.227Z] > git for-each-ref --sort -committerdate --format %(refname) %(objectname) %(*objectname) [3ms]
[2022-10-24T07:32:42.227Z] > git remote --verbose [1ms]
[2022-10-24T07:32:42.230Z] > git config --get commit.template [0ms]
[2022-10-24T07:32:42.701Z] > git check-ignore -v -z --stdin [1ms]
[2022-10-24T07:32:46.059Z] > git ls-files --stage -- /home/ivan/CCDC/godaedalus/main.go [1ms]
[2022-10-24T07:32:46.063Z] > git show --textconv :main.go [8ms]
[2022-10-24T07:32:46.064Z] > git cat-file -s 2d1b64336f71a025369cb751bf46a36d06c11a9d [1ms]
[2022-10-24T07:32:58.200Z] > git status -z -uall [3ms]
[2022-10-24T07:32:58.206Z] > git symbolic-ref --short HEAD [2ms]
[2022-10-24T07:32:58.214Z] > git for-each-ref --format=%(refname)%00%(upstream:short)%00%(objectname)%00%(upstream:track)%00%(upstream:remotename)%00%(upstream:remoteref) refs/heads/main refs/remotes/main [2ms]
[2022-10-24T07:32:58.226Z] > git remote --verbose [2ms]
[2022-10-24T07:32:58.227Z] > git for-each-ref --sort -committerdate --format %(refname) %(objectname) %(*objectname) [7ms]
[2022-10-24T07:32:58.234Z] > git config --get commit.template [1ms]
[2022-10-24T07:32:58.303Z] > git ls-files --stage -- /home/ivan/CCDC/godaedalus/main.go [2ms]
[2022-10-24T07:32:58.310Z] > git cat-file -s 2d1b64336f71a025369cb751bf46a36d06c11a9d [1ms]
[2022-10-24T07:32:58.322Z] > git show --textconv :main.go [2ms]
[2022-10-24T08:01:10.321Z] > git status -z -uall [3ms]
[2022-10-24T08:01:10.329Z] > git symbolic-ref --short HEAD [2ms]
[2022-10-24T08:01:10.337Z] > git for-each-ref --format=%(refname)%00%(upstream:short)%00%(objectname)%00%(upstream:track)%00%(upstream:remotename)%00%(upstream:remoteref) refs/heads/main refs/remotes/main [2ms]
[2022-10-24T08:01:10.349Z] > git for-each-ref --sort -committerdate --format %(refname) %(objectname) %(*objectname) [5ms]
[2022-10-24T08:01:10.349Z] > git remote --verbose [2ms]
[2022-10-24T08:01:10.356Z] > git config --get commit.template [1ms]
