[2022-10-21 09:21:09.272] [exthost] [info] Extension host with pid 2352 started
[2022-10-21 09:21:09.345] [exthost] [info] ExtensionService#_doActivateExtension vscode.debug-auto-launch, startup: true, activationEvent: '*'
[2022-10-21 09:21:09.346] [exthost] [info] ExtensionService#_doActivateExtension vscode.git-base, startup: true, activationEvent: '*', root cause: vscode.git
[2022-10-21 09:21:09.346] [exthost] [info] ExtensionService#_doActivateExtension vscode.ipynb, startup: true, activationEvent: '*'
[2022-10-21 09:21:09.385] [exthost] [info] ExtensionService#_doActivateExtension vscode.git, startup: true, activationEvent: '*'
[2022-10-21 09:21:09.386] [exthost] [info] ExtensionService#_doActivateExtension vscode.github, startup: true, activationEvent: '*'
[2022-10-21 09:21:09.451] [exthost] [info] Eager extensions activated
[2022-10-21 09:21:09.473] [exthost] [info] ExtensionService#_doActivateExtension vscode.emmet, startup: false, activationEvent: 'onStartupFinished'
[2022-10-21 09:21:09.473] [exthost] [info] ExtensionService#_doActivateExtension vscode.merge-conflict, startup: false, activationEvent: 'onStartupFinished'
[2022-10-21 09:33:15.696] [exthost] [info] Extension host terminating: received terminate message from renderer
[2022-10-21 09:33:15.701] [exthost] [info] Extension host with pid 2352 exiting with code 0
[2022-10-21 09:33:17.000] [exthost] [info] Extension host with pid 10606 started
[2022-10-21 09:33:17.000] [exthost] [info] Skipping acquiring lock for /home/ivan/.config/Code - OSS/User/workspaceStorage/c97c7d1393b9ade4a4588a06c3f15094.
[2022-10-21 09:33:17.046] [exthost] [info] ExtensionService#_doActivateExtension vscode.debug-auto-launch, startup: true, activationEvent: '*'
[2022-10-21 09:33:17.046] [exthost] [info] ExtensionService#_doActivateExtension vscode.git-base, startup: true, activationEvent: '*'
[2022-10-21 09:33:17.046] [exthost] [info] ExtensionService#_doActivateExtension vscode.ipynb, startup: true, activationEvent: '*'
[2022-10-21 09:33:17.059] [exthost] [info] ExtensionService#_doActivateExtension vscode.github, startup: true, activationEvent: '*'
[2022-10-21 09:33:17.064] [exthost] [info] Eager extensions activated
[2022-10-21 09:33:17.066] [exthost] [info] ExtensionService#_doActivateExtension vscode.emmet, startup: false, activationEvent: 'onStartupFinished'
[2022-10-21 09:33:17.066] [exthost] [info] ExtensionService#_doActivateExtension vscode.merge-conflict, startup: false, activationEvent: 'onStartupFinished'
[2022-10-21 09:33:21.785] [exthost] [info] ExtensionService#_doActivateExtension vscode.git, startup: false, activationEvent: 'api', root cause: vscode.github
[2022-10-21 09:33:38.980] [exthost] [info] ExtensionService#_doActivateExtension vscode.extension-editing, startup: false, activationEvent: 'onLanguage:markdown'
[2022-10-21 09:33:38.980] [exthost] [info] ExtensionService#_doActivateExtension vscode.markdown-language-features, startup: false, activationEvent: 'onLanguage:markdown'
[2022-10-21 09:33:39.386] [exthost] [info] ExtensionService#_doActivateExtension vscode.markdown-math, startup: false, activationEvent: 'api', root cause: vscode.markdown-language-features
