[2022-10-21T23:07:04.360Z] Log level: Info
[2022-10-21T23:07:04.361Z] [info] Validating found git in: git
[2022-10-21T23:07:04.369Z] [info] Using git 2.38.1 from git
[2022-10-21T23:07:04.384Z] > git rev-parse --show-toplevel [7ms]
[2022-10-21T23:07:04.401Z] > git rev-parse --git-dir --git-common-dir [13ms]
[2022-10-21T23:07:04.405Z] [info] Open repository: /home/ivan/droneDemo
[2022-10-21T23:07:04.420Z] > git status -z -uall [11ms]
[2022-10-21T23:07:04.425Z] > git symbolic-ref --short HEAD [1ms]
[2022-10-21T23:07:04.432Z] > git for-each-ref --format=%(refname)%00%(upstream:short)%00%(objectname)%00%(upstream:track)%00%(upstream:remotename)%00%(upstream:remoteref) refs/heads/main refs/remotes/main [4ms]
[2022-10-21T23:07:04.443Z] > git remote --verbose [5ms]
[2022-10-21T23:07:04.443Z] > git for-each-ref --sort -committerdate --format %(refname) %(objectname) %(*objectname) [7ms]
[2022-10-21T23:07:04.454Z] > git config --get commit.template [0ms]
[2022-10-21T23:07:04.461Z] > git status -z -uall [1ms]
[2022-10-21T23:07:04.464Z] > git symbolic-ref --short HEAD [0ms]
[2022-10-21T23:07:04.470Z] > git for-each-ref --format=%(refname)%00%(upstream:short)%00%(objectname)%00%(upstream:track)%00%(upstream:remotename)%00%(upstream:remoteref) refs/heads/main refs/remotes/main [1ms]
[2022-10-21T23:07:04.477Z] > git for-each-ref --sort -committerdate --format %(refname) %(objectname) %(*objectname) [4ms]
[2022-10-21T23:07:04.477Z] > git remote --verbose [2ms]
[2022-10-21T23:07:04.483Z] > git config --get commit.template [0ms]
[2022-10-21T23:07:04.745Z] > git show --textconv :star_fleet.py [4ms]
[2022-10-21T23:07:04.746Z] > git ls-files --stage -- /home/ivan/droneDemo/star_fleet.py [1ms]
[2022-10-21T23:07:04.751Z] > git cat-file -s 2296accd1b342d5f1f07d22862d1d4e78f485480 [1ms]
[2022-10-21T23:07:04.953Z] > git check-ignore -v -z --stdin [1ms]
[2022-10-21T23:07:17.277Z] > git show --textconv :Fleet.py [8ms]
[2022-10-21T23:07:17.279Z] > git ls-files --stage -- /home/ivan/droneDemo/Fleet.py [3ms]
[2022-10-21T23:07:17.566Z] > git check-ignore -v -z --stdin [2ms]
[2022-10-21T23:07:18.077Z] > git status -z -uall [1ms]
[2022-10-21T23:07:18.080Z] > git symbolic-ref --short HEAD [0ms]
[2022-10-21T23:07:18.083Z] > git for-each-ref --format=%(refname)%00%(upstream:short)%00%(objectname)%00%(upstream:track)%00%(upstream:remotename)%00%(upstream:remoteref) refs/heads/main refs/remotes/main [0ms]
[2022-10-21T23:07:18.088Z] > git remote --verbose [1ms]
[2022-10-21T23:07:18.088Z] > git for-each-ref --sort -committerdate --format %(refname) %(objectname) %(*objectname) [3ms]
[2022-10-21T23:07:18.092Z] > git config --get commit.template [0ms]
[2022-10-21T23:07:34.873Z] > git status -z -uall [3ms]
[2022-10-21T23:07:34.880Z] > git symbolic-ref --short HEAD [1ms]
[2022-10-21T23:07:34.887Z] > git for-each-ref --format=%(refname)%00%(upstream:short)%00%(objectname)%00%(upstream:track)%00%(upstream:remotename)%00%(upstream:remoteref) refs/heads/main refs/remotes/main [1ms]
[2022-10-21T23:07:34.897Z] > git for-each-ref --sort -committerdate --format %(refname) %(objectname) %(*objectname) [5ms]
[2022-10-21T23:07:34.898Z] > git remote --verbose [2ms]
[2022-10-21T23:07:34.904Z] > git config --get commit.template [1ms]
[2022-10-21T23:08:06.722Z] > git status -z -uall [1ms]
[2022-10-21T23:08:06.725Z] > git symbolic-ref --short HEAD [0ms]
[2022-10-21T23:08:06.728Z] > git for-each-ref --format=%(refname)%00%(upstream:short)%00%(objectname)%00%(upstream:track)%00%(upstream:remotename)%00%(upstream:remoteref) refs/heads/main refs/remotes/main [1ms]
[2022-10-21T23:08:06.734Z] > git for-each-ref --sort -committerdate --format %(refname) %(objectname) %(*objectname) [3ms]
[2022-10-21T23:08:06.735Z] > git remote --verbose [1ms]
[2022-10-21T23:08:06.739Z] > git config --get commit.template [1ms]
[2022-10-21T23:08:37.219Z] > git status -z -uall [2ms]
[2022-10-21T23:08:37.226Z] > git symbolic-ref --short HEAD [2ms]
[2022-10-21T23:08:37.233Z] > git for-each-ref --format=%(refname)%00%(upstream:short)%00%(objectname)%00%(upstream:track)%00%(upstream:remotename)%00%(upstream:remoteref) refs/heads/main refs/remotes/main [2ms]
[2022-10-21T23:08:37.245Z] > git for-each-ref --sort -committerdate --format %(refname) %(objectname) %(*objectname) [6ms]
[2022-10-21T23:08:37.245Z] > git remote --verbose [1ms]
[2022-10-21T23:08:37.252Z] > git config --get commit.template [1ms]
[2022-10-21T23:09:23.683Z] > git status -z -uall [1ms]
[2022-10-21T23:09:23.686Z] > git symbolic-ref --short HEAD [1ms]
[2022-10-21T23:09:23.689Z] > git for-each-ref --format=%(refname)%00%(upstream:short)%00%(objectname)%00%(upstream:track)%00%(upstream:remotename)%00%(upstream:remoteref) refs/heads/main refs/remotes/main [1ms]
[2022-10-21T23:09:23.695Z] > git for-each-ref --sort -committerdate --format %(refname) %(objectname) %(*objectname) [4ms]
[2022-10-21T23:09:23.696Z] > git remote --verbose [2ms]
[2022-10-21T23:09:23.701Z] > git config --get commit.template [0ms]
[2022-10-21T23:12:26.751Z] > git show --textconv :drone_ips.txt [4ms]
[2022-10-21T23:12:26.752Z] > git ls-files --stage -- /home/ivan/droneDemo/drone_ips.txt [2ms]
[2022-10-21T23:12:26.756Z] > git cat-file -s c12cc9dcc16955e53718862fd66377c76f5316e2 [1ms]
[2022-10-21T23:12:27.919Z] > git show --textconv :drone_ips2.txt [2ms]
[2022-10-21T23:12:27.920Z] > git ls-files --stage -- /home/ivan/droneDemo/drone_ips2.txt [1ms]
[2022-10-21T23:12:27.922Z] > git cat-file -s c12cc9dcc16955e53718862fd66377c76f5316e2 [0ms]
[2022-10-21T23:12:28.554Z] > git show --textconv :drone_ips3.txt [3ms]
[2022-10-21T23:12:28.554Z] > git ls-files --stage -- /home/ivan/droneDemo/drone_ips3.txt [0ms]
[2022-10-21T23:12:28.557Z] > git cat-file -s c12cc9dcc16955e53718862fd66377c76f5316e2 [1ms]
[2022-10-21T23:12:29.513Z] > git show --textconv :drone_ips2.txt [4ms]
[2022-10-21T23:12:29.514Z] > git ls-files --stage -- /home/ivan/droneDemo/drone_ips2.txt [1ms]
[2022-10-21T23:12:29.519Z] > git cat-file -s c12cc9dcc16955e53718862fd66377c76f5316e2 [2ms]
[2022-10-21T23:12:30.350Z] > git show --textconv :drone_ips.txt [2ms]
[2022-10-21T23:12:30.351Z] > git ls-files --stage -- /home/ivan/droneDemo/drone_ips.txt [1ms]
[2022-10-21T23:12:30.354Z] > git cat-file -s c12cc9dcc16955e53718862fd66377c76f5316e2 [0ms]
[2022-10-21T23:12:32.385Z] > git show --textconv :star_fleet.py [7ms]
[2022-10-21T23:12:32.386Z] > git ls-files --stage -- /home/ivan/droneDemo/star_fleet.py [2ms]
[2022-10-21T23:12:32.393Z] > git cat-file -s 2296accd1b342d5f1f07d22862d1d4e78f485480 [2ms]
[2022-10-21T23:12:33.616Z] > git show --textconv :swarm_config.py [4ms]
[2022-10-21T23:12:33.616Z] > git ls-files --stage -- /home/ivan/droneDemo/swarm_config.py [1ms]
[2022-10-21T23:12:33.618Z] > git cat-file -s 8ca6483546e0385d5698257ff93b783aa2866acf [0ms]
[2022-10-21T23:12:34.905Z] > git show --textconv :star_fleet.py [7ms]
[2022-10-21T23:12:34.906Z] > git ls-files --stage -- /home/ivan/droneDemo/star_fleet.py [2ms]
[2022-10-21T23:12:34.913Z] > git cat-file -s 2296accd1b342d5f1f07d22862d1d4e78f485480 [2ms]
[2022-10-21T23:12:36.147Z] > git show --textconv :Fleet.py [2ms]
[2022-10-21T23:12:36.148Z] > git ls-files --stage -- /home/ivan/droneDemo/Fleet.py [1ms]
[2022-10-21T23:12:43.811Z] > git status -z -uall [2ms]
[2022-10-21T23:12:43.816Z] > git symbolic-ref --short HEAD [1ms]
[2022-10-21T23:12:43.823Z] > git for-each-ref --format=%(refname)%00%(upstream:short)%00%(objectname)%00%(upstream:track)%00%(upstream:remotename)%00%(upstream:remoteref) refs/heads/main refs/remotes/main [2ms]
[2022-10-21T23:12:43.834Z] > git for-each-ref --sort -committerdate --format %(refname) %(objectname) %(*objectname) [6ms]
[2022-10-21T23:12:43.835Z] > git remote --verbose [2ms]
[2022-10-21T23:12:43.842Z] > git config --get commit.template [1ms]
[2022-10-21T23:13:11.284Z] > git status -z -uall [0ms]
[2022-10-21T23:13:11.287Z] > git symbolic-ref --short HEAD [0ms]
[2022-10-21T23:13:11.291Z] > git for-each-ref --format=%(refname)%00%(upstream:short)%00%(objectname)%00%(upstream:track)%00%(upstream:remotename)%00%(upstream:remoteref) refs/heads/main refs/remotes/main [1ms]
[2022-10-21T23:13:11.298Z] > git remote --verbose [1ms]
[2022-10-21T23:13:11.298Z] > git for-each-ref --sort -committerdate --format %(refname) %(objectname) %(*objectname) [4ms]
[2022-10-21T23:13:11.303Z] > git config --get commit.template [1ms]
[2022-10-21T23:14:39.200Z] > git status -z -uall [1ms]
[2022-10-21T23:14:39.205Z] > git symbolic-ref --short HEAD [1ms]
[2022-10-21T23:14:39.208Z] > git for-each-ref --format=%(refname)%00%(upstream:short)%00%(objectname)%00%(upstream:track)%00%(upstream:remotename)%00%(upstream:remoteref) refs/heads/main refs/remotes/main [1ms]
[2022-10-21T23:14:39.214Z] > git remote --verbose [1ms]
[2022-10-21T23:14:39.215Z] > git for-each-ref --sort -committerdate --format %(refname) %(objectname) %(*objectname) [5ms]
[2022-10-21T23:14:39.220Z] > git config --get commit.template [1ms]
[2022-10-21T23:14:48.808Z] > git status -z -uall [1ms]
[2022-10-21T23:14:48.812Z] > git symbolic-ref --short HEAD [1ms]
[2022-10-21T23:14:48.816Z] > git for-each-ref --format=%(refname)%00%(upstream:short)%00%(objectname)%00%(upstream:track)%00%(upstream:remotename)%00%(upstream:remoteref) refs/heads/main refs/remotes/main [1ms]
[2022-10-21T23:14:48.822Z] > git remote --verbose [0ms]
[2022-10-21T23:14:48.822Z] > git for-each-ref --sort -committerdate --format %(refname) %(objectname) %(*objectname) [3ms]
[2022-10-21T23:14:48.827Z] > git config --get commit.template [0ms]
[2022-10-21T23:16:08.790Z] > git show --textconv :star_fleet.py [4ms]
[2022-10-21T23:16:08.791Z] > git ls-files --stage -- /home/ivan/droneDemo/star_fleet.py [2ms]
[2022-10-21T23:16:08.795Z] > git cat-file -s 2296accd1b342d5f1f07d22862d1d4e78f485480 [1ms]
[2022-10-21T23:17:16.067Z] > git show --textconv :Fleet.py [3ms]
[2022-10-21T23:17:16.068Z] > git ls-files --stage -- /home/ivan/droneDemo/Fleet.py [1ms]
[2022-10-21T23:17:20.560Z] > git show --textconv :drone_ips3.txt [5ms]
[2022-10-21T23:17:20.561Z] > git ls-files --stage -- /home/ivan/droneDemo/drone_ips3.txt [1ms]
[2022-10-21T23:17:20.565Z] > git cat-file -s c12cc9dcc16955e53718862fd66377c76f5316e2 [1ms]
[2022-10-21T23:17:49.300Z] > git status -z -uall [1ms]
[2022-10-21T23:17:49.303Z] > git symbolic-ref --short HEAD [0ms]
[2022-10-21T23:17:49.306Z] > git for-each-ref --format=%(refname)%00%(upstream:short)%00%(objectname)%00%(upstream:track)%00%(upstream:remotename)%00%(upstream:remoteref) refs/heads/main refs/remotes/main [0ms]
[2022-10-21T23:17:49.313Z] > git for-each-ref --sort -committerdate --format %(refname) %(objectname) %(*objectname) [4ms]
[2022-10-21T23:17:49.313Z] > git remote --verbose [1ms]
[2022-10-21T23:17:49.318Z] > git config --get commit.template [1ms]
[2022-10-21T23:17:50.272Z] > git show --textconv :Fleet.py [4ms]
[2022-10-21T23:17:50.272Z] > git ls-files --stage -- /home/ivan/droneDemo/Fleet.py [0ms]
[2022-10-21T23:17:54.506Z] > git status -z -uall [1ms]
[2022-10-21T23:17:54.510Z] > git symbolic-ref --short HEAD [1ms]
[2022-10-21T23:17:54.514Z] > git for-each-ref --format=%(refname)%00%(upstream:short)%00%(objectname)%00%(upstream:track)%00%(upstream:remotename)%00%(upstream:remoteref) refs/heads/main refs/remotes/main [2ms]
[2022-10-21T23:17:54.521Z] > git for-each-ref --sort -committerdate --format %(refname) %(objectname) %(*objectname) [4ms]
[2022-10-21T23:17:54.521Z] > git remote --verbose [1ms]
[2022-10-21T23:17:54.526Z] > git config --get commit.template [0ms]
[2022-10-21T23:19:59.590Z] > git show --textconv :star_fleet.py [5ms]
[2022-10-21T23:19:59.590Z] > git ls-files --stage -- /home/ivan/droneDemo/star_fleet.py [1ms]
[2022-10-21T23:19:59.594Z] > git cat-file -s 2296accd1b342d5f1f07d22862d1d4e78f485480 [1ms]
[2022-10-21T23:20:07.809Z] > git status -z -uall [1ms]
[2022-10-21T23:20:07.813Z] > git symbolic-ref --short HEAD [1ms]
[2022-10-21T23:20:07.817Z] > git for-each-ref --format=%(refname)%00%(upstream:short)%00%(objectname)%00%(upstream:track)%00%(upstream:remotename)%00%(upstream:remoteref) refs/heads/main refs/remotes/main [1ms]
[2022-10-21T23:20:07.823Z] > git for-each-ref --sort -committerdate --format %(refname) %(objectname) %(*objectname) [3ms]
[2022-10-21T23:20:07.824Z] > git remote --verbose [1ms]
[2022-10-21T23:20:07.828Z] > git config --get commit.template [1ms]
[2022-10-21T23:21:33.245Z] > git status -z -uall [2ms]
[2022-10-21T23:21:33.252Z] > git symbolic-ref --short HEAD [1ms]
[2022-10-21T23:21:33.258Z] > git for-each-ref --format=%(refname)%00%(upstream:short)%00%(objectname)%00%(upstream:track)%00%(upstream:remotename)%00%(upstream:remoteref) refs/heads/main refs/remotes/main [1ms]
[2022-10-21T23:21:33.269Z] > git for-each-ref --sort -committerdate --format %(refname) %(objectname) %(*objectname) [6ms]
[2022-10-21T23:21:33.269Z] > git remote --verbose [1ms]
[2022-10-21T23:21:33.277Z] > git config --get commit.template [1ms]
[2022-10-21T23:21:41.513Z] > git status -z -uall [1ms]
[2022-10-21T23:21:41.516Z] > git symbolic-ref --short HEAD [0ms]
[2022-10-21T23:21:41.520Z] > git for-each-ref --format=%(refname)%00%(upstream:short)%00%(objectname)%00%(upstream:track)%00%(upstream:remotename)%00%(upstream:remoteref) refs/heads/main refs/remotes/main [0ms]
[2022-10-21T23:21:41.526Z] > git for-each-ref --sort -committerdate --format %(refname) %(objectname) %(*objectname) [3ms]
[2022-10-21T23:21:41.527Z] > git remote --verbose [1ms]
[2022-10-21T23:21:41.531Z] > git config --get commit.template [1ms]
[2022-10-21T23:21:51.601Z] > git status -z -uall [1ms]
[2022-10-21T23:21:51.605Z] > git symbolic-ref --short HEAD [0ms]
[2022-10-21T23:21:51.608Z] > git for-each-ref --format=%(refname)%00%(upstream:short)%00%(objectname)%00%(upstream:track)%00%(upstream:remotename)%00%(upstream:remoteref) refs/heads/main refs/remotes/main [0ms]
[2022-10-21T23:21:51.615Z] > git for-each-ref --sort -committerdate --format %(refname) %(objectname) %(*objectname) [4ms]
[2022-10-21T23:21:51.615Z] > git remote --verbose [1ms]
[2022-10-21T23:21:51.618Z] > git config --get commit.template [0ms]
[2022-10-21T23:22:05.528Z] > git status -z -uall [1ms]
[2022-10-21T23:22:05.531Z] > git symbolic-ref --short HEAD [1ms]
[2022-10-21T23:22:05.534Z] > git for-each-ref --format=%(refname)%00%(upstream:short)%00%(objectname)%00%(upstream:track)%00%(upstream:remotename)%00%(upstream:remoteref) refs/heads/main refs/remotes/main [0ms]
[2022-10-21T23:22:05.540Z] > git for-each-ref --sort -committerdate --format %(refname) %(objectname) %(*objectname) [4ms]
[2022-10-21T23:22:05.540Z] > git remote --verbose [1ms]
[2022-10-21T23:22:05.543Z] > git config --get commit.template [1ms]
[2022-10-21T23:22:16.043Z] > git status -z -uall [2ms]
[2022-10-21T23:22:16.051Z] > git symbolic-ref --short HEAD [2ms]
[2022-10-21T23:22:16.058Z] > git for-each-ref --format=%(refname)%00%(upstream:short)%00%(objectname)%00%(upstream:track)%00%(upstream:remotename)%00%(upstream:remoteref) refs/heads/main refs/remotes/main [2ms]
[2022-10-21T23:22:16.069Z] > git for-each-ref --sort -committerdate --format %(refname) %(objectname) %(*objectname) [6ms]
[2022-10-21T23:22:16.069Z] > git remote --verbose [1ms]
[2022-10-21T23:22:16.076Z] > git config --get commit.template [1ms]
[2022-10-21T23:22:24.403Z] > git status -z -uall [1ms]
[2022-10-21T23:22:24.406Z] > git symbolic-ref --short HEAD [1ms]
[2022-10-21T23:22:24.408Z] > git for-each-ref --format=%(refname)%00%(upstream:short)%00%(objectname)%00%(upstream:track)%00%(upstream:remotename)%00%(upstream:remoteref) refs/heads/main refs/remotes/main [0ms]
[2022-10-21T23:22:24.414Z] > git remote --verbose [1ms]
[2022-10-21T23:22:24.414Z] > git for-each-ref --sort -committerdate --format %(refname) %(objectname) %(*objectname) [3ms]
[2022-10-21T23:22:24.417Z] > git config --get commit.template [0ms]
[2022-10-21T23:22:29.423Z] > git status -z -uall [1ms]
[2022-10-21T23:22:29.426Z] > git symbolic-ref --short HEAD [1ms]
[2022-10-21T23:22:29.428Z] > git for-each-ref --format=%(refname)%00%(upstream:short)%00%(objectname)%00%(upstream:track)%00%(upstream:remotename)%00%(upstream:remoteref) refs/heads/main refs/remotes/main [0ms]
[2022-10-21T23:22:29.433Z] > git remote --verbose [0ms]
[2022-10-21T23:22:29.433Z] > git for-each-ref --sort -committerdate --format %(refname) %(objectname) %(*objectname) [3ms]
[2022-10-21T23:22:29.437Z] > git config --get commit.template [1ms]
[2022-10-21T23:22:34.447Z] > git status -z -uall [2ms]
[2022-10-21T23:22:34.455Z] > git symbolic-ref --short HEAD [1ms]
[2022-10-21T23:22:34.462Z] > git for-each-ref --format=%(refname)%00%(upstream:short)%00%(objectname)%00%(upstream:track)%00%(upstream:remotename)%00%(upstream:remoteref) refs/heads/main refs/remotes/main [1ms]
[2022-10-21T23:22:34.474Z] > git for-each-ref --sort -committerdate --format %(refname) %(objectname) %(*objectname) [6ms]
[2022-10-21T23:22:34.474Z] > git remote --verbose [1ms]
[2022-10-21T23:22:34.483Z] > git config --get commit.template [2ms]
[2022-10-21T23:22:42.608Z] > git status -z -uall [0ms]
[2022-10-21T23:22:42.614Z] > git symbolic-ref --short HEAD [1ms]
[2022-10-21T23:22:42.621Z] > git for-each-ref --format=%(refname)%00%(upstream:short)%00%(objectname)%00%(upstream:track)%00%(upstream:remotename)%00%(upstream:remoteref) refs/heads/main refs/remotes/main [1ms]
[2022-10-21T23:22:42.633Z] > git for-each-ref --sort -committerdate --format %(refname) %(objectname) %(*objectname) [6ms]
[2022-10-21T23:22:42.633Z] > git remote --verbose [1ms]
[2022-10-21T23:22:42.640Z] > git config --get commit.template [1ms]
[2022-10-21T23:22:47.651Z] > git status -z -uall [2ms]
[2022-10-21T23:22:47.659Z] > git symbolic-ref --short HEAD [2ms]
[2022-10-21T23:22:47.666Z] > git for-each-ref --format=%(refname)%00%(upstream:short)%00%(objectname)%00%(upstream:track)%00%(upstream:remotename)%00%(upstream:remoteref) refs/heads/main refs/remotes/main [2ms]
[2022-10-21T23:22:47.678Z] > git for-each-ref --sort -committerdate --format %(refname) %(objectname) %(*objectname) [7ms]
[2022-10-21T23:22:47.678Z] > git remote --verbose [2ms]
[2022-10-21T23:22:47.685Z] > git config --get commit.template [1ms]
[2022-10-21T23:23:06.308Z] > git status -z -uall [3ms]
[2022-10-21T23:23:06.316Z] > git symbolic-ref --short HEAD [2ms]
[2022-10-21T23:23:06.323Z] > git for-each-ref --format=%(refname)%00%(upstream:short)%00%(objectname)%00%(upstream:track)%00%(upstream:remotename)%00%(upstream:remoteref) refs/heads/main refs/remotes/main [2ms]
[2022-10-21T23:23:06.334Z] > git for-each-ref --sort -committerdate --format %(refname) %(objectname) %(*objectname) [6ms]
[2022-10-21T23:23:06.335Z] > git remote --verbose [2ms]
[2022-10-21T23:23:06.342Z] > git config --get commit.template [2ms]
[2022-10-21T23:23:11.353Z] > git status -z -uall [2ms]
[2022-10-21T23:23:11.355Z] > git symbolic-ref --short HEAD [0ms]
[2022-10-21T23:23:11.359Z] > git for-each-ref --format=%(refname)%00%(upstream:short)%00%(objectname)%00%(upstream:track)%00%(upstream:remotename)%00%(upstream:remoteref) refs/heads/main refs/remotes/main [0ms]
[2022-10-21T23:23:11.371Z] > git for-each-ref --sort -committerdate --format %(refname) %(objectname) %(*objectname) [6ms]
[2022-10-21T23:23:11.372Z] > git remote --verbose [2ms]
[2022-10-21T23:23:11.379Z] > git config --get commit.template [1ms]
[2022-10-21T23:23:32.568Z] > git status -z -uall [1ms]
[2022-10-21T23:23:32.572Z] > git symbolic-ref --short HEAD [1ms]
[2022-10-21T23:23:32.575Z] > git for-each-ref --format=%(refname)%00%(upstream:short)%00%(objectname)%00%(upstream:track)%00%(upstream:remotename)%00%(upstream:remoteref) refs/heads/main refs/remotes/main [1ms]
[2022-10-21T23:23:32.580Z] > git for-each-ref --sort -committerdate --format %(refname) %(objectname) %(*objectname) [3ms]
[2022-10-21T23:23:32.581Z] > git remote --verbose [1ms]
[2022-10-21T23:23:32.584Z] > git config --get commit.template [0ms]
[2022-10-21T23:23:44.939Z] > git status -z -uall [2ms]
[2022-10-21T23:23:44.946Z] > git symbolic-ref --short HEAD [1ms]
[2022-10-21T23:23:44.953Z] > git for-each-ref --format=%(refname)%00%(upstream:short)%00%(objectname)%00%(upstream:track)%00%(upstream:remotename)%00%(upstream:remoteref) refs/heads/main refs/remotes/main [1ms]
[2022-10-21T23:23:44.965Z] > git for-each-ref --sort -committerdate --format %(refname) %(objectname) %(*objectname) [6ms]
[2022-10-21T23:23:44.965Z] > git remote --verbose [1ms]
[2022-10-21T23:23:44.973Z] > git config --get commit.template [1ms]
[2022-10-21T23:23:49.983Z] > git status -z -uall [2ms]
[2022-10-21T23:23:49.985Z] > git symbolic-ref --short HEAD [0ms]
[2022-10-21T23:23:49.990Z] > git for-each-ref --format=%(refname)%00%(upstream:short)%00%(objectname)%00%(upstream:track)%00%(upstream:remotename)%00%(upstream:remoteref) refs/heads/main refs/remotes/main [1ms]
[2022-10-21T23:23:50.002Z] > git for-each-ref --sort -committerdate --format %(refname) %(objectname) %(*objectname) [6ms]
[2022-10-21T23:23:50.002Z] > git remote --verbose [1ms]
[2022-10-21T23:23:50.010Z] > git config --get commit.template [1ms]
[2022-10-21T23:23:59.335Z] > git status -z -uall [2ms]
[2022-10-21T23:23:59.343Z] > git symbolic-ref --short HEAD [2ms]
[2022-10-21T23:23:59.350Z] > git for-each-ref --format=%(refname)%00%(upstream:short)%00%(objectname)%00%(upstream:track)%00%(upstream:remotename)%00%(upstream:remoteref) refs/heads/main refs/remotes/main [2ms]
[2022-10-21T23:23:59.362Z] > git for-each-ref --sort -committerdate --format %(refname) %(objectname) %(*objectname) [6ms]
[2022-10-21T23:23:59.362Z] > git remote --verbose [1ms]
[2022-10-21T23:23:59.370Z] > git config --get commit.template [1ms]
[2022-10-21T23:24:38.509Z] > git status -z -uall [2ms]
[2022-10-21T23:24:38.515Z] > git symbolic-ref --short HEAD [2ms]
[2022-10-21T23:24:38.522Z] > git for-each-ref --format=%(refname)%00%(upstream:short)%00%(objectname)%00%(upstream:track)%00%(upstream:remotename)%00%(upstream:remoteref) refs/heads/main refs/remotes/main [2ms]
[2022-10-21T23:24:38.533Z] > git for-each-ref --sort -committerdate --format %(refname) %(objectname) %(*objectname) [6ms]
[2022-10-21T23:24:38.533Z] > git remote --verbose [1ms]
[2022-10-21T23:24:38.540Z] > git config --get commit.template [1ms]
[2022-10-21T23:26:42.824Z] > git show --textconv :drone_ips.txt [3ms]
[2022-10-21T23:26:42.825Z] > git ls-files --stage -- /home/ivan/droneDemo/drone_ips.txt [1ms]
[2022-10-21T23:26:42.828Z] > git cat-file -s c12cc9dcc16955e53718862fd66377c76f5316e2 [0ms]
[2022-10-21T23:26:46.945Z] > git status -z -uall [1ms]
[2022-10-21T23:26:46.950Z] > git symbolic-ref --short HEAD [1ms]
[2022-10-21T23:26:46.954Z] > git for-each-ref --format=%(refname)%00%(upstream:short)%00%(objectname)%00%(upstream:track)%00%(upstream:remotename)%00%(upstream:remoteref) refs/heads/main refs/remotes/main [0ms]
[2022-10-21T23:26:46.961Z] > git remote --verbose [1ms]
[2022-10-21T23:26:46.961Z] > git for-each-ref --sort -committerdate --format %(refname) %(objectname) %(*objectname) [4ms]
[2022-10-21T23:26:46.966Z] > git config --get commit.template [1ms]
[2022-10-21T23:26:47.276Z] > git show --textconv :star_fleet.py [2ms]
[2022-10-21T23:26:47.277Z] > git ls-files --stage -- /home/ivan/droneDemo/star_fleet.py [1ms]
[2022-10-21T23:26:47.280Z] > git cat-file -s 2296accd1b342d5f1f07d22862d1d4e78f485480 [0ms]
[2022-10-21T23:27:31.070Z] > git show --textconv :drone_ips.txt [4ms]
[2022-10-21T23:27:31.070Z] > git ls-files --stage -- /home/ivan/droneDemo/drone_ips.txt [0ms]
[2022-10-21T23:27:31.074Z] > git cat-file -s c12cc9dcc16955e53718862fd66377c76f5316e2 [0ms]
[2022-10-21T23:27:35.228Z] > git status -z -uall [2ms]
[2022-10-21T23:27:35.230Z] > git symbolic-ref --short HEAD [0ms]
[2022-10-21T23:27:35.236Z] > git for-each-ref --format=%(refname)%00%(upstream:short)%00%(objectname)%00%(upstream:track)%00%(upstream:remotename)%00%(upstream:remoteref) refs/heads/main refs/remotes/main [2ms]
[2022-10-21T23:27:35.247Z] > git for-each-ref --sort -committerdate --format %(refname) %(objectname) %(*objectname) [6ms]
[2022-10-21T23:27:35.248Z] > git remote --verbose [2ms]
[2022-10-21T23:27:35.255Z] > git config --get commit.template [1ms]
[2022-10-21T23:28:36.629Z] > git status -z -uall [1ms]
[2022-10-21T23:28:36.634Z] > git symbolic-ref --short HEAD [1ms]
[2022-10-21T23:28:36.638Z] > git for-each-ref --format=%(refname)%00%(upstream:short)%00%(objectname)%00%(upstream:track)%00%(upstream:remotename)%00%(upstream:remoteref) refs/heads/main refs/remotes/main [1ms]
[2022-10-21T23:28:36.645Z] > git remote --verbose [2ms]
[2022-10-21T23:28:36.645Z] > git for-each-ref --sort -committerdate --format %(refname) %(objectname) %(*objectname) [4ms]
[2022-10-21T23:28:36.649Z] > git config --get commit.template [0ms]
[2022-10-21T23:28:38.091Z] > git show --textconv :README.md [4ms]
[2022-10-21T23:28:38.091Z] > git ls-files --stage -- /home/ivan/droneDemo/README.md [1ms]
[2022-10-21T23:28:38.109Z] > git cat-file -s ce4f6a021a6bc6df59d9a46fdb9c7982e9a2edc7 [16ms]
[2022-10-21T23:28:38.890Z] > git show --textconv :star_fleet.py [3ms]
[2022-10-21T23:28:38.890Z] > git ls-files --stage -- /home/ivan/droneDemo/star_fleet.py [0ms]
[2022-10-21T23:28:38.894Z] > git cat-file -s 2296accd1b342d5f1f07d22862d1d4e78f485480 [1ms]
[2022-10-21T23:28:41.159Z] > git show --textconv :README.md [7ms]
[2022-10-21T23:28:41.160Z] > git ls-files --stage -- /home/ivan/droneDemo/README.md [2ms]
[2022-10-21T23:28:41.167Z] > git cat-file -s ce4f6a021a6bc6df59d9a46fdb9c7982e9a2edc7 [1ms]
[2022-10-21T23:28:41.796Z] > git show --textconv :Fleet.py [6ms]
[2022-10-21T23:28:41.797Z] > git ls-files --stage -- /home/ivan/droneDemo/Fleet.py [2ms]
[2022-10-21T23:28:49.193Z] > git show --textconv :drone_ips.txt [6ms]
[2022-10-21T23:28:49.194Z] > git ls-files --stage -- /home/ivan/droneDemo/drone_ips.txt [1ms]
[2022-10-21T23:28:49.197Z] > git cat-file -s c12cc9dcc16955e53718862fd66377c76f5316e2 [1ms]
[2022-10-21T23:28:57.818Z] > git show --textconv :star_fleet.py [3ms]
[2022-10-21T23:28:57.819Z] > git ls-files --stage -- /home/ivan/droneDemo/star_fleet.py [1ms]
[2022-10-21T23:28:57.822Z] > git cat-file -s 2296accd1b342d5f1f07d22862d1d4e78f485480 [1ms]
[2022-10-21T23:29:02.045Z] > git status -z -uall [1ms]
[2022-10-21T23:29:02.048Z] > git symbolic-ref --short HEAD [1ms]
[2022-10-21T23:29:02.051Z] > git for-each-ref --format=%(refname)%00%(upstream:short)%00%(objectname)%00%(upstream:track)%00%(upstream:remotename)%00%(upstream:remoteref) refs/heads/main refs/remotes/main [0ms]
[2022-10-21T23:29:02.059Z] > git for-each-ref --sort -committerdate --format %(refname) %(objectname) %(*objectname) [3ms]
[2022-10-21T23:29:02.060Z] > git remote --verbose [1ms]
[2022-10-21T23:29:02.064Z] > git config --get commit.template [1ms]
[2022-10-21T23:29:52.862Z] > git status -z -uall [2ms]
[2022-10-21T23:29:52.866Z] > git symbolic-ref --short HEAD [2ms]
[2022-10-21T23:29:52.873Z] > git for-each-ref --format=%(refname)%00%(upstream:short)%00%(objectname)%00%(upstream:track)%00%(upstream:remotename)%00%(upstream:remoteref) refs/heads/main refs/remotes/main [2ms]
[2022-10-21T23:29:52.885Z] > git for-each-ref --sort -committerdate --format %(refname) %(objectname) %(*objectname) [7ms]
[2022-10-21T23:29:52.885Z] > git remote --verbose [1ms]
[2022-10-21T23:29:52.892Z] > git config --get commit.template [1ms]
[2022-10-21T23:30:01.788Z] > git show --textconv :drone_ips.txt [5ms]
[2022-10-21T23:30:01.789Z] > git ls-files --stage -- /home/ivan/droneDemo/drone_ips.txt [1ms]
[2022-10-21T23:30:01.791Z] > git cat-file -s c12cc9dcc16955e53718862fd66377c76f5316e2 [0ms]
[2022-10-21T23:30:04.806Z] > git status -z -uall [0ms]
[2022-10-21T23:30:04.811Z] > git symbolic-ref --short HEAD [1ms]
[2022-10-21T23:30:04.816Z] > git for-each-ref --format=%(refname)%00%(upstream:short)%00%(objectname)%00%(upstream:track)%00%(upstream:remotename)%00%(upstream:remoteref) refs/heads/main refs/remotes/main [1ms]
[2022-10-21T23:30:04.822Z] > git for-each-ref --sort -committerdate --format %(refname) %(objectname) %(*objectname) [4ms]
[2022-10-21T23:30:04.822Z] > git remote --verbose [1ms]
[2022-10-21T23:30:04.826Z] > git config --get commit.template [1ms]
[2022-10-21T23:30:05.459Z] > git show --textconv :star_fleet.py [6ms]
[2022-10-21T23:30:05.460Z] > git ls-files --stage -- /home/ivan/droneDemo/star_fleet.py [1ms]
[2022-10-21T23:30:05.467Z] > git cat-file -s 2296accd1b342d5f1f07d22862d1d4e78f485480 [2ms]
[2022-10-21T23:31:26.388Z] > git show --textconv :drone_ips.txt [4ms]
[2022-10-21T23:31:26.388Z] > git ls-files --stage -- /home/ivan/droneDemo/drone_ips.txt [1ms]
[2022-10-21T23:31:26.392Z] > git cat-file -s c12cc9dcc16955e53718862fd66377c76f5316e2 [1ms]
[2022-10-21T23:31:30.446Z] > git status -z -uall [1ms]
[2022-10-21T23:31:30.451Z] > git symbolic-ref --short HEAD [1ms]
[2022-10-21T23:31:30.454Z] > git for-each-ref --format=%(refname)%00%(upstream:short)%00%(objectname)%00%(upstream:track)%00%(upstream:remotename)%00%(upstream:remoteref) refs/heads/main refs/remotes/main [1ms]
[2022-10-21T23:31:30.459Z] > git remote --verbose [0ms]
[2022-10-21T23:31:30.459Z] > git for-each-ref --sort -committerdate --format %(refname) %(objectname) %(*objectname) [3ms]
[2022-10-21T23:31:30.464Z] > git config --get commit.template [1ms]
[2022-10-21T23:31:30.775Z] > git show --textconv :star_fleet.py [3ms]
[2022-10-21T23:31:30.775Z] > git ls-files --stage -- /home/ivan/droneDemo/star_fleet.py [0ms]
[2022-10-21T23:31:30.778Z] > git cat-file -s 2296accd1b342d5f1f07d22862d1d4e78f485480 [0ms]
[2022-10-21T23:31:36.339Z] > git status -z -uall [3ms]
[2022-10-21T23:31:36.346Z] > git symbolic-ref --short HEAD [1ms]
[2022-10-21T23:31:36.354Z] > git for-each-ref --format=%(refname)%00%(upstream:short)%00%(objectname)%00%(upstream:track)%00%(upstream:remotename)%00%(upstream:remoteref) refs/heads/main refs/remotes/main [2ms]
[2022-10-21T23:31:36.363Z] > git for-each-ref --sort -committerdate --format %(refname) %(objectname) %(*objectname) [4ms]
[2022-10-21T23:31:36.363Z] > git remote --verbose [1ms]
[2022-10-21T23:31:36.370Z] > git config --get commit.template [1ms]
[2022-10-21T23:31:41.454Z] > git status -z -uall [1ms]
[2022-10-21T23:31:41.458Z] > git symbolic-ref --short HEAD [1ms]
[2022-10-21T23:31:41.461Z] > git for-each-ref --format=%(refname)%00%(upstream:short)%00%(objectname)%00%(upstream:track)%00%(upstream:remotename)%00%(upstream:remoteref) refs/heads/main refs/remotes/main [1ms]
[2022-10-21T23:31:41.468Z] > git remote --verbose [1ms]
[2022-10-21T23:31:41.468Z] > git for-each-ref --sort -committerdate --format %(refname) %(objectname) %(*objectname) [4ms]
[2022-10-21T23:31:41.472Z] > git config --get commit.template [1ms]
[2022-10-21T23:32:25.116Z] > git show --textconv :drone_ips.txt [3ms]
[2022-10-21T23:32:25.116Z] > git ls-files --stage -- /home/ivan/droneDemo/drone_ips.txt [0ms]
[2022-10-21T23:32:25.120Z] > git cat-file -s c12cc9dcc16955e53718862fd66377c76f5316e2 [1ms]
[2022-10-21T23:32:28.825Z] > git status -z -uall [1ms]
[2022-10-21T23:32:28.828Z] > git symbolic-ref --short HEAD [1ms]
[2022-10-21T23:32:28.832Z] > git for-each-ref --format=%(refname)%00%(upstream:short)%00%(objectname)%00%(upstream:track)%00%(upstream:remotename)%00%(upstream:remoteref) refs/heads/main refs/remotes/main [1ms]
[2022-10-21T23:32:28.837Z] > git remote --verbose [1ms]
[2022-10-21T23:32:28.837Z] > git for-each-ref --sort -committerdate --format %(refname) %(objectname) %(*objectname) [3ms]
[2022-10-21T23:32:28.841Z] > git config --get commit.template [0ms]
[2022-10-21T23:32:29.264Z] > git show --textconv :star_fleet.py [3ms]
[2022-10-21T23:32:29.265Z] > git ls-files --stage -- /home/ivan/droneDemo/star_fleet.py [1ms]
[2022-10-21T23:32:29.268Z] > git cat-file -s 2296accd1b342d5f1f07d22862d1d4e78f485480 [1ms]
[2022-10-21T23:32:33.850Z] > git status -z -uall [1ms]
[2022-10-21T23:32:33.858Z] > git symbolic-ref --short HEAD [1ms]
[2022-10-21T23:32:33.862Z] > git for-each-ref --format=%(refname)%00%(upstream:short)%00%(objectname)%00%(upstream:track)%00%(upstream:remotename)%00%(upstream:remoteref) refs/heads/main refs/remotes/main [0ms]
[2022-10-21T23:32:33.873Z] > git for-each-ref --sort -committerdate --format %(refname) %(objectname) %(*objectname) [6ms]
[2022-10-21T23:32:33.873Z] > git remote --verbose [1ms]
[2022-10-21T23:32:33.880Z] > git config --get commit.template [1ms]
[2022-10-21T23:33:20.345Z] > git show --textconv :drone_ips.txt [5ms]
[2022-10-21T23:33:20.345Z] > git ls-files --stage -- /home/ivan/droneDemo/drone_ips.txt [1ms]
[2022-10-21T23:33:20.350Z] > git cat-file -s c12cc9dcc16955e53718862fd66377c76f5316e2 [1ms]
[2022-10-21T23:33:23.333Z] > git status -z -uall [1ms]
[2022-10-21T23:33:23.337Z] > git symbolic-ref --short HEAD [0ms]
[2022-10-21T23:33:23.342Z] > git for-each-ref --format=%(refname)%00%(upstream:short)%00%(objectname)%00%(upstream:track)%00%(upstream:remotename)%00%(upstream:remoteref) refs/heads/main refs/remotes/main [1ms]
[2022-10-21T23:33:23.357Z] > git show --textconv :star_fleet.py [5ms]
[2022-10-21T23:33:23.357Z] > git remote --verbose [10ms]
[2022-10-21T23:33:23.357Z] > git for-each-ref --sort -committerdate --format %(refname) %(objectname) %(*objectname) [12ms]
[2022-10-21T23:33:23.361Z] > git ls-files --stage -- /home/ivan/droneDemo/star_fleet.py [5ms]
[2022-10-21T23:33:23.365Z] > git config --get commit.template [5ms]
[2022-10-21T23:33:23.365Z] > git cat-file -s 2296accd1b342d5f1f07d22862d1d4e78f485480 [1ms]
[2022-10-21T23:35:15.656Z] > git show --textconv :drone_ips.txt [4ms]
[2022-10-21T23:35:15.656Z] > git ls-files --stage -- /home/ivan/droneDemo/drone_ips.txt [1ms]
[2022-10-21T23:35:15.660Z] > git cat-file -s c12cc9dcc16955e53718862fd66377c76f5316e2 [1ms]
[2022-10-21T23:35:18.758Z] > git status -z -uall [1ms]
[2022-10-21T23:35:18.761Z] > git symbolic-ref --short HEAD [0ms]
[2022-10-21T23:35:18.765Z] > git for-each-ref --format=%(refname)%00%(upstream:short)%00%(objectname)%00%(upstream:track)%00%(upstream:remotename)%00%(upstream:remoteref) refs/heads/main refs/remotes/main [1ms]
[2022-10-21T23:35:18.770Z] > git remote --verbose [1ms]
[2022-10-21T23:35:18.770Z] > git for-each-ref --sort -committerdate --format %(refname) %(objectname) %(*objectname) [4ms]
[2022-10-21T23:35:18.773Z] > git config --get commit.template [0ms]
[2022-10-21T23:35:18.800Z] > git show --textconv :star_fleet.py [2ms]
[2022-10-21T23:35:18.801Z] > git ls-files --stage -- /home/ivan/droneDemo/star_fleet.py [1ms]
[2022-10-21T23:35:18.804Z] > git cat-file -s 2296accd1b342d5f1f07d22862d1d4e78f485480 [1ms]
[2022-10-21T23:39:05.300Z] > git show --textconv :swarm_config.py [3ms]
[2022-10-21T23:39:05.300Z] > git ls-files --stage -- /home/ivan/droneDemo/swarm_config.py [1ms]
[2022-10-21T23:39:05.304Z] > git cat-file -s 8ca6483546e0385d5698257ff93b783aa2866acf [1ms]
[2022-10-21T23:45:02.413Z] > git show --textconv :star_fleet.py [2ms]
[2022-10-21T23:45:02.413Z] > git ls-files --stage -- /home/ivan/droneDemo/star_fleet.py [0ms]
[2022-10-21T23:45:02.415Z] > git cat-file -s 2296accd1b342d5f1f07d22862d1d4e78f485480 [0ms]
[2022-10-21T23:45:03.768Z] > git show --textconv :swarm_config.py [6ms]
[2022-10-21T23:45:03.769Z] > git ls-files --stage -- /home/ivan/droneDemo/swarm_config.py [1ms]
[2022-10-21T23:45:03.776Z] > git cat-file -s 8ca6483546e0385d5698257ff93b783aa2866acf [2ms]
[2022-10-21T23:45:20.749Z] > git show --textconv :star_fleet.py [4ms]
[2022-10-21T23:45:20.749Z] > git ls-files --stage -- /home/ivan/droneDemo/star_fleet.py [1ms]
[2022-10-21T23:45:20.753Z] > git cat-file -s 2296accd1b342d5f1f07d22862d1d4e78f485480 [1ms]
[2022-10-21T23:45:21.803Z] > git show --textconv :swarm_config.py [4ms]
[2022-10-21T23:45:21.803Z] > git ls-files --stage -- /home/ivan/droneDemo/swarm_config.py [0ms]
[2022-10-21T23:45:21.808Z] > git cat-file -s 8ca6483546e0385d5698257ff93b783aa2866acf [1ms]
[2022-10-21T23:45:28.308Z] > git show --textconv :star_fleet.py [6ms]
[2022-10-21T23:45:28.308Z] > git ls-files --stage -- /home/ivan/droneDemo/star_fleet.py [1ms]
[2022-10-21T23:45:28.315Z] > git cat-file -s 2296accd1b342d5f1f07d22862d1d4e78f485480 [1ms]
[2022-10-21T23:45:29.151Z] > git show --textconv :swarm_config.py [3ms]
[2022-10-21T23:45:29.151Z] > git ls-files --stage -- /home/ivan/droneDemo/swarm_config.py [0ms]
[2022-10-21T23:45:29.155Z] > git cat-file -s 8ca6483546e0385d5698257ff93b783aa2866acf [1ms]
[2022-10-21T23:47:32.052Z] > git status -z -uall [3ms]
[2022-10-21T23:47:32.054Z] > git symbolic-ref --short HEAD [1ms]
[2022-10-21T23:47:32.056Z] > git for-each-ref --format=%(refname)%00%(upstream:short)%00%(objectname)%00%(upstream:track)%00%(upstream:remotename)%00%(upstream:remoteref) refs/heads/main refs/remotes/main [0ms]
[2022-10-21T23:47:32.067Z] > git for-each-ref --sort -committerdate --format %(refname) %(objectname) %(*objectname) [6ms]
[2022-10-21T23:47:32.068Z] > git remote --verbose [2ms]
[2022-10-21T23:47:32.076Z] > git config --get commit.template [1ms]
[2022-10-21T23:47:56.245Z] > git status -z -uall [1ms]
[2022-10-21T23:47:56.248Z] > git symbolic-ref --short HEAD [0ms]
[2022-10-21T23:47:56.252Z] > git for-each-ref --format=%(refname)%00%(upstream:short)%00%(objectname)%00%(upstream:track)%00%(upstream:remotename)%00%(upstream:remoteref) refs/heads/main refs/remotes/main [1ms]
[2022-10-21T23:47:56.257Z] > git remote --verbose [1ms]
[2022-10-21T23:47:56.257Z] > git for-each-ref --sort -committerdate --format %(refname) %(objectname) %(*objectname) [3ms]
[2022-10-21T23:47:56.261Z] > git config --get commit.template [0ms]
[2022-10-21T23:48:17.008Z] > git show --textconv :star_fleet.py [3ms]
[2022-10-21T23:48:17.009Z] > git ls-files --stage -- /home/ivan/droneDemo/star_fleet.py [1ms]
[2022-10-21T23:48:17.012Z] > git cat-file -s 2296accd1b342d5f1f07d22862d1d4e78f485480 [1ms]
[2022-10-21T23:48:39.946Z] > git show --textconv :drone_ips.txt [4ms]
[2022-10-21T23:48:39.946Z] > git ls-files --stage -- /home/ivan/droneDemo/drone_ips.txt [1ms]
[2022-10-21T23:48:39.949Z] > git cat-file -s c12cc9dcc16955e53718862fd66377c76f5316e2 [0ms]
[2022-10-21T23:48:43.516Z] > git status -z -uall [0ms]
[2022-10-21T23:48:43.520Z] > git symbolic-ref --short HEAD [0ms]
[2022-10-21T23:48:43.524Z] > git for-each-ref --format=%(refname)%00%(upstream:short)%00%(objectname)%00%(upstream:track)%00%(upstream:remotename)%00%(upstream:remoteref) refs/heads/main refs/remotes/main [1ms]
[2022-10-21T23:48:43.532Z] > git remote --verbose [1ms]
[2022-10-21T23:48:43.532Z] > git for-each-ref --sort -committerdate --format %(refname) %(objectname) %(*objectname) [4ms]
[2022-10-21T23:48:43.536Z] > git config --get commit.template [0ms]
[2022-10-21T23:48:43.848Z] > git show --textconv :swarm_config.py [3ms]
[2022-10-21T23:48:43.849Z] > git ls-files --stage -- /home/ivan/droneDemo/swarm_config.py [1ms]
[2022-10-21T23:48:43.851Z] > git cat-file -s 8ca6483546e0385d5698257ff93b783aa2866acf [0ms]
[2022-10-21T23:48:44.345Z] > git show --textconv :star_fleet.py [7ms]
[2022-10-21T23:48:44.345Z] > git ls-files --stage -- /home/ivan/droneDemo/star_fleet.py [1ms]
[2022-10-21T23:48:44.353Z] > git cat-file -s 2296accd1b342d5f1f07d22862d1d4e78f485480 [1ms]
[2022-10-22T00:03:17.799Z] > git status -z -uall [2ms]
[2022-10-22T00:03:17.806Z] > git symbolic-ref --short HEAD [1ms]
[2022-10-22T00:03:17.813Z] > git for-each-ref --format=%(refname)%00%(upstream:short)%00%(objectname)%00%(upstream:track)%00%(upstream:remotename)%00%(upstream:remoteref) refs/heads/main refs/remotes/main [2ms]
[2022-10-22T00:03:17.824Z] > git for-each-ref --sort -committerdate --format %(refname) %(objectname) %(*objectname) [6ms]
[2022-10-22T00:03:17.825Z] > git remote --verbose [2ms]
[2022-10-22T00:03:17.832Z] > git config --get commit.template [1ms]
[2022-10-22T00:40:25.764Z] > git status -z -uall [2ms]
[2022-10-22T00:40:25.768Z] > git symbolic-ref --short HEAD [1ms]
[2022-10-22T00:40:25.776Z] > git for-each-ref --format=%(refname)%00%(upstream:short)%00%(objectname)%00%(upstream:track)%00%(upstream:remotename)%00%(upstream:remoteref) refs/heads/main refs/remotes/main [2ms]
[2022-10-22T00:40:25.783Z] > git remote --verbose [1ms]
[2022-10-22T00:40:25.783Z] > git for-each-ref --sort -committerdate --format %(refname) %(objectname) %(*objectname) [3ms]
[2022-10-22T00:40:25.788Z] > git config --get commit.template [1ms]
[2022-10-22T00:42:47.046Z] > git show --textconv :drone_ips.txt [4ms]
[2022-10-22T00:42:47.046Z] > git ls-files --stage -- /home/ivan/droneDemo/drone_ips.txt [1ms]
[2022-10-22T00:42:47.049Z] > git cat-file -s c12cc9dcc16955e53718862fd66377c76f5316e2 [0ms]
[2022-10-22T00:42:51.925Z] > git status -z -uall [1ms]
[2022-10-22T00:42:51.929Z] > git symbolic-ref --short HEAD [0ms]
[2022-10-22T00:42:51.932Z] > git for-each-ref --format=%(refname)%00%(upstream:short)%00%(objectname)%00%(upstream:track)%00%(upstream:remotename)%00%(upstream:remoteref) refs/heads/main refs/remotes/main [1ms]
[2022-10-22T00:42:51.938Z] > git for-each-ref --sort -committerdate --format %(refname) %(objectname) %(*objectname) [3ms]
[2022-10-22T00:42:51.939Z] > git remote --verbose [1ms]
[2022-10-22T00:42:51.943Z] > git config --get commit.template [1ms]
[2022-10-22T00:43:07.576Z] > git show --textconv :drone_ips2.txt [7ms]
[2022-10-22T00:43:07.577Z] > git ls-files --stage -- /home/ivan/droneDemo/drone_ips2.txt [1ms]
[2022-10-22T00:43:07.582Z] > git cat-file -s c12cc9dcc16955e53718862fd66377c76f5316e2 [1ms]
[2022-10-22T00:46:40.221Z] > git status -z -uall [2ms]
[2022-10-22T00:46:40.229Z] > git symbolic-ref --short HEAD [2ms]
[2022-10-22T00:46:40.238Z] > git for-each-ref --format=%(refname)%00%(upstream:short)%00%(objectname)%00%(upstream:track)%00%(upstream:remotename)%00%(upstream:remoteref) refs/heads/main refs/remotes/main [2ms]
[2022-10-22T00:46:40.246Z] > git for-each-ref --sort -committerdate --format %(refname) %(objectname) %(*objectname) [5ms]
[2022-10-22T00:46:40.246Z] > git remote --verbose [1ms]
[2022-10-22T00:46:40.250Z] > git config --get commit.template [0ms]
[2022-10-22T00:47:58.364Z] > git status -z -uall [2ms]
[2022-10-22T00:47:58.366Z] > git symbolic-ref --short HEAD [0ms]
[2022-10-22T00:47:58.373Z] > git for-each-ref --format=%(refname)%00%(upstream:short)%00%(objectname)%00%(upstream:track)%00%(upstream:remotename)%00%(upstream:remoteref) refs/heads/main refs/remotes/main [2ms]
[2022-10-22T00:47:58.385Z] > git for-each-ref --sort -committerdate --format %(refname) %(objectname) %(*objectname) [6ms]
[2022-10-22T00:47:58.385Z] > git remote --verbose [1ms]
[2022-10-22T00:47:58.393Z] > git config --get commit.template [1ms]
[2022-10-22T00:49:22.770Z] > git show --textconv :drone_ips3.txt [3ms]
[2022-10-22T00:49:22.771Z] > git ls-files --stage -- /home/ivan/droneDemo/drone_ips3.txt [1ms]
[2022-10-22T00:49:22.774Z] > git cat-file -s c12cc9dcc16955e53718862fd66377c76f5316e2 [0ms]
[2022-10-22T00:51:33.164Z] > git status -z -uall [0ms]
[2022-10-22T00:51:33.168Z] > git symbolic-ref --short HEAD [1ms]
[2022-10-22T00:51:33.177Z] > git for-each-ref --format=%(refname)%00%(upstream:short)%00%(objectname)%00%(upstream:track)%00%(upstream:remotename)%00%(upstream:remoteref) refs/heads/main refs/remotes/main [2ms]
[2022-10-22T00:51:33.189Z] > git for-each-ref --sort -committerdate --format %(refname) %(objectname) %(*objectname) [7ms]
[2022-10-22T00:51:33.189Z] > git remote --verbose [1ms]
[2022-10-22T00:51:33.196Z] > git config --get commit.template [0ms]
[2022-10-22T00:52:04.030Z] > git status -z -uall [1ms]
[2022-10-22T00:52:04.036Z] > git symbolic-ref --short HEAD [2ms]
[2022-10-22T00:52:04.043Z] > git for-each-ref --format=%(refname)%00%(upstream:short)%00%(objectname)%00%(upstream:track)%00%(upstream:remotename)%00%(upstream:remoteref) refs/heads/main refs/remotes/main [1ms]
[2022-10-22T00:52:04.056Z] > git for-each-ref --sort -committerdate --format %(refname) %(objectname) %(*objectname) [7ms]
[2022-10-22T00:52:04.056Z] > git remote --verbose [1ms]
[2022-10-22T00:52:04.063Z] > git config --get commit.template [1ms]
[2022-10-22T00:52:41.050Z] > git status -z -uall [2ms]
[2022-10-22T00:52:41.052Z] > git symbolic-ref --short HEAD [0ms]
[2022-10-22T00:52:41.058Z] > git for-each-ref --format=%(refname)%00%(upstream:short)%00%(objectname)%00%(upstream:track)%00%(upstream:remotename)%00%(upstream:remoteref) refs/heads/main refs/remotes/main [2ms]
[2022-10-22T00:52:41.070Z] > git for-each-ref --sort -committerdate --format %(refname) %(objectname) %(*objectname) [7ms]
[2022-10-22T00:52:41.070Z] > git remote --verbose [1ms]
[2022-10-22T00:52:41.079Z] > git config --get commit.template [1ms]
[2022-10-22T00:52:41.388Z] > git show --textconv :drone_ips21.txt [3ms]
[2022-10-22T00:52:41.388Z] > git ls-files --stage -- /home/ivan/droneDemo/drone_ips21.txt [1ms]
[2022-10-22T00:52:41.656Z] > git check-ignore -v -z --stdin [1ms]
[2022-10-22T00:52:42.562Z] > git show --textconv :drone_ips2.txt [3ms]
[2022-10-22T00:52:42.562Z] > git ls-files --stage -- /home/ivan/droneDemo/drone_ips2.txt [0ms]
[2022-10-22T00:52:42.565Z] > git cat-file -s c12cc9dcc16955e53718862fd66377c76f5316e2 [0ms]
[2022-10-22T00:52:46.086Z] > git status -z -uall [1ms]
[2022-10-22T00:52:46.094Z] > git symbolic-ref --short HEAD [3ms]
[2022-10-22T00:52:46.101Z] > git for-each-ref --format=%(refname)%00%(upstream:short)%00%(objectname)%00%(upstream:track)%00%(upstream:remotename)%00%(upstream:remoteref) refs/heads/main refs/remotes/main [1ms]
[2022-10-22T00:52:46.113Z] > git for-each-ref --sort -committerdate --format %(refname) %(objectname) %(*objectname) [6ms]
[2022-10-22T00:52:46.113Z] > git remote --verbose [1ms]
[2022-10-22T00:52:46.120Z] > git config --get commit.template [1ms]
[2022-10-22T00:53:07.417Z] > git show --textconv :drone_ips3.txt [7ms]
[2022-10-22T00:53:07.418Z] > git ls-files --stage -- /home/ivan/droneDemo/drone_ips3.txt [2ms]
[2022-10-22T00:53:07.425Z] > git cat-file -s c12cc9dcc16955e53718862fd66377c76f5316e2 [1ms]
[2022-10-22T00:53:08.227Z] > git status -z -uall [1ms]
[2022-10-22T00:53:08.231Z] > git symbolic-ref --short HEAD [1ms]
[2022-10-22T00:53:08.234Z] > git for-each-ref --format=%(refname)%00%(upstream:short)%00%(objectname)%00%(upstream:track)%00%(upstream:remotename)%00%(upstream:remoteref) refs/heads/main refs/remotes/main [1ms]
[2022-10-22T00:53:08.241Z] > git remote --verbose [1ms]
[2022-10-22T00:53:08.241Z] > git for-each-ref --sort -committerdate --format %(refname) %(objectname) %(*objectname) [4ms]
[2022-10-22T00:53:08.247Z] > git config --get commit.template [1ms]
[2022-10-22T00:53:08.555Z] > git show --textconv :drone_ips21.txt [2ms]
[2022-10-22T00:53:08.556Z] > git ls-files --stage -- /home/ivan/droneDemo/drone_ips21.txt [1ms]
[2022-10-22T00:53:14.777Z] > git show --textconv :drone_ips2.txt [7ms]
[2022-10-22T00:53:14.778Z] > git ls-files --stage -- /home/ivan/droneDemo/drone_ips2.txt [2ms]
[2022-10-22T00:53:14.785Z] > git cat-file -s c12cc9dcc16955e53718862fd66377c76f5316e2 [1ms]
[2022-10-22T00:53:15.571Z] > git status -z -uall [1ms]
[2022-10-22T00:53:15.574Z] > git symbolic-ref --short HEAD [0ms]
[2022-10-22T00:53:15.579Z] > git for-each-ref --format=%(refname)%00%(upstream:short)%00%(objectname)%00%(upstream:track)%00%(upstream:remotename)%00%(upstream:remoteref) refs/heads/main refs/remotes/main [1ms]
[2022-10-22T00:53:15.584Z] > git for-each-ref --sort -committerdate --format %(refname) %(objectname) %(*objectname) [3ms]
[2022-10-22T00:53:15.584Z] > git remote --verbose [1ms]
[2022-10-22T00:53:15.589Z] > git config --get commit.template [0ms]
[2022-10-22T00:53:19.341Z] > git show --textconv :drone_ips3.txt [4ms]
[2022-10-22T00:53:19.341Z] > git ls-files --stage -- /home/ivan/droneDemo/drone_ips3.txt [0ms]
[2022-10-22T00:53:19.345Z] > git cat-file -s c12cc9dcc16955e53718862fd66377c76f5316e2 [0ms]
[2022-10-22T00:53:20.601Z] > git status -z -uall [3ms]
[2022-10-22T00:53:20.604Z] > git symbolic-ref --short HEAD [1ms]
[2022-10-22T00:53:20.610Z] > git for-each-ref --format=%(refname)%00%(upstream:short)%00%(objectname)%00%(upstream:track)%00%(upstream:remotename)%00%(upstream:remoteref) refs/heads/main refs/remotes/main [2ms]
[2022-10-22T00:53:20.622Z] > git for-each-ref --sort -committerdate --format %(refname) %(objectname) %(*objectname) [6ms]
[2022-10-22T00:53:20.623Z] > git remote --verbose [2ms]
[2022-10-22T00:53:20.630Z] > git config --get commit.template [1ms]
[2022-10-22T00:53:21.998Z] > git show --textconv :drone_ips.txt [4ms]
[2022-10-22T00:53:21.998Z] > git ls-files --stage -- /home/ivan/droneDemo/drone_ips.txt [1ms]
[2022-10-22T00:53:22.001Z] > git cat-file -s c12cc9dcc16955e53718862fd66377c76f5316e2 [0ms]
[2022-10-22T00:53:24.357Z] > git show --textconv :swarm_config.py [3ms]
[2022-10-22T00:53:24.357Z] > git ls-files --stage -- /home/ivan/droneDemo/swarm_config.py [0ms]
[2022-10-22T00:53:24.360Z] > git cat-file -s 8ca6483546e0385d5698257ff93b783aa2866acf [1ms]
[2022-10-22T00:53:24.949Z] > git show --textconv :star_fleet.py [3ms]
[2022-10-22T00:53:24.950Z] > git ls-files --stage -- /home/ivan/droneDemo/star_fleet.py [1ms]
[2022-10-22T00:53:24.953Z] > git cat-file -s 2296accd1b342d5f1f07d22862d1d4e78f485480 [0ms]
[2022-10-22T00:53:25.641Z] > git status -z -uall [2ms]
[2022-10-22T00:53:25.646Z] > git symbolic-ref --short HEAD [1ms]
[2022-10-22T00:53:25.654Z] > git for-each-ref --format=%(refname)%00%(upstream:short)%00%(objectname)%00%(upstream:track)%00%(upstream:remotename)%00%(upstream:remoteref) refs/heads/main refs/remotes/main [2ms]
[2022-10-22T00:53:25.666Z] > git for-each-ref --sort -committerdate --format %(refname) %(objectname) %(*objectname) [6ms]
[2022-10-22T00:53:25.667Z] > git remote --verbose [2ms]
[2022-10-22T00:53:25.674Z] > git config --get commit.template [1ms]
[2022-10-22T00:54:02.057Z] > git status -z -uall [3ms]
[2022-10-22T00:54:02.064Z] > git symbolic-ref --short HEAD [2ms]
[2022-10-22T00:54:02.072Z] > git for-each-ref --format=%(refname)%00%(upstream:short)%00%(objectname)%00%(upstream:track)%00%(upstream:remotename)%00%(upstream:remoteref) refs/heads/main refs/remotes/main [2ms]
[2022-10-22T00:54:02.082Z] > git for-each-ref --sort -committerdate --format %(refname) %(objectname) %(*objectname) [5ms]
[2022-10-22T00:54:02.082Z] > git remote --verbose [1ms]
[2022-10-22T00:54:02.089Z] > git config --get commit.template [1ms]
[2022-10-22T00:55:49.891Z] > git status -z -uall [1ms]
[2022-10-22T00:55:49.894Z] > git symbolic-ref --short HEAD [0ms]
[2022-10-22T00:55:49.897Z] > git for-each-ref --format=%(refname)%00%(upstream:short)%00%(objectname)%00%(upstream:track)%00%(upstream:remotename)%00%(upstream:remoteref) refs/heads/main refs/remotes/main [1ms]
[2022-10-22T00:55:49.902Z] > git for-each-ref --sort -committerdate --format %(refname) %(objectname) %(*objectname) [2ms]
[2022-10-22T00:55:49.902Z] > git remote --verbose [0ms]
[2022-10-22T00:55:49.906Z] > git config --get commit.template [0ms]
[2022-10-22T00:58:42.076Z] > git status -z -uall [1ms]
[2022-10-22T00:58:42.080Z] > git symbolic-ref --short HEAD [1ms]
[2022-10-22T00:58:42.083Z] > git for-each-ref --format=%(refname)%00%(upstream:short)%00%(objectname)%00%(upstream:track)%00%(upstream:remotename)%00%(upstream:remoteref) refs/heads/main refs/remotes/main [1ms]
[2022-10-22T00:58:42.090Z] > git remote --verbose [1ms]
[2022-10-22T00:58:42.090Z] > git for-each-ref --sort -committerdate --format %(refname) %(objectname) %(*objectname) [3ms]
[2022-10-22T00:58:42.095Z] > git config --get commit.template [2ms]
[2022-10-22T00:59:06.354Z] > git status -z -uall [1ms]
[2022-10-22T00:59:06.358Z] > git symbolic-ref --short HEAD [1ms]
[2022-10-22T00:59:06.362Z] > git for-each-ref --format=%(refname)%00%(upstream:short)%00%(objectname)%00%(upstream:track)%00%(upstream:remotename)%00%(upstream:remoteref) refs/heads/main refs/remotes/main [0ms]
[2022-10-22T00:59:06.369Z] > git for-each-ref --sort -committerdate --format %(refname) %(objectname) %(*objectname) [4ms]
[2022-10-22T00:59:06.369Z] > git remote --verbose [1ms]
[2022-10-22T00:59:06.373Z] > git config --get commit.template [0ms]
[2022-10-22T00:59:22.868Z] > git status -z -uall [1ms]
[2022-10-22T00:59:22.872Z] > git symbolic-ref --short HEAD [1ms]
[2022-10-22T00:59:22.875Z] > git for-each-ref --format=%(refname)%00%(upstream:short)%00%(objectname)%00%(upstream:track)%00%(upstream:remotename)%00%(upstream:remoteref) refs/heads/main refs/remotes/main [1ms]
[2022-10-22T00:59:22.882Z] > git remote --verbose [1ms]
[2022-10-22T00:59:22.882Z] > git for-each-ref --sort -committerdate --format %(refname) %(objectname) %(*objectname) [5ms]
[2022-10-22T00:59:22.886Z] > git config --get commit.template [0ms]
[2022-10-22T01:00:13.130Z] > git status -z -uall [1ms]
[2022-10-22T01:00:13.134Z] > git symbolic-ref --short HEAD [1ms]
[2022-10-22T01:00:13.137Z] > git for-each-ref --format=%(refname)%00%(upstream:short)%00%(objectname)%00%(upstream:track)%00%(upstream:remotename)%00%(upstream:remoteref) refs/heads/main refs/remotes/main [0ms]
[2022-10-22T01:00:13.143Z] > git remote --verbose [0ms]
[2022-10-22T01:00:13.143Z] > git for-each-ref --sort -committerdate --format %(refname) %(objectname) %(*objectname) [4ms]
[2022-10-22T01:00:13.147Z] > git config --get commit.template [1ms]
[2022-10-22T01:00:30.266Z] > git status -z -uall [1ms]
[2022-10-22T01:00:30.269Z] > git symbolic-ref --short HEAD [0ms]
[2022-10-22T01:00:30.273Z] > git for-each-ref --format=%(refname)%00%(upstream:short)%00%(objectname)%00%(upstream:track)%00%(upstream:remotename)%00%(upstream:remoteref) refs/heads/main refs/remotes/main [1ms]
[2022-10-22T01:00:30.278Z] > git remote --verbose [0ms]
[2022-10-22T01:00:30.278Z] > git for-each-ref --sort -committerdate --format %(refname) %(objectname) %(*objectname) [3ms]
[2022-10-22T01:00:30.284Z] > git config --get commit.template [2ms]
[2022-10-22T01:00:37.625Z] > git status -z -uall [0ms]
[2022-10-22T01:00:37.628Z] > git symbolic-ref --short HEAD [0ms]
[2022-10-22T01:00:37.633Z] > git for-each-ref --format=%(refname)%00%(upstream:short)%00%(objectname)%00%(upstream:track)%00%(upstream:remotename)%00%(upstream:remoteref) refs/heads/main refs/remotes/main [1ms]
[2022-10-22T01:00:37.640Z] > git remote --verbose [1ms]
[2022-10-22T01:00:37.640Z] > git for-each-ref --sort -committerdate --format %(refname) %(objectname) %(*objectname) [4ms]
[2022-10-22T01:00:37.644Z] > git config --get commit.template [1ms]
[2022-10-22T01:00:43.836Z] > git status -z -uall [1ms]
[2022-10-22T01:00:43.839Z] > git symbolic-ref --short HEAD [0ms]
[2022-10-22T01:00:43.843Z] > git for-each-ref --format=%(refname)%00%(upstream:short)%00%(objectname)%00%(upstream:track)%00%(upstream:remotename)%00%(upstream:remoteref) refs/heads/main refs/remotes/main [0ms]
[2022-10-22T01:00:43.849Z] > git remote --verbose [0ms]
[2022-10-22T01:00:43.849Z] > git for-each-ref --sort -committerdate --format %(refname) %(objectname) %(*objectname) [3ms]
[2022-10-22T01:00:43.853Z] > git config --get commit.template [0ms]
[2022-10-22T01:02:14.241Z] > git show --textconv :drone_ips2.txt [2ms]
[2022-10-22T01:02:14.242Z] > git ls-files --stage -- /home/ivan/droneDemo/drone_ips2.txt [1ms]
[2022-10-22T01:02:14.245Z] > git cat-file -s c12cc9dcc16955e53718862fd66377c76f5316e2 [1ms]
[2022-10-22T01:02:20.140Z] > git status -z -uall [1ms]
[2022-10-22T01:02:20.144Z] > git symbolic-ref --short HEAD [0ms]
[2022-10-22T01:02:20.149Z] > git for-each-ref --format=%(refname)%00%(upstream:short)%00%(objectname)%00%(upstream:track)%00%(upstream:remotename)%00%(upstream:remoteref) refs/heads/main refs/remotes/main [0ms]
[2022-10-22T01:02:20.156Z] > git remote --verbose [1ms]
[2022-10-22T01:02:20.157Z] > git for-each-ref --sort -committerdate --format %(refname) %(objectname) %(*objectname) [5ms]
[2022-10-22T01:02:20.160Z] > git config --get commit.template [0ms]
[2022-10-22T01:02:21.427Z] > git show --textconv :drone_ips3.txt [8ms]
[2022-10-22T01:02:21.428Z] > git ls-files --stage -- /home/ivan/droneDemo/drone_ips3.txt [2ms]
[2022-10-22T01:02:21.435Z] > git cat-file -s c12cc9dcc16955e53718862fd66377c76f5316e2 [1ms]
[2022-10-22T01:02:25.165Z] > git status -z -uall [1ms]
[2022-10-22T01:02:25.168Z] > git symbolic-ref --short HEAD [0ms]
[2022-10-22T01:02:25.172Z] > git for-each-ref --format=%(refname)%00%(upstream:short)%00%(objectname)%00%(upstream:track)%00%(upstream:remotename)%00%(upstream:remoteref) refs/heads/main refs/remotes/main [1ms]
[2022-10-22T01:02:25.179Z] > git for-each-ref --sort -committerdate --format %(refname) %(objectname) %(*objectname) [3ms]
[2022-10-22T01:02:25.180Z] > git remote --verbose [1ms]
[2022-10-22T01:02:25.184Z] > git config --get commit.template [1ms]
[2022-10-22T01:02:25.736Z] > git show --textconv :drone_ips.txt [4ms]
[2022-10-22T01:02:25.736Z] > git ls-files --stage -- /home/ivan/droneDemo/drone_ips.txt [0ms]
[2022-10-22T01:02:25.740Z] > git cat-file -s c12cc9dcc16955e53718862fd66377c76f5316e2 [1ms]
[2022-10-22T01:03:46.883Z] > git show --textconv :star_fleet.py [3ms]
[2022-10-22T01:03:46.884Z] > git ls-files --stage -- /home/ivan/droneDemo/star_fleet.py [1ms]
[2022-10-22T01:03:46.887Z] > git cat-file -s 2296accd1b342d5f1f07d22862d1d4e78f485480 [1ms]
[2022-10-22T01:04:18.036Z] > git status -z -uall [1ms]
[2022-10-22T01:04:18.040Z] > git symbolic-ref --short HEAD [1ms]
[2022-10-22T01:04:18.044Z] > git for-each-ref --format=%(refname)%00%(upstream:short)%00%(objectname)%00%(upstream:track)%00%(upstream:remotename)%00%(upstream:remoteref) refs/heads/main refs/remotes/main [1ms]
[2022-10-22T01:04:18.050Z] > git for-each-ref --sort -committerdate --format %(refname) %(objectname) %(*objectname) [3ms]
[2022-10-22T01:04:18.051Z] > git remote --verbose [1ms]
[2022-10-22T01:04:18.056Z] > git config --get commit.template [1ms]
[2022-10-22T01:04:48.788Z] > git status -z -uall [0ms]
[2022-10-22T01:04:48.793Z] > git symbolic-ref --short HEAD [0ms]
[2022-10-22T01:04:48.798Z] > git for-each-ref --format=%(refname)%00%(upstream:short)%00%(objectname)%00%(upstream:track)%00%(upstream:remotename)%00%(upstream:remoteref) refs/heads/main refs/remotes/main [1ms]
[2022-10-22T01:04:48.805Z] > git remote --verbose [1ms]
[2022-10-22T01:04:48.805Z] > git for-each-ref --sort -committerdate --format %(refname) %(objectname) %(*objectname) [4ms]
[2022-10-22T01:04:48.811Z] > git config --get commit.template [1ms]
[2022-10-22T01:04:49.120Z] > git show --textconv :drone_ips.txt [3ms]
[2022-10-22T01:04:49.121Z] > git ls-files --stage -- /home/ivan/droneDemo/drone_ips.txt [1ms]
[2022-10-22T01:04:49.123Z] > git cat-file -s c12cc9dcc16955e53718862fd66377c76f5316e2 [0ms]
[2022-10-22T01:04:50.474Z] > git show --textconv :drone_ips2.txt [4ms]
[2022-10-22T01:04:50.474Z] > git ls-files --stage -- /home/ivan/droneDemo/drone_ips2.txt [1ms]
[2022-10-22T01:04:50.479Z] > git cat-file -s c12cc9dcc16955e53718862fd66377c76f5316e2 [1ms]
[2022-10-22T01:04:52.124Z] > git show --textconv :drone_ips3.txt [4ms]
[2022-10-22T01:04:52.124Z] > git ls-files --stage -- /home/ivan/droneDemo/drone_ips3.txt [1ms]
[2022-10-22T01:04:52.128Z] > git cat-file -s c12cc9dcc16955e53718862fd66377c76f5316e2 [1ms]
[2022-10-22T01:04:53.935Z] > git show --textconv :drone_ips2.txt [3ms]
[2022-10-22T01:04:53.935Z] > git ls-files --stage -- /home/ivan/droneDemo/drone_ips2.txt [1ms]
[2022-10-22T01:04:53.939Z] > git cat-file -s c12cc9dcc16955e53718862fd66377c76f5316e2 [1ms]
[2022-10-22T01:04:55.063Z] > git show --textconv :drone_ips.txt [4ms]
[2022-10-22T01:04:55.063Z] > git ls-files --stage -- /home/ivan/droneDemo/drone_ips.txt [1ms]
[2022-10-22T01:04:55.067Z] > git cat-file -s c12cc9dcc16955e53718862fd66377c76f5316e2 [1ms]
[2022-10-22T01:04:58.464Z] > git status -z -uall [0ms]
[2022-10-22T01:04:58.467Z] > git symbolic-ref --short HEAD [0ms]
[2022-10-22T01:04:58.470Z] > git for-each-ref --format=%(refname)%00%(upstream:short)%00%(objectname)%00%(upstream:track)%00%(upstream:remotename)%00%(upstream:remoteref) refs/heads/main refs/remotes/main [1ms]
[2022-10-22T01:04:58.475Z] > git for-each-ref --sort -committerdate --format %(refname) %(objectname) %(*objectname) [3ms]
[2022-10-22T01:04:58.475Z] > git remote --verbose [0ms]
[2022-10-22T01:04:58.478Z] > git config --get commit.template [0ms]
[2022-10-22T01:05:03.092Z] > git show --textconv :swarm_config.py [4ms]
[2022-10-22T01:05:03.093Z] > git ls-files --stage -- /home/ivan/droneDemo/swarm_config.py [1ms]
[2022-10-22T01:05:03.097Z] > git cat-file -s 8ca6483546e0385d5698257ff93b783aa2866acf [2ms]
[2022-10-22T01:05:04.662Z] > git show --textconv :star_fleet.py [4ms]
[2022-10-22T01:05:04.662Z] > git ls-files --stage -- /home/ivan/droneDemo/star_fleet.py [0ms]
[2022-10-22T01:05:04.664Z] > git cat-file -s 2296accd1b342d5f1f07d22862d1d4e78f485480 [0ms]
[2022-10-22T01:05:18.261Z] > git status -z -uall [1ms]
[2022-10-22T01:05:18.264Z] > git symbolic-ref --short HEAD [0ms]
[2022-10-22T01:05:18.268Z] > git for-each-ref --format=%(refname)%00%(upstream:short)%00%(objectname)%00%(upstream:track)%00%(upstream:remotename)%00%(upstream:remoteref) refs/heads/main refs/remotes/main [1ms]
[2022-10-22T01:05:18.274Z] > git for-each-ref --sort -committerdate --format %(refname) %(objectname) %(*objectname) [4ms]
[2022-10-22T01:05:18.274Z] > git remote --verbose [2ms]
[2022-10-22T01:05:18.278Z] > git config --get commit.template [1ms]
[2022-10-22T01:05:47.796Z] > git status -z -uall [1ms]
[2022-10-22T01:05:47.800Z] > git symbolic-ref --short HEAD [1ms]
[2022-10-22T01:05:47.803Z] > git for-each-ref --format=%(refname)%00%(upstream:short)%00%(objectname)%00%(upstream:track)%00%(upstream:remotename)%00%(upstream:remoteref) refs/heads/main refs/remotes/main [0ms]
[2022-10-22T01:05:47.810Z] > git for-each-ref --sort -committerdate --format %(refname) %(objectname) %(*objectname) [4ms]
[2022-10-22T01:05:47.810Z] > git remote --verbose [1ms]
[2022-10-22T01:05:47.815Z] > git config --get commit.template [1ms]
[2022-10-22T01:05:54.219Z] > git status -z -uall [1ms]
[2022-10-22T01:05:54.224Z] > git symbolic-ref --short HEAD [0ms]
[2022-10-22T01:05:54.229Z] > git for-each-ref --format=%(refname)%00%(upstream:short)%00%(objectname)%00%(upstream:track)%00%(upstream:remotename)%00%(upstream:remoteref) refs/heads/main refs/remotes/main [1ms]
[2022-10-22T01:05:54.238Z] > git for-each-ref --sort -committerdate --format %(refname) %(objectname) %(*objectname) [5ms]
[2022-10-22T01:05:54.238Z] > git remote --verbose [1ms]
[2022-10-22T01:05:54.244Z] > git config --get commit.template [1ms]
[2022-10-22T01:06:08.653Z] > git status -z -uall [2ms]
[2022-10-22T01:06:08.661Z] > git symbolic-ref --short HEAD [1ms]
[2022-10-22T01:06:08.669Z] > git for-each-ref --format=%(refname)%00%(upstream:short)%00%(objectname)%00%(upstream:track)%00%(upstream:remotename)%00%(upstream:remoteref) refs/heads/main refs/remotes/main [2ms]
[2022-10-22T01:06:08.681Z] > git for-each-ref --sort -committerdate --format %(refname) %(objectname) %(*objectname) [6ms]
[2022-10-22T01:06:08.681Z] > git remote --verbose [1ms]
[2022-10-22T01:06:08.688Z] > git config --get commit.template [0ms]
[2022-10-22T01:07:03.506Z] > git status -z -uall [0ms]
[2022-10-22T01:07:03.509Z] > git symbolic-ref --short HEAD [0ms]
[2022-10-22T01:07:03.513Z] > git for-each-ref --format=%(refname)%00%(upstream:short)%00%(objectname)%00%(upstream:track)%00%(upstream:remotename)%00%(upstream:remoteref) refs/heads/main refs/remotes/main [1ms]
[2022-10-22T01:07:03.520Z] > git for-each-ref --sort -committerdate --format %(refname) %(objectname) %(*objectname) [4ms]
[2022-10-22T01:07:03.520Z] > git remote --verbose [1ms]
[2022-10-22T01:07:03.523Z] > git config --get commit.template [1ms]
[2022-10-22T01:07:13.907Z] > git status -z -uall [1ms]
[2022-10-22T01:07:13.911Z] > git symbolic-ref --short HEAD [1ms]
[2022-10-22T01:07:13.914Z] > git for-each-ref --format=%(refname)%00%(upstream:short)%00%(objectname)%00%(upstream:track)%00%(upstream:remotename)%00%(upstream:remoteref) refs/heads/main refs/remotes/main [0ms]
[2022-10-22T01:07:13.920Z] > git for-each-ref --sort -committerdate --format %(refname) %(objectname) %(*objectname) [4ms]
[2022-10-22T01:07:13.920Z] > git remote --verbose [1ms]
[2022-10-22T01:07:13.924Z] > git config --get commit.template [1ms]
[2022-10-22T01:07:38.431Z] > git show --textconv :drone_ips.txt [4ms]
[2022-10-22T01:07:38.432Z] > git ls-files --stage -- /home/ivan/droneDemo/drone_ips.txt [1ms]
[2022-10-22T01:07:38.435Z] > git cat-file -s c12cc9dcc16955e53718862fd66377c76f5316e2 [1ms]
[2022-10-22T01:07:46.688Z] > git show --textconv :star_fleet.py [2ms]
[2022-10-22T01:07:46.689Z] > git ls-files --stage -- /home/ivan/droneDemo/star_fleet.py [1ms]
[2022-10-22T01:07:46.692Z] > git cat-file -s 2296accd1b342d5f1f07d22862d1d4e78f485480 [1ms]
[2022-10-22T01:12:57.049Z] > git show --textconv :swarm_config.py [4ms]
[2022-10-22T01:12:57.049Z] > git ls-files --stage -- /home/ivan/droneDemo/swarm_config.py [1ms]
[2022-10-22T01:12:57.053Z] > git cat-file -s 8ca6483546e0385d5698257ff93b783aa2866acf [1ms]
[2022-10-22T01:13:00.642Z] > git show --textconv :star_fleet.py [7ms]
[2022-10-22T01:13:00.643Z] > git ls-files --stage -- /home/ivan/droneDemo/star_fleet.py [2ms]
[2022-10-22T01:13:00.649Z] > git cat-file -s 2296accd1b342d5f1f07d22862d1d4e78f485480 [1ms]
[2022-10-22T01:13:42.544Z] > git status -z -uall [1ms]
[2022-10-22T01:13:42.546Z] > git symbolic-ref --short HEAD [0ms]
[2022-10-22T01:13:42.549Z] > git for-each-ref --format=%(refname)%00%(upstream:short)%00%(objectname)%00%(upstream:track)%00%(upstream:remotename)%00%(upstream:remoteref) refs/heads/main refs/remotes/main [0ms]
[2022-10-22T01:13:42.554Z] > git remote --verbose [1ms]
[2022-10-22T01:13:42.554Z] > git for-each-ref --sort -committerdate --format %(refname) %(objectname) %(*objectname) [3ms]
[2022-10-22T01:13:42.557Z] > git config --get commit.template [0ms]
[2022-10-22T01:14:01.818Z] > git status -z -uall [1ms]
[2022-10-22T01:14:01.821Z] > git symbolic-ref --short HEAD [0ms]
[2022-10-22T01:14:01.824Z] > git for-each-ref --format=%(refname)%00%(upstream:short)%00%(objectname)%00%(upstream:track)%00%(upstream:remotename)%00%(upstream:remoteref) refs/heads/main refs/remotes/main [0ms]
[2022-10-22T01:14:01.831Z] > git remote --verbose [0ms]
[2022-10-22T01:14:01.831Z] > git for-each-ref --sort -committerdate --format %(refname) %(objectname) %(*objectname) [4ms]
[2022-10-22T01:14:01.836Z] > git config --get commit.template [1ms]
[2022-10-22T01:14:02.144Z] > git show --textconv :drone_ips2.txt [2ms]
[2022-10-22T01:14:02.145Z] > git ls-files --stage -- /home/ivan/droneDemo/drone_ips2.txt [1ms]
[2022-10-22T01:14:02.147Z] > git cat-file -s c12cc9dcc16955e53718862fd66377c76f5316e2 [0ms]
[2022-10-22T01:14:02.694Z] > git show --textconv :drone_ips3.txt [4ms]
[2022-10-22T01:14:02.694Z] > git ls-files --stage -- /home/ivan/droneDemo/drone_ips3.txt [1ms]
[2022-10-22T01:14:02.697Z] > git cat-file -s c12cc9dcc16955e53718862fd66377c76f5316e2 [1ms]
[2022-10-22T01:14:03.358Z] > git show --textconv :drone_ips.txt [7ms]
[2022-10-22T01:14:03.358Z] > git ls-files --stage -- /home/ivan/droneDemo/drone_ips.txt [1ms]
[2022-10-22T01:14:03.365Z] > git cat-file -s c12cc9dcc16955e53718862fd66377c76f5316e2 [1ms]
[2022-10-22T01:14:05.077Z] > git show --textconv :star_fleet.py [5ms]
[2022-10-22T01:14:05.078Z] > git ls-files --stage -- /home/ivan/droneDemo/star_fleet.py [1ms]
[2022-10-22T01:14:05.081Z] > git cat-file -s 2296accd1b342d5f1f07d22862d1d4e78f485480 [1ms]
[2022-10-22T01:14:15.885Z] > git show --textconv :drone_ips.txt [7ms]
[2022-10-22T01:14:15.886Z] > git ls-files --stage -- /home/ivan/droneDemo/drone_ips.txt [2ms]
[2022-10-22T01:14:15.893Z] > git cat-file -s c12cc9dcc16955e53718862fd66377c76f5316e2 [2ms]
[2022-10-22T01:16:25.299Z] > git show --textconv :drone_ips2.txt [4ms]
[2022-10-22T01:16:25.300Z] > git ls-files --stage -- /home/ivan/droneDemo/drone_ips2.txt [1ms]
[2022-10-22T01:16:25.303Z] > git cat-file -s c12cc9dcc16955e53718862fd66377c76f5316e2 [1ms]
[2022-10-22T01:16:28.592Z] > git show --textconv :drone_ips.txt [4ms]
[2022-10-22T01:16:28.592Z] > git ls-files --stage -- /home/ivan/droneDemo/drone_ips.txt [0ms]
[2022-10-22T01:16:28.595Z] > git cat-file -s c12cc9dcc16955e53718862fd66377c76f5316e2 [1ms]
[2022-10-22T01:16:31.628Z] > git show --textconv :drone_ips3.txt [4ms]
[2022-10-22T01:16:31.629Z] > git ls-files --stage -- /home/ivan/droneDemo/drone_ips3.txt [1ms]
[2022-10-22T01:16:31.632Z] > git cat-file -s c12cc9dcc16955e53718862fd66377c76f5316e2 [1ms]
[2022-10-22T01:16:34.336Z] > git show --textconv :drone_ips.txt [4ms]
[2022-10-22T01:16:34.336Z] > git ls-files --stage -- /home/ivan/droneDemo/drone_ips.txt [0ms]
[2022-10-22T01:16:34.340Z] > git cat-file -s c12cc9dcc16955e53718862fd66377c76f5316e2 [0ms]
[2022-10-22T01:17:18.734Z] > git show --textconv :drone_ips2.txt [3ms]
[2022-10-22T01:17:18.735Z] > git ls-files --stage -- /home/ivan/droneDemo/drone_ips2.txt [1ms]
[2022-10-22T01:17:18.738Z] > git cat-file -s c12cc9dcc16955e53718862fd66377c76f5316e2 [1ms]
[2022-10-22T01:17:19.908Z] > git show --textconv :drone_ips.txt [4ms]
[2022-10-22T01:17:19.908Z] > git ls-files --stage -- /home/ivan/droneDemo/drone_ips.txt [0ms]
[2022-10-22T01:17:19.912Z] > git cat-file -s c12cc9dcc16955e53718862fd66377c76f5316e2 [2ms]
[2022-10-22T01:17:22.960Z] > git show --textconv :drone_ips2.txt [6ms]
[2022-10-22T01:17:22.961Z] > git ls-files --stage -- /home/ivan/droneDemo/drone_ips2.txt [1ms]
[2022-10-22T01:17:22.968Z] > git cat-file -s c12cc9dcc16955e53718862fd66377c76f5316e2 [1ms]
[2022-10-22T01:17:40.141Z] > git show --textconv :drone_ips.txt [4ms]
[2022-10-22T01:17:40.142Z] > git ls-files --stage -- /home/ivan/droneDemo/drone_ips.txt [1ms]
[2022-10-22T01:17:40.147Z] > git cat-file -s c12cc9dcc16955e53718862fd66377c76f5316e2 [1ms]
[2022-10-22T01:17:42.680Z] > git show --textconv :star_fleet.py [6ms]
[2022-10-22T01:17:42.681Z] > git ls-files --stage -- /home/ivan/droneDemo/star_fleet.py [1ms]
[2022-10-22T01:17:42.688Z] > git cat-file -s 2296accd1b342d5f1f07d22862d1d4e78f485480 [1ms]
[2022-10-22T01:20:13.425Z] > git status -z -uall [1ms]
[2022-10-22T01:20:13.428Z] > git symbolic-ref --short HEAD [1ms]
[2022-10-22T01:20:13.432Z] > git for-each-ref --format=%(refname)%00%(upstream:short)%00%(objectname)%00%(upstream:track)%00%(upstream:remotename)%00%(upstream:remoteref) refs/heads/main refs/remotes/main [1ms]
[2022-10-22T01:20:13.438Z] > git for-each-ref --sort -committerdate --format %(refname) %(objectname) %(*objectname) [4ms]
[2022-10-22T01:20:13.439Z] > git remote --verbose [1ms]
[2022-10-22T01:20:13.444Z] > git config --get commit.template [1ms]
[2022-10-22T01:22:44.471Z] > git show --textconv :drone_ips.txt [6ms]
[2022-10-22T01:22:44.472Z] > git ls-files --stage -- /home/ivan/droneDemo/drone_ips.txt [1ms]
[2022-10-22T01:22:44.479Z] > git cat-file -s c12cc9dcc16955e53718862fd66377c76f5316e2 [2ms]
[2022-10-22T01:22:46.298Z] > git show --textconv :drone_ips2.txt [2ms]
[2022-10-22T01:22:46.299Z] > git ls-files --stage -- /home/ivan/droneDemo/drone_ips2.txt [1ms]
[2022-10-22T01:22:46.301Z] > git cat-file -s c12cc9dcc16955e53718862fd66377c76f5316e2 [0ms]
[2022-10-22T01:22:47.254Z] > git show --textconv :drone_ips.txt [3ms]
[2022-10-22T01:22:47.254Z] > git ls-files --stage -- /home/ivan/droneDemo/drone_ips.txt [1ms]
[2022-10-22T01:22:47.257Z] > git cat-file -s c12cc9dcc16955e53718862fd66377c76f5316e2 [1ms]
[2022-10-22T01:22:48.195Z] > git show --textconv :drone_ips3.txt [3ms]
[2022-10-22T01:22:48.195Z] > git ls-files --stage -- /home/ivan/droneDemo/drone_ips3.txt [0ms]
[2022-10-22T01:22:48.198Z] > git cat-file -s c12cc9dcc16955e53718862fd66377c76f5316e2 [1ms]
[2022-10-22T01:22:48.860Z] > git show --textconv :star_fleet.py [2ms]
[2022-10-22T01:22:48.860Z] > git ls-files --stage -- /home/ivan/droneDemo/star_fleet.py [0ms]
[2022-10-22T01:22:48.863Z] > git cat-file -s 2296accd1b342d5f1f07d22862d1d4e78f485480 [1ms]
[2022-10-22T01:24:00.582Z] > git show --textconv :drone_ips.txt [4ms]
[2022-10-22T01:24:00.582Z] > git ls-files --stage -- /home/ivan/droneDemo/drone_ips.txt [0ms]
[2022-10-22T01:24:00.586Z] > git cat-file -s c12cc9dcc16955e53718862fd66377c76f5316e2 [1ms]
[2022-10-22T01:25:22.798Z] > git show --textconv :drone_interactive.py [5ms]
[2022-10-22T01:25:22.798Z] > git ls-files --stage -- /home/ivan/droneDemo/drone_interactive.py [1ms]
[2022-10-22T01:25:22.803Z] > git cat-file -s 522427fa2e8857a1867c59ca96caf753e7da99df [2ms]
[2022-10-22T01:25:24.807Z] > git show --textconv :drone_ips.txt [7ms]
[2022-10-22T01:25:24.807Z] > git ls-files --stage -- /home/ivan/droneDemo/drone_ips.txt [2ms]
[2022-10-22T01:25:24.814Z] > git cat-file -s c12cc9dcc16955e53718862fd66377c76f5316e2 [2ms]
[2022-10-22T01:25:25.538Z] > git show --textconv :star_fleet.py [5ms]
[2022-10-22T01:25:25.539Z] > git ls-files --stage -- /home/ivan/droneDemo/star_fleet.py [1ms]
[2022-10-22T01:25:25.546Z] > git cat-file -s 2296accd1b342d5f1f07d22862d1d4e78f485480 [1ms]
[2022-10-22T01:26:40.226Z] > git status -z -uall [1ms]
[2022-10-22T01:26:40.229Z] > git symbolic-ref --short HEAD [0ms]
[2022-10-22T01:26:40.233Z] > git for-each-ref --format=%(refname)%00%(upstream:short)%00%(objectname)%00%(upstream:track)%00%(upstream:remotename)%00%(upstream:remoteref) refs/heads/main refs/remotes/main [1ms]
[2022-10-22T01:26:40.239Z] > git remote --verbose [1ms]
[2022-10-22T01:26:40.239Z] > git for-each-ref --sort -committerdate --format %(refname) %(objectname) %(*objectname) [4ms]
[2022-10-22T01:26:40.243Z] > git config --get commit.template [1ms]
[2022-10-22T01:26:47.616Z] > git status -z -uall [1ms]
[2022-10-22T01:26:47.620Z] > git symbolic-ref --short HEAD [1ms]
[2022-10-22T01:26:47.624Z] > git for-each-ref --format=%(refname)%00%(upstream:short)%00%(objectname)%00%(upstream:track)%00%(upstream:remotename)%00%(upstream:remoteref) refs/heads/main refs/remotes/main [2ms]
[2022-10-22T01:26:47.630Z] > git for-each-ref --sort -committerdate --format %(refname) %(objectname) %(*objectname) [4ms]
[2022-10-22T01:26:47.630Z] > git remote --verbose [0ms]
[2022-10-22T01:26:47.635Z] > git config --get commit.template [1ms]
[2022-10-22T01:27:09.527Z] > git status -z -uall [1ms]
[2022-10-22T01:27:09.530Z] > git symbolic-ref --short HEAD [0ms]
[2022-10-22T01:27:09.533Z] > git for-each-ref --format=%(refname)%00%(upstream:short)%00%(objectname)%00%(upstream:track)%00%(upstream:remotename)%00%(upstream:remoteref) refs/heads/main refs/remotes/main [1ms]
[2022-10-22T01:27:09.541Z] > git remote --verbose [1ms]
[2022-10-22T01:27:09.541Z] > git for-each-ref --sort -committerdate --format %(refname) %(objectname) %(*objectname) [5ms]
[2022-10-22T01:27:09.547Z] > git config --get commit.template [1ms]
[2022-10-22T01:27:55.288Z] > git status -z -uall [1ms]
[2022-10-22T01:27:55.292Z] > git symbolic-ref --short HEAD [1ms]
[2022-10-22T01:27:55.295Z] > git for-each-ref --format=%(refname)%00%(upstream:short)%00%(objectname)%00%(upstream:track)%00%(upstream:remotename)%00%(upstream:remoteref) refs/heads/main refs/remotes/main [1ms]
[2022-10-22T01:27:55.303Z] > git remote --verbose [2ms]
[2022-10-22T01:27:55.303Z] > git for-each-ref --sort -committerdate --format %(refname) %(objectname) %(*objectname) [5ms]
[2022-10-22T01:27:55.307Z] > git config --get commit.template [0ms]
[2022-10-22T01:28:00.428Z] > git status -z -uall [1ms]
[2022-10-22T01:28:00.431Z] > git symbolic-ref --short HEAD [1ms]
[2022-10-22T01:28:00.435Z] > git for-each-ref --format=%(refname)%00%(upstream:short)%00%(objectname)%00%(upstream:track)%00%(upstream:remotename)%00%(upstream:remoteref) refs/heads/main refs/remotes/main [1ms]
[2022-10-22T01:28:00.441Z] > git for-each-ref --sort -committerdate --format %(refname) %(objectname) %(*objectname) [4ms]
[2022-10-22T01:28:00.441Z] > git remote --verbose [1ms]
[2022-10-22T01:28:00.445Z] > git config --get commit.template [0ms]
[2022-10-22T01:28:05.456Z] > git status -z -uall [3ms]
[2022-10-22T01:28:05.464Z] > git symbolic-ref --short HEAD [2ms]
[2022-10-22T01:28:05.471Z] > git for-each-ref --format=%(refname)%00%(upstream:short)%00%(objectname)%00%(upstream:track)%00%(upstream:remotename)%00%(upstream:remoteref) refs/heads/main refs/remotes/main [2ms]
[2022-10-22T01:28:05.483Z] > git for-each-ref --sort -committerdate --format %(refname) %(objectname) %(*objectname) [6ms]
[2022-10-22T01:28:05.484Z] > git remote --verbose [2ms]
[2022-10-22T01:28:05.491Z] > git config --get commit.template [1ms]
[2022-10-22T01:29:22.085Z] > git status -z -uall [3ms]
[2022-10-22T01:29:22.093Z] > git symbolic-ref --short HEAD [2ms]
[2022-10-22T01:29:22.100Z] > git for-each-ref --format=%(refname)%00%(upstream:short)%00%(objectname)%00%(upstream:track)%00%(upstream:remotename)%00%(upstream:remoteref) refs/heads/main refs/remotes/main [2ms]
[2022-10-22T01:29:22.111Z] > git for-each-ref --sort -committerdate --format %(refname) %(objectname) %(*objectname) [6ms]
[2022-10-22T01:29:22.112Z] > git remote --verbose [2ms]
[2022-10-22T01:29:22.118Z] > git config --get commit.template [0ms]
[2022-10-22T01:30:03.632Z] > git status -z -uall [1ms]
[2022-10-22T01:30:03.635Z] > git symbolic-ref --short HEAD [0ms]
[2022-10-22T01:30:03.637Z] > git for-each-ref --format=%(refname)%00%(upstream:short)%00%(objectname)%00%(upstream:track)%00%(upstream:remotename)%00%(upstream:remoteref) refs/heads/main refs/remotes/main [0ms]
[2022-10-22T01:30:03.643Z] > git for-each-ref --sort -committerdate --format %(refname) %(objectname) %(*objectname) [3ms]
[2022-10-22T01:30:03.644Z] > git remote --verbose [0ms]
[2022-10-22T01:30:03.647Z] > git config --get commit.template [1ms]
[2022-10-22T01:30:10.576Z] > git status -z -uall [1ms]
[2022-10-22T01:30:10.579Z] > git symbolic-ref --short HEAD [0ms]
[2022-10-22T01:30:10.582Z] > git for-each-ref --format=%(refname)%00%(upstream:short)%00%(objectname)%00%(upstream:track)%00%(upstream:remotename)%00%(upstream:remoteref) refs/heads/main refs/remotes/main [1ms]
[2022-10-22T01:30:10.587Z] > git for-each-ref --sort -committerdate --format %(refname) %(objectname) %(*objectname) [3ms]
[2022-10-22T01:30:10.587Z] > git remote --verbose [1ms]
[2022-10-22T01:30:10.591Z] > git config --get commit.template [0ms]
[2022-10-22T01:30:16.289Z] > git status -z -uall [1ms]
[2022-10-22T01:30:16.291Z] > git symbolic-ref --short HEAD [0ms]
[2022-10-22T01:30:16.295Z] > git for-each-ref --format=%(refname)%00%(upstream:short)%00%(objectname)%00%(upstream:track)%00%(upstream:remotename)%00%(upstream:remoteref) refs/heads/main refs/remotes/main [1ms]
[2022-10-22T01:30:16.299Z] > git for-each-ref --sort -committerdate --format %(refname) %(objectname) %(*objectname) [2ms]
[2022-10-22T01:30:16.300Z] > git remote --verbose [1ms]
[2022-10-22T01:30:16.303Z] > git config --get commit.template [0ms]
[2022-10-22T01:30:23.631Z] > git status -z -uall [0ms]
[2022-10-22T01:30:23.636Z] > git symbolic-ref --short HEAD [1ms]
[2022-10-22T01:30:23.639Z] > git for-each-ref --format=%(refname)%00%(upstream:short)%00%(objectname)%00%(upstream:track)%00%(upstream:remotename)%00%(upstream:remoteref) refs/heads/main refs/remotes/main [1ms]
[2022-10-22T01:30:23.646Z] > git for-each-ref --sort -committerdate --format %(refname) %(objectname) %(*objectname) [3ms]
[2022-10-22T01:30:23.647Z] > git remote --verbose [1ms]
[2022-10-22T01:30:23.651Z] > git config --get commit.template [1ms]
[2022-10-22T01:30:58.413Z] > git status -z -uall [2ms]
[2022-10-22T01:30:58.420Z] > git symbolic-ref --short HEAD [1ms]
[2022-10-22T01:30:58.427Z] > git for-each-ref --format=%(refname)%00%(upstream:short)%00%(objectname)%00%(upstream:track)%00%(upstream:remotename)%00%(upstream:remoteref) refs/heads/main refs/remotes/main [1ms]
[2022-10-22T01:30:58.439Z] > git for-each-ref --sort -committerdate --format %(refname) %(objectname) %(*objectname) [6ms]
[2022-10-22T01:30:58.439Z] > git remote --verbose [1ms]
[2022-10-22T01:30:58.447Z] > git config --get commit.template [1ms]
[2022-10-22T01:32:27.192Z] > git status -z -uall [0ms]
[2022-10-22T01:32:27.196Z] > git symbolic-ref --short HEAD [1ms]
[2022-10-22T01:32:27.200Z] > git for-each-ref --format=%(refname)%00%(upstream:short)%00%(objectname)%00%(upstream:track)%00%(upstream:remotename)%00%(upstream:remoteref) refs/heads/main refs/remotes/main [1ms]
[2022-10-22T01:32:27.207Z] > git for-each-ref --sort -committerdate --format %(refname) %(objectname) %(*objectname) [4ms]
[2022-10-22T01:32:27.207Z] > git remote --verbose [1ms]
[2022-10-22T01:32:27.210Z] > git config --get commit.template [0ms]
[2022-10-22T01:32:33.432Z] > git status -z -uall [1ms]
[2022-10-22T01:32:33.435Z] > git symbolic-ref --short HEAD [1ms]
[2022-10-22T01:32:33.438Z] > git for-each-ref --format=%(refname)%00%(upstream:short)%00%(objectname)%00%(upstream:track)%00%(upstream:remotename)%00%(upstream:remoteref) refs/heads/main refs/remotes/main [1ms]
[2022-10-22T01:32:33.445Z] > git remote --verbose [0ms]
[2022-10-22T01:32:33.446Z] > git for-each-ref --sort -committerdate --format %(refname) %(objectname) %(*objectname) [4ms]
[2022-10-22T01:32:33.450Z] > git config --get commit.template [1ms]
[2022-10-22T01:33:19.065Z] > git status -z -uall [0ms]
[2022-10-22T01:33:19.069Z] > git symbolic-ref --short HEAD [1ms]
[2022-10-22T01:33:19.072Z] > git for-each-ref --format=%(refname)%00%(upstream:short)%00%(objectname)%00%(upstream:track)%00%(upstream:remotename)%00%(upstream:remoteref) refs/heads/main refs/remotes/main [1ms]
[2022-10-22T01:33:19.079Z] > git for-each-ref --sort -committerdate --format %(refname) %(objectname) %(*objectname) [3ms]
[2022-10-22T01:33:19.080Z] > git remote --verbose [1ms]
[2022-10-22T01:33:19.084Z] > git config --get commit.template [0ms]
[2022-10-22T01:33:24.091Z] > git status -z -uall [1ms]
[2022-10-22T01:33:24.094Z] > git symbolic-ref --short HEAD [0ms]
[2022-10-22T01:33:24.097Z] > git for-each-ref --format=%(refname)%00%(upstream:short)%00%(objectname)%00%(upstream:track)%00%(upstream:remotename)%00%(upstream:remoteref) refs/heads/main refs/remotes/main [0ms]
[2022-10-22T01:33:24.104Z] > git remote --verbose [1ms]
[2022-10-22T01:33:24.104Z] > git for-each-ref --sort -committerdate --format %(refname) %(objectname) %(*objectname) [4ms]
[2022-10-22T01:33:24.109Z] > git config --get commit.template [1ms]
[2022-10-22T01:34:42.181Z] > git show --textconv :swarm.py [7ms]
[2022-10-22T01:34:42.182Z] > git ls-files --stage -- /home/ivan/droneDemo/swarm.py [1ms]
[2022-10-22T01:34:42.468Z] > git check-ignore -v -z --stdin [1ms]
[2022-10-22T01:34:42.983Z] > git status -z -uall [1ms]
[2022-10-22T01:34:42.986Z] > git symbolic-ref --short HEAD [1ms]
[2022-10-22T01:34:42.990Z] > git for-each-ref --format=%(refname)%00%(upstream:short)%00%(objectname)%00%(upstream:track)%00%(upstream:remotename)%00%(upstream:remoteref) refs/heads/main refs/remotes/main [1ms]
[2022-10-22T01:34:42.996Z] > git for-each-ref --sort -committerdate --format %(refname) %(objectname) %(*objectname) [3ms]
[2022-10-22T01:34:42.997Z] > git remote --verbose [1ms]
[2022-10-22T01:34:43.000Z] > git config --get commit.template [1ms]
[2022-10-22T01:35:08.188Z] > git status -z -uall [2ms]
[2022-10-22T01:35:08.192Z] > git symbolic-ref --short HEAD [0ms]
[2022-10-22T01:35:08.198Z] > git for-each-ref --format=%(refname)%00%(upstream:short)%00%(objectname)%00%(upstream:track)%00%(upstream:remotename)%00%(upstream:remoteref) refs/heads/main refs/remotes/main [2ms]
[2022-10-22T01:35:08.210Z] > git for-each-ref --sort -committerdate --format %(refname) %(objectname) %(*objectname) [7ms]
[2022-10-22T01:35:08.210Z] > git remote --verbose [2ms]
[2022-10-22T01:35:08.218Z] > git config --get commit.template [1ms]
[2022-10-22T01:35:28.167Z] > git status -z -uall [1ms]
[2022-10-22T01:35:28.170Z] > git symbolic-ref --short HEAD [0ms]
[2022-10-22T01:35:28.173Z] > git for-each-ref --format=%(refname)%00%(upstream:short)%00%(objectname)%00%(upstream:track)%00%(upstream:remotename)%00%(upstream:remoteref) refs/heads/main refs/remotes/main [1ms]
[2022-10-22T01:35:28.179Z] > git remote --verbose [1ms]
[2022-10-22T01:35:28.179Z] > git for-each-ref --sort -committerdate --format %(refname) %(objectname) %(*objectname) [4ms]
[2022-10-22T01:35:28.183Z] > git config --get commit.template [1ms]
[2022-10-22T01:35:47.084Z] > git show --textconv :star_fleet.py [5ms]
[2022-10-22T01:35:47.084Z] > git ls-files --stage -- /home/ivan/droneDemo/star_fleet.py [1ms]
[2022-10-22T01:35:47.095Z] > git cat-file -s 2296accd1b342d5f1f07d22862d1d4e78f485480 [1ms]
